{"/Users/harmanbatish/projects/DharmaSaathi All/DharmaSaathi.com/DharmaSaathi React Project/components/ui/button.tsx": {"path":"/Users/harmanbatish/projects/DharmaSaathi All/DharmaSaathi.com/DharmaSaathi React Project/components/ui/button.tsx","statementMap":{"0":{"start":{"line":1,"column":0},"end":{"line":1,"column":30}},"1":{"start":{"line":2,"column":0},"end":{"line":2,"column":43}},"2":{"start":{"line":3,"column":0},"end":{"line":3,"column":65}},"3":{"start":{"line":5,"column":0},"end":{"line":5,"column":32}},"4":{"start":{"line":7,"column":23},"end":{"line":33,"column":null}},"5":{"start":{"line":56,"column":17},"end":{"line":56,"column":31}},"6":{"start":{"line":42,"column":15},"end":{"line":52,"column":null}},"7":{"start":{"line":43,"column":46},"end":{"line":43,"column":51}},"8":{"start":{"line":43,"column":56},"end":{"line":43,"column":60}},"9":{"start":{"line":44,"column":17},"end":{"line":44,"column":42}},"10":{"start":{"line":45,"column":4},"end":{"line":51,"column":null}},"11":{"start":{"line":56,"column":9},"end":{"line":56,"column":15}},"12":{"start":{"line":54,"column":0},"end":{"line":54,"column":null}}},"fnMap":{"0":{"name":"(anonymous_10)","decl":{"start":{"line":43,"column":2},"end":{"line":43,"column":3}},"loc":{"start":{"line":43,"column":67},"end":{"line":52,"column":3}}}},"branchMap":{"0":{"loc":{"start":{"line":43,"column":31},"end":{"line":43,"column":46}},"type":"default-arg","locations":[{"start":{"line":43,"column":41},"end":{"line":43,"column":46}}]},"1":{"loc":{"start":{"line":44,"column":17},"end":{"line":44,"column":42}},"type":"cond-expr","locations":[{"start":{"line":44,"column":27},"end":{"line":44,"column":31}},{"start":{"line":44,"column":34},"end":{"line":44,"column":42}}]}},"s":{"0":1,"1":1,"2":1,"3":1,"4":1,"5":1,"6":1,"7":1,"8":1,"9":1,"10":1,"11":1,"12":1},"f":{"0":1},"b":{"0":[1],"1":[0,1]}}
,"/Users/harmanbatish/projects/DharmaSaathi All/DharmaSaathi.com/DharmaSaathi React Project/lib/analytics.ts": {"path":"/Users/harmanbatish/projects/DharmaSaathi All/DharmaSaathi.com/DharmaSaathi React Project/lib/analytics.ts","statementMap":{"0":{"start":{"line":16,"column":10},"end":{"line":16,"column":null}},"1":{"start":{"line":19,"column":4},"end":{"line":19,"column":null}},"2":{"start":{"line":24,"column":43},"end":{"line":34,"column":null}},"3":{"start":{"line":37,"column":4},"end":{"line":37,"column":null}},"4":{"start":{"line":40,"column":4},"end":{"line":42,"column":5}},"5":{"start":{"line":41,"column":6},"end":{"line":41,"column":null}},"6":{"start":{"line":45,"column":4},"end":{"line":47,"column":5}},"7":{"start":{"line":46,"column":6},"end":{"line":46,"column":null}},"8":{"start":{"line":50,"column":4},"end":{"line":50,"column":null}},"9":{"start":{"line":55,"column":4},"end":{"line":58,"column":null}},"10":{"start":{"line":63,"column":4},"end":{"line":67,"column":null}},"11":{"start":{"line":72,"column":4},"end":{"line":76,"column":null}},"12":{"start":{"line":81,"column":4},"end":{"line":81,"column":null}},"13":{"start":{"line":81,"column":39},"end":{"line":81,"column":null}},"14":{"start":{"line":83,"column":20},"end":{"line":83,"column":61}},"15":{"start":{"line":84,"column":4},"end":{"line":87,"column":5}},"16":{"start":{"line":85,"column":6},"end":{"line":85,"column":null}},"17":{"start":{"line":86,"column":6},"end":{"line":86,"column":null}},"18":{"start":{"line":88,"column":4},"end":{"line":88,"column":null}},"19":{"start":{"line":93,"column":4},"end":{"line":93,"column":40}},"20":{"start":{"line":93,"column":34},"end":{"line":93,"column":40}},"21":{"start":{"line":95,"column":4},"end":{"line":107,"column":5}},"22":{"start":{"line":96,"column":6},"end":{"line":102,"column":null}},"23":{"start":{"line":104,"column":6},"end":{"line":106,"column":7}},"24":{"start":{"line":105,"column":8},"end":{"line":105,"column":null}},"25":{"start":{"line":112,"column":4},"end":{"line":112,"column":45}},"26":{"start":{"line":112,"column":39},"end":{"line":112,"column":45}},"27":{"start":{"line":114,"column":4},"end":{"line":125,"column":5}},"28":{"start":{"line":115,"column":27},"end":{"line":115,"column":94}},"29":{"start":{"line":116,"column":6},"end":{"line":116,"column":null}},"30":{"start":{"line":119,"column":27},"end":{"line":119,"column":51}},"31":{"start":{"line":120,"column":6},"end":{"line":120,"column":null}},"32":{"start":{"line":122,"column":6},"end":{"line":124,"column":7}},"33":{"start":{"line":123,"column":8},"end":{"line":123,"column":null}},"34":{"start":{"line":130,"column":4},"end":{"line":130,"column":null}},"35":{"start":{"line":130,"column":39},"end":{"line":130,"column":null}},"36":{"start":{"line":132,"column":4},"end":{"line":136,"column":5}},"37":{"start":{"line":133,"column":6},"end":{"line":133,"column":null}},"38":{"start":{"line":135,"column":6},"end":{"line":135,"column":null}},"39":{"start":{"line":141,"column":4},"end":{"line":143,"column":5}},"40":{"start":{"line":142,"column":6},"end":{"line":142,"column":null}},"41":{"start":{"line":144,"column":4},"end":{"line":144,"column":null}},"42":{"start":{"line":149,"column":19},"end":{"line":149,"column":41}},"43":{"start":{"line":150,"column":20},"end":{"line":156,"column":null}},"44":{"start":{"line":158,"column":4},"end":{"line":173,"column":null}},"45":{"start":{"line":160,"column":6},"end":{"line":160,"column":null}},"46":{"start":{"line":163,"column":6},"end":{"line":166,"column":7}},"47":{"start":{"line":164,"column":27},"end":{"line":164,"column":55}},"48":{"start":{"line":165,"column":8},"end":{"line":165,"column":null}},"49":{"start":{"line":169,"column":6},"end":{"line":172,"column":7}},"50":{"start":{"line":170,"column":21},"end":{"line":170,"column":42}},"51":{"start":{"line":171,"column":8},"end":{"line":171,"column":null}},"52":{"start":{"line":175,"column":4},"end":{"line":175,"column":null}},"53":{"start":{"line":180,"column":18},"end":{"line":184,"column":2}},"54":{"start":{"line":186,"column":0},"end":{"line":186,"column":null}}},"fnMap":{"0":{"name":"(anonymous_7)","decl":{"start":{"line":18,"column":2},"end":{"line":18,"column":14}},"loc":{"start":{"line":18,"column":71},"end":{"line":20,"column":3}}},"1":{"name":"(anonymous_8)","decl":{"start":{"line":23,"column":2},"end":{"line":23,"column":7}},"loc":{"start":{"line":23,"column":55},"end":{"line":51,"column":3}}},"2":{"name":"(anonymous_9)","decl":{"start":{"line":54,"column":2},"end":{"line":54,"column":15}},"loc":{"start":{"line":54,"column":62},"end":{"line":59,"column":3}}},"3":{"name":"(anonymous_10)","decl":{"start":{"line":62,"column":2},"end":{"line":62,"column":18}},"loc":{"start":{"line":62,"column":89},"end":{"line":68,"column":3}}},"4":{"name":"(anonymous_11)","decl":{"start":{"line":71,"column":2},"end":{"line":71,"column":22}},"loc":{"start":{"line":71,"column":88},"end":{"line":77,"column":3}}},"5":{"name":"(anonymous_12)","decl":{"start":{"line":80,"column":10},"end":{"line":80,"column":22}},"loc":{"start":{"line":80,"column":22},"end":{"line":89,"column":3}}},"6":{"name":"(anonymous_13)","decl":{"start":{"line":92,"column":16},"end":{"line":92,"column":25}},"loc":{"start":{"line":92,"column":47},"end":{"line":108,"column":null}}},"7":{"name":"(anonymous_15)","decl":{"start":{"line":111,"column":10},"end":{"line":111,"column":27}},"loc":{"start":{"line":111,"column":49},"end":{"line":126,"column":3}}},"8":{"name":"(anonymous_16)","decl":{"start":{"line":129,"column":2},"end":{"line":129,"column":17}},"loc":{"start":{"line":129,"column":17},"end":{"line":137,"column":3}}},"9":{"name":"(anonymous_17)","decl":{"start":{"line":140,"column":2},"end":{"line":140,"column":19}},"loc":{"start":{"line":140,"column":19},"end":{"line":145,"column":3}}},"10":{"name":"(anonymous_18)","decl":{"start":{"line":148,"column":2},"end":{"line":148,"column":21}},"loc":{"start":{"line":148,"column":21},"end":{"line":176,"column":3}}},"11":{"name":"(anonymous_19)","decl":{"start":{"line":158,"column":19},"end":{"line":158,"column":20}},"loc":{"start":{"line":158,"column":29},"end":{"line":173,"column":5}}}},"branchMap":{"0":{"loc":{"start":{"line":18,"column":14},"end":{"line":18,"column":71}},"type":"default-arg","locations":[{"start":{"line":18,"column":40},"end":{"line":18,"column":71}}]},"1":{"loc":{"start":{"line":28,"column":13},"end":{"line":28,"column":70}},"type":"cond-expr","locations":[{"start":{"line":28,"column":45},"end":{"line":28,"column":65}},{"start":{"line":28,"column":68},"end":{"line":28,"column":70}}]},"2":{"loc":{"start":{"line":29,"column":19},"end":{"line":29,"column":82}},"type":"cond-expr","locations":[{"start":{"line":29,"column":51},"end":{"line":29,"column":77}},{"start":{"line":29,"column":80},"end":{"line":29,"column":82}}]},"3":{"loc":{"start":{"line":40,"column":4},"end":{"line":42,"column":5}},"type":"if","locations":[{"start":{"line":40,"column":4},"end":{"line":42,"column":5}}]},"4":{"loc":{"start":{"line":45,"column":4},"end":{"line":47,"column":5}},"type":"if","locations":[{"start":{"line":45,"column":4},"end":{"line":47,"column":5}}]},"5":{"loc":{"start":{"line":45,"column":8},"end":{"line":45,"column":54}},"type":"binary-expr","locations":[{"start":{"line":45,"column":8},"end":{"line":45,"column":27}},{"start":{"line":45,"column":31},"end":{"line":45,"column":54}}]},"6":{"loc":{"start":{"line":81,"column":4},"end":{"line":81,"column":null}},"type":"if","locations":[{"start":{"line":81,"column":4},"end":{"line":81,"column":null}}]},"7":{"loc":{"start":{"line":84,"column":4},"end":{"line":87,"column":5}},"type":"if","locations":[{"start":{"line":84,"column":4},"end":{"line":87,"column":5}}]},"8":{"loc":{"start":{"line":93,"column":4},"end":{"line":93,"column":40}},"type":"if","locations":[{"start":{"line":93,"column":4},"end":{"line":93,"column":40}}]},"9":{"loc":{"start":{"line":104,"column":6},"end":{"line":106,"column":7}},"type":"if","locations":[{"start":{"line":104,"column":6},"end":{"line":106,"column":7}}]},"10":{"loc":{"start":{"line":112,"column":4},"end":{"line":112,"column":45}},"type":"if","locations":[{"start":{"line":112,"column":4},"end":{"line":112,"column":45}}]},"11":{"loc":{"start":{"line":115,"column":38},"end":{"line":115,"column":93}},"type":"binary-expr","locations":[{"start":{"line":115,"column":38},"end":{"line":115,"column":85}},{"start":{"line":115,"column":89},"end":{"line":115,"column":93}}]},"12":{"loc":{"start":{"line":122,"column":6},"end":{"line":124,"column":7}},"type":"if","locations":[{"start":{"line":122,"column":6},"end":{"line":124,"column":7}}]},"13":{"loc":{"start":{"line":130,"column":4},"end":{"line":130,"column":null}},"type":"if","locations":[{"start":{"line":130,"column":4},"end":{"line":130,"column":null}}]},"14":{"loc":{"start":{"line":133,"column":24},"end":{"line":133,"column":79}},"type":"binary-expr","locations":[{"start":{"line":133,"column":24},"end":{"line":133,"column":71}},{"start":{"line":133,"column":75},"end":{"line":133,"column":79}}]},"15":{"loc":{"start":{"line":141,"column":4},"end":{"line":143,"column":5}},"type":"if","locations":[{"start":{"line":141,"column":4},"end":{"line":143,"column":5}}]},"16":{"loc":{"start":{"line":155,"column":20},"end":{"line":155,"column":82}},"type":"cond-expr","locations":[{"start":{"line":155,"column":40},"end":{"line":155,"column":75}},{"start":{"line":155,"column":78},"end":{"line":155,"column":82}}]},"17":{"loc":{"start":{"line":160,"column":41},"end":{"line":160,"column":77}},"type":"binary-expr","locations":[{"start":{"line":160,"column":41},"end":{"line":160,"column":72}},{"start":{"line":160,"column":76},"end":{"line":160,"column":77}}]},"18":{"loc":{"start":{"line":163,"column":6},"end":{"line":166,"column":7}},"type":"if","locations":[{"start":{"line":163,"column":6},"end":{"line":166,"column":7}}]},"19":{"loc":{"start":{"line":163,"column":10},"end":{"line":163,"column":75}},"type":"binary-expr","locations":[{"start":{"line":163,"column":10},"end":{"line":163,"column":40}},{"start":{"line":163,"column":44},"end":{"line":163,"column":73}}]},"20":{"loc":{"start":{"line":163,"column":44},"end":{"line":163,"column":73}},"type":"cond-expr","locations":[{"start":{"line":163,"column":60},"end":{"line":163,"column":62}},{"start":{"line":163,"column":60},"end":{"line":163,"column":73}}]},"21":{"loc":{"start":{"line":163,"column":44},"end":{"line":163,"column":62}},"type":"binary-expr","locations":[{"start":{"line":163,"column":44},"end":{"line":163,"column":62}},{"start":{"line":163,"column":60},"end":{"line":163,"column":62}}]},"22":{"loc":{"start":{"line":165,"column":44},"end":{"line":165,"column":81}},"type":"binary-expr","locations":[{"start":{"line":165,"column":44},"end":{"line":165,"column":76}},{"start":{"line":165,"column":80},"end":{"line":165,"column":81}}]},"23":{"loc":{"start":{"line":169,"column":6},"end":{"line":172,"column":7}},"type":"if","locations":[{"start":{"line":169,"column":6},"end":{"line":172,"column":7}}]},"24":{"loc":{"start":{"line":169,"column":10},"end":{"line":169,"column":65}},"type":"binary-expr","locations":[{"start":{"line":169,"column":10},"end":{"line":169,"column":37}},{"start":{"line":169,"column":41},"end":{"line":169,"column":63}}]},"25":{"loc":{"start":{"line":169,"column":41},"end":{"line":169,"column":63}},"type":"cond-expr","locations":[{"start":{"line":169,"column":57},"end":{"line":169,"column":59}},{"start":{"line":169,"column":57},"end":{"line":169,"column":63}}]},"26":{"loc":{"start":{"line":169,"column":41},"end":{"line":169,"column":59}},"type":"binary-expr","locations":[{"start":{"line":169,"column":41},"end":{"line":169,"column":59}},{"start":{"line":169,"column":57},"end":{"line":169,"column":59}}]},"27":{"loc":{"start":{"line":171,"column":35},"end":{"line":171,"column":63}},"type":"binary-expr","locations":[{"start":{"line":171,"column":35},"end":{"line":171,"column":58}},{"start":{"line":171,"column":62},"end":{"line":171,"column":63}}]}},"s":{"0":0,"1":0,"2":0,"3":0,"4":0,"5":0,"6":0,"7":0,"8":0,"9":0,"10":0,"11":0,"12":0,"13":0,"14":0,"15":0,"16":0,"17":0,"18":0,"19":0,"20":0,"21":0,"22":0,"23":0,"24":0,"25":0,"26":0,"27":0,"28":0,"29":0,"30":0,"31":0,"32":0,"33":0,"34":0,"35":0,"36":0,"37":0,"38":0,"39":0,"40":0,"41":0,"42":0,"43":0,"44":0,"45":0,"46":0,"47":0,"48":0,"49":0,"50":0,"51":0,"52":0,"53":0,"54":0},"f":{"0":0,"1":0,"2":0,"3":0,"4":0,"5":0,"6":0,"7":0,"8":0,"9":0,"10":0,"11":0},"b":{"0":[0],"1":[0,0],"2":[0,0],"3":[0],"4":[0],"5":[0,0],"6":[0],"7":[0],"8":[0],"9":[0],"10":[0],"11":[0,0],"12":[0],"13":[0],"14":[0,0],"15":[0],"16":[0,0],"17":[0,0],"18":[0],"19":[0,0],"20":[0,0],"21":[0,0],"22":[0,0],"23":[0],"24":[0,0],"25":[0,0],"26":[0,0],"27":[0,0]}}
,"/Users/harmanbatish/projects/DharmaSaathi All/DharmaSaathi.com/DharmaSaathi React Project/lib/data-service.ts": {"path":"/Users/harmanbatish/projects/DharmaSaathi All/DharmaSaathi.com/DharmaSaathi React Project/lib/data-service.ts","statementMap":{"0":{"start":{"line":1,"column":0},"end":{"line":1,"column":37}},"1":{"start":{"line":96,"column":4},"end":{"line":96,"column":null}},"2":{"start":{"line":93,"column":11},"end":{"line":93,"column":24}},"3":{"start":{"line":94,"column":11},"end":{"line":94,"column":24}},"4":{"start":{"line":97,"column":4},"end":{"line":97,"column":null}},"5":{"start":{"line":90,"column":0},"end":{"line":90,"column":13}},"6":{"start":{"line":102,"column":28},"end":{"line":122,"column":1}},"7":{"start":{"line":103,"column":2},"end":{"line":103,"column":null}},"8":{"start":{"line":105,"column":2},"end":{"line":107,"column":3}},"9":{"start":{"line":106,"column":4},"end":{"line":106,"column":null}},"10":{"start":{"line":109,"column":2},"end":{"line":111,"column":3}},"11":{"start":{"line":110,"column":4},"end":{"line":110,"column":null}},"12":{"start":{"line":113,"column":2},"end":{"line":115,"column":3}},"13":{"start":{"line":114,"column":4},"end":{"line":114,"column":null}},"14":{"start":{"line":117,"column":2},"end":{"line":121,"column":null}},"15":{"start":{"line":125,"column":13},"end":{"line":250,"column":null}},"16":{"start":{"line":128,"column":4},"end":{"line":128,"column":70}},"17":{"start":{"line":132,"column":23},"end":{"line":132,"column":29}},"18":{"start":{"line":134,"column":4},"end":{"line":141,"column":5}},"19":{"start":{"line":135,"column":51},"end":{"line":135,"column":80}},"20":{"start":{"line":136,"column":6},"end":{"line":139,"column":7}},"21":{"start":{"line":137,"column":8},"end":{"line":137,"column":67}},"22":{"start":{"line":138,"column":8},"end":{"line":138,"column":20}},"23":{"start":{"line":140,"column":6},"end":{"line":140,"column":29}},"24":{"start":{"line":143,"column":28},"end":{"line":147,"column":15}},"25":{"start":{"line":149,"column":4},"end":{"line":156,"column":5}},"26":{"start":{"line":150,"column":6},"end":{"line":150,"column":69}},"27":{"start":{"line":152,"column":6},"end":{"line":154,"column":7}},"28":{"start":{"line":153,"column":8},"end":{"line":153,"column":20}},"29":{"start":{"line":155,"column":6},"end":{"line":155,"column":18}},"30":{"start":{"line":157,"column":4},"end":{"line":157,"column":65}},"31":{"start":{"line":158,"column":4},"end":{"line":158,"column":16}},"32":{"start":{"line":163,"column":4},"end":{"line":181,"column":5}},"33":{"start":{"line":164,"column":33},"end":{"line":164,"column":62}},"34":{"start":{"line":165,"column":6},"end":{"line":165,"column":null}},"35":{"start":{"line":165,"column":17},"end":{"line":165,"column":null}},"36":{"start":{"line":167,"column":30},"end":{"line":175,"column":17}},"37":{"start":{"line":177,"column":6},"end":{"line":177,"column":null}},"38":{"start":{"line":177,"column":17},"end":{"line":177,"column":null}},"39":{"start":{"line":178,"column":6},"end":{"line":178,"column":null}},"40":{"start":{"line":180,"column":6},"end":{"line":180,"column":null}},"41":{"start":{"line":186,"column":4},"end":{"line":207,"column":5}},"42":{"start":{"line":187,"column":33},"end":{"line":187,"column":62}},"43":{"start":{"line":188,"column":6},"end":{"line":188,"column":null}},"44":{"start":{"line":188,"column":17},"end":{"line":188,"column":null}},"45":{"start":{"line":190,"column":30},"end":{"line":201,"column":17}},"46":{"start":{"line":203,"column":6},"end":{"line":203,"column":null}},"47":{"start":{"line":203,"column":17},"end":{"line":203,"column":null}},"48":{"start":{"line":204,"column":6},"end":{"line":204,"column":null}},"49":{"start":{"line":206,"column":6},"end":{"line":206,"column":null}},"50":{"start":{"line":212,"column":4},"end":{"line":248,"column":5}},"51":{"start":{"line":213,"column":30},"end":{"line":223,"column":17}},"52":{"start":{"line":225,"column":6},"end":{"line":228,"column":7}},"53":{"start":{"line":226,"column":8},"end":{"line":226,"column":51}},"54":{"start":{"line":226,"column":39},"end":{"line":226,"column":51}},"55":{"start":{"line":227,"column":8},"end":{"line":227,"column":null}},"56":{"start":{"line":231,"column":6},"end":{"line":238,"column":7}},"57":{"start":{"line":232,"column":27},"end":{"line":235,"column":null}},"58":{"start":{"line":233,"column":59},"end":{"line":235,"column":12}},"59":{"start":{"line":234,"column":12},"end":{"line":234,"column":null}},"60":{"start":{"line":237,"column":8},"end":{"line":237,"column":null}},"61":{"start":{"line":237,"column":52},"end":{"line":237,"column":64}},"62":{"start":{"line":241,"column":6},"end":{"line":243,"column":7}},"63":{"start":{"line":242,"column":8},"end":{"line":242,"column":null}},"64":{"start":{"line":245,"column":6},"end":{"line":245,"column":null}},"65":{"start":{"line":247,"column":6},"end":{"line":247,"column":null}},"66":{"start":{"line":253,"column":13},"end":{"line":338,"column":null}},"67":{"start":{"line":256,"column":4},"end":{"line":256,"column":null}},"68":{"start":{"line":256,"column":20},"end":{"line":256,"column":null}},"69":{"start":{"line":259,"column":4},"end":{"line":262,"column":5}},"70":{"start":{"line":260,"column":6},"end":{"line":260,"column":null}},"71":{"start":{"line":261,"column":6},"end":{"line":261,"column":null}},"72":{"start":{"line":265,"column":4},"end":{"line":268,"column":5}},"73":{"start":{"line":266,"column":6},"end":{"line":266,"column":null}},"74":{"start":{"line":267,"column":6},"end":{"line":267,"column":null}},"75":{"start":{"line":271,"column":4},"end":{"line":274,"column":5}},"76":{"start":{"line":272,"column":6},"end":{"line":272,"column":null}},"77":{"start":{"line":273,"column":6},"end":{"line":273,"column":null}},"78":{"start":{"line":277,"column":4},"end":{"line":279,"column":5}},"79":{"start":{"line":278,"column":6},"end":{"line":278,"column":null}},"80":{"start":{"line":282,"column":4},"end":{"line":294,"column":5}},"81":{"start":{"line":283,"column":24},"end":{"line":283,"column":53}},"82":{"start":{"line":284,"column":6},"end":{"line":284,"column":null}},"83":{"start":{"line":287,"column":24},"end":{"line":287,"column":115}},"84":{"start":{"line":289,"column":6},"end":{"line":289,"column":null}},"85":{"start":{"line":290,"column":6},"end":{"line":290,"column":null}},"86":{"start":{"line":292,"column":6},"end":{"line":292,"column":null}},"87":{"start":{"line":293,"column":6},"end":{"line":293,"column":null}},"88":{"start":{"line":298,"column":20},"end":{"line":318,"column":null}},"89":{"start":{"line":299,"column":4},"end":{"line":317,"column":5}},"90":{"start":{"line":300,"column":33},"end":{"line":300,"column":62}},"91":{"start":{"line":301,"column":6},"end":{"line":301,"column":null}},"92":{"start":{"line":301,"column":17},"end":{"line":301,"column":null}},"93":{"start":{"line":303,"column":22},"end":{"line":303,"column":48}},"94":{"start":{"line":304,"column":23},"end":{"line":304,"column":60}},"95":{"start":{"line":306,"column":30},"end":{"line":311,"column":10}},"96":{"start":{"line":313,"column":6},"end":{"line":313,"column":null}},"97":{"start":{"line":313,"column":17},"end":{"line":313,"column":null}},"98":{"start":{"line":314,"column":6},"end":{"line":314,"column":null}},"99":{"start":{"line":316,"column":6},"end":{"line":316,"column":null}},"100":{"start":{"line":321,"column":21},"end":{"line":324,"column":null}},"101":{"start":{"line":323,"column":4},"end":{"line":323,"column":null}},"102":{"start":{"line":327,"column":20},"end":{"line":337,"column":null}},"103":{"start":{"line":328,"column":4},"end":{"line":336,"column":5}},"104":{"start":{"line":329,"column":24},"end":{"line":331,"column":23}},"105":{"start":{"line":333,"column":6},"end":{"line":333,"column":null}},"106":{"start":{"line":333,"column":17},"end":{"line":333,"column":null}},"107":{"start":{"line":335,"column":6},"end":{"line":335,"column":null}},"108":{"start":{"line":341,"column":13},"end":{"line":465,"column":null}},"109":{"start":{"line":344,"column":4},"end":{"line":399,"column":5}},"110":{"start":{"line":345,"column":33},"end":{"line":345,"column":62}},"111":{"start":{"line":346,"column":6},"end":{"line":346,"column":null}},"112":{"start":{"line":346,"column":17},"end":{"line":346,"column":null}},"113":{"start":{"line":349,"column":38},"end":{"line":354,"column":17}},"114":{"start":{"line":356,"column":6},"end":{"line":358,"column":7}},"115":{"start":{"line":357,"column":8},"end":{"line":357,"column":null}},"116":{"start":{"line":361,"column":20},"end":{"line":361,"column":25}},"117":{"start":{"line":362,"column":6},"end":{"line":384,"column":7}},"118":{"start":{"line":363,"column":42},"end":{"line":369,"column":19}},"119":{"start":{"line":371,"column":8},"end":{"line":383,"column":9}},"120":{"start":{"line":372,"column":10},"end":{"line":372,"column":null}},"121":{"start":{"line":375,"column":27},"end":{"line":375,"column":74}},"122":{"start":{"line":376,"column":27},"end":{"line":376,"column":74}},"123":{"start":{"line":378,"column":10},"end":{"line":382,"column":null}},"124":{"start":{"line":387,"column":24},"end":{"line":392,"column":8}},"125":{"start":{"line":394,"column":6},"end":{"line":394,"column":null}},"126":{"start":{"line":394,"column":17},"end":{"line":394,"column":null}},"127":{"start":{"line":396,"column":6},"end":{"line":396,"column":null}},"128":{"start":{"line":398,"column":6},"end":{"line":398,"column":null}},"129":{"start":{"line":403,"column":27},"end":{"line":464,"column":null}},"130":{"start":{"line":404,"column":4},"end":{"line":463,"column":5}},"131":{"start":{"line":405,"column":33},"end":{"line":405,"column":62}},"132":{"start":{"line":406,"column":6},"end":{"line":406,"column":null}},"133":{"start":{"line":406,"column":17},"end":{"line":406,"column":null}},"134":{"start":{"line":409,"column":39},"end":{"line":412,"column":33}},"135":{"start":{"line":414,"column":24},"end":{"line":414,"column":67}},"136":{"start":{"line":414,"column":49},"end":{"line":414,"column":60}},"137":{"start":{"line":417,"column":18},"end":{"line":427,"column":27}},"138":{"start":{"line":430,"column":6},"end":{"line":432,"column":7}},"139":{"start":{"line":431,"column":8},"end":{"line":431,"column":null}},"140":{"start":{"line":434,"column":30},"end":{"line":434,"column":54}},"141":{"start":{"line":436,"column":6},"end":{"line":436,"column":null}},"142":{"start":{"line":436,"column":17},"end":{"line":436,"column":null}},"143":{"start":{"line":439,"column":37},"end":{"line":457,"column":null}},"144":{"start":{"line":440,"column":43},"end":{"line":457,"column":10}},"145":{"start":{"line":442,"column":10},"end":{"line":449,"column":11}},"146":{"start":{"line":443,"column":31},"end":{"line":446,"column":null}},"147":{"start":{"line":444,"column":66},"end":{"line":446,"column":16}},"148":{"start":{"line":445,"column":16},"end":{"line":445,"column":null}},"149":{"start":{"line":448,"column":12},"end":{"line":448,"column":null}},"150":{"start":{"line":448,"column":59},"end":{"line":448,"column":71}},"151":{"start":{"line":452,"column":10},"end":{"line":454,"column":11}},"152":{"start":{"line":453,"column":12},"end":{"line":453,"column":null}},"153":{"start":{"line":456,"column":10},"end":{"line":456,"column":null}},"154":{"start":{"line":460,"column":6},"end":{"line":460,"column":null}},"155":{"start":{"line":462,"column":6},"end":{"line":462,"column":null}},"156":{"start":{"line":468,"column":13},"end":{"line":513,"column":null}},"157":{"start":{"line":471,"column":4},"end":{"line":485,"column":5}},"158":{"start":{"line":472,"column":33},"end":{"line":472,"column":62}},"159":{"start":{"line":473,"column":6},"end":{"line":473,"column":null}},"160":{"start":{"line":473,"column":17},"end":{"line":473,"column":null}},"161":{"start":{"line":475,"column":30},"end":{"line":479,"column":50}},"162":{"start":{"line":481,"column":6},"end":{"line":481,"column":null}},"163":{"start":{"line":481,"column":17},"end":{"line":481,"column":null}},"164":{"start":{"line":482,"column":6},"end":{"line":482,"column":null}},"165":{"start":{"line":484,"column":6},"end":{"line":484,"column":null}},"166":{"start":{"line":490,"column":4},"end":{"line":511,"column":5}},"167":{"start":{"line":491,"column":33},"end":{"line":491,"column":62}},"168":{"start":{"line":492,"column":6},"end":{"line":492,"column":null}},"169":{"start":{"line":492,"column":17},"end":{"line":492,"column":null}},"170":{"start":{"line":494,"column":49},"end":{"line":499,"column":17}},"171":{"start":{"line":501,"column":6},"end":{"line":501,"column":null}},"172":{"start":{"line":501,"column":32},"end":{"line":501,"column":null}},"173":{"start":{"line":503,"column":26},"end":{"line":503,"column":86}},"174":{"start":{"line":504,"column":24},"end":{"line":504,"column":66}},"175":{"start":{"line":506,"column":6},"end":{"line":506,"column":null}},"176":{"start":{"line":506,"column":22},"end":{"line":506,"column":null}},"177":{"start":{"line":508,"column":6},"end":{"line":508,"column":null}},"178":{"start":{"line":510,"column":6},"end":{"line":510,"column":null}},"179":{"start":{"line":516,"column":13},"end":{"line":609,"column":null}},"180":{"start":{"line":519,"column":4},"end":{"line":557,"column":5}},"181":{"start":{"line":520,"column":33},"end":{"line":520,"column":62}},"182":{"start":{"line":521,"column":6},"end":{"line":521,"column":null}},"183":{"start":{"line":521,"column":17},"end":{"line":521,"column":null}},"184":{"start":{"line":524,"column":30},"end":{"line":529,"column":17}},"185":{"start":{"line":531,"column":6},"end":{"line":533,"column":7}},"186":{"start":{"line":532,"column":8},"end":{"line":532,"column":null}},"187":{"start":{"line":535,"column":30},"end":{"line":544,"column":17}},"188":{"start":{"line":546,"column":6},"end":{"line":546,"column":null}},"189":{"start":{"line":546,"column":17},"end":{"line":546,"column":null}},"190":{"start":{"line":549,"column":6},"end":{"line":552,"column":null}},"191":{"start":{"line":554,"column":6},"end":{"line":554,"column":null}},"192":{"start":{"line":556,"column":6},"end":{"line":556,"column":null}},"193":{"start":{"line":562,"column":4},"end":{"line":588,"column":5}},"194":{"start":{"line":563,"column":33},"end":{"line":563,"column":62}},"195":{"start":{"line":564,"column":6},"end":{"line":564,"column":null}},"196":{"start":{"line":564,"column":17},"end":{"line":564,"column":null}},"197":{"start":{"line":567,"column":30},"end":{"line":572,"column":17}},"198":{"start":{"line":574,"column":6},"end":{"line":576,"column":7}},"199":{"start":{"line":575,"column":8},"end":{"line":575,"column":null}},"200":{"start":{"line":578,"column":30},"end":{"line":582,"column":49}},"201":{"start":{"line":584,"column":6},"end":{"line":584,"column":null}},"202":{"start":{"line":584,"column":17},"end":{"line":584,"column":null}},"203":{"start":{"line":585,"column":6},"end":{"line":585,"column":null}},"204":{"start":{"line":587,"column":6},"end":{"line":587,"column":null}},"205":{"start":{"line":593,"column":4},"end":{"line":607,"column":5}},"206":{"start":{"line":594,"column":33},"end":{"line":594,"column":62}},"207":{"start":{"line":595,"column":6},"end":{"line":595,"column":null}},"208":{"start":{"line":595,"column":17},"end":{"line":595,"column":null}},"209":{"start":{"line":597,"column":24},"end":{"line":602,"column":28}},"210":{"start":{"line":604,"column":6},"end":{"line":604,"column":null}},"211":{"start":{"line":604,"column":17},"end":{"line":604,"column":null}},"212":{"start":{"line":606,"column":6},"end":{"line":606,"column":null}},"213":{"start":{"line":612,"column":13},"end":{"line":666,"column":null}},"214":{"start":{"line":615,"column":4},"end":{"line":633,"column":5}},"215":{"start":{"line":616,"column":33},"end":{"line":616,"column":62}},"216":{"start":{"line":617,"column":6},"end":{"line":617,"column":null}},"217":{"start":{"line":617,"column":17},"end":{"line":617,"column":null}},"218":{"start":{"line":619,"column":22},"end":{"line":619,"column":66}},"219":{"start":{"line":620,"column":6},"end":{"line":620,"column":null}},"220":{"start":{"line":620,"column":20},"end":{"line":620,"column":null}},"221":{"start":{"line":622,"column":6},"end":{"line":627,"column":7}},"222":{"start":{"line":623,"column":8},"end":{"line":625,"column":9}},"223":{"start":{"line":624,"column":10},"end":{"line":624,"column":null}},"224":{"start":{"line":626,"column":8},"end":{"line":626,"column":null}},"225":{"start":{"line":629,"column":6},"end":{"line":629,"column":null}},"226":{"start":{"line":631,"column":6},"end":{"line":631,"column":null}},"227":{"start":{"line":632,"column":6},"end":{"line":632,"column":null}},"228":{"start":{"line":642,"column":4},"end":{"line":664,"column":5}},"229":{"start":{"line":643,"column":33},"end":{"line":643,"column":62}},"230":{"start":{"line":644,"column":6},"end":{"line":644,"column":null}},"231":{"start":{"line":644,"column":17},"end":{"line":644,"column":null}},"232":{"start":{"line":646,"column":20},"end":{"line":646,"column":58}},"233":{"start":{"line":648,"column":30},"end":{"line":653,"column":17}},"234":{"start":{"line":655,"column":6},"end":{"line":655,"column":null}},"235":{"start":{"line":655,"column":46},"end":{"line":655,"column":null}},"236":{"start":{"line":657,"column":6},"end":{"line":661,"column":null}},"237":{"start":{"line":663,"column":6},"end":{"line":663,"column":null}},"238":{"start":{"line":669,"column":13},"end":{"line":683,"column":null}},"239":{"start":{"line":672,"column":4},"end":{"line":681,"column":5}},"240":{"start":{"line":673,"column":33},"end":{"line":673,"column":62}},"241":{"start":{"line":674,"column":6},"end":{"line":674,"column":23}},"242":{"start":{"line":674,"column":17},"end":{"line":674,"column":23}},"243":{"start":{"line":678,"column":6},"end":{"line":678,"column":null}},"244":{"start":{"line":680,"column":6},"end":{"line":680,"column":null}}},"fnMap":{"0":{"name":"(anonymous_7)","decl":{"start":{"line":91,"column":2},"end":{"line":91,"column":null}},"loc":{"start":{"line":94,"column":24},"end":{"line":98,"column":3}}},"1":{"name":"(anonymous_8)","decl":{"start":{"line":102,"column":28},"end":{"line":102,"column":29}},"loc":{"start":{"line":102,"column":69},"end":{"line":122,"column":1}}},"2":{"name":"(anonymous_9)","decl":{"start":{"line":127,"column":8},"end":{"line":127,"column":25}},"loc":{"start":{"line":127,"column":41},"end":{"line":159,"column":null}}},"3":{"name":"(anonymous_11)","decl":{"start":{"line":162,"column":8},"end":{"line":162,"column":21}},"loc":{"start":{"line":162,"column":51},"end":{"line":182,"column":null}}},"4":{"name":"(anonymous_13)","decl":{"start":{"line":185,"column":8},"end":{"line":185,"column":21}},"loc":{"start":{"line":185,"column":55},"end":{"line":208,"column":null}}},"5":{"name":"(anonymous_15)","decl":{"start":{"line":211,"column":8},"end":{"line":211,"column":19}},"loc":{"start":{"line":211,"column":34},"end":{"line":249,"column":null}}},"6":{"name":"(anonymous_17)","decl":{"start":{"line":233,"column":31},"end":{"line":233,"column":38}},"loc":{"start":{"line":233,"column":59},"end":{"line":235,"column":12}}},"7":{"name":"(anonymous_18)","decl":{"start":{"line":233,"column":59},"end":{"line":233,"column":null}},"loc":{"start":{"line":233,"column":59},"end":{"line":235,"column":11}}},"8":{"name":"(anonymous_19)","decl":{"start":{"line":237,"column":45},"end":{"line":237,"column":48}},"loc":{"start":{"line":237,"column":52},"end":{"line":237,"column":64}}},"9":{"name":"(anonymous_20)","decl":{"start":{"line":255,"column":8},"end":{"line":255,"column":23}},"loc":{"start":{"line":255,"column":41},"end":{"line":295,"column":null}}},"10":{"name":"(anonymous_22)","decl":{"start":{"line":298,"column":8},"end":{"line":298,"column":19}},"loc":{"start":{"line":298,"column":19},"end":{"line":318,"column":null}}},"11":{"name":"(anonymous_23)","decl":{"start":{"line":298,"column":20},"end":{"line":298,"column":30}},"loc":{"start":{"line":298,"column":62},"end":{"line":318,"column":3}}},"12":{"name":"(anonymous_24)","decl":{"start":{"line":321,"column":8},"end":{"line":321,"column":20}},"loc":{"start":{"line":321,"column":20},"end":{"line":324,"column":null}}},"13":{"name":"(anonymous_25)","decl":{"start":{"line":321,"column":21},"end":{"line":321,"column":38}},"loc":{"start":{"line":321,"column":70},"end":{"line":324,"column":3}}},"14":{"name":"(anonymous_26)","decl":{"start":{"line":327,"column":8},"end":{"line":327,"column":19}},"loc":{"start":{"line":327,"column":19},"end":{"line":337,"column":null}}},"15":{"name":"(anonymous_27)","decl":{"start":{"line":327,"column":20},"end":{"line":327,"column":32}},"loc":{"start":{"line":327,"column":64},"end":{"line":337,"column":3}}},"16":{"name":"(anonymous_28)","decl":{"start":{"line":343,"column":8},"end":{"line":343,"column":19}},"loc":{"start":{"line":343,"column":82},"end":{"line":400,"column":null}}},"17":{"name":"(anonymous_30)","decl":{"start":{"line":403,"column":8},"end":{"line":403,"column":26}},"loc":{"start":{"line":403,"column":26},"end":{"line":464,"column":null}}},"18":{"name":"(anonymous_31)","decl":{"start":{"line":403,"column":27},"end":{"line":403,"column":43}},"loc":{"start":{"line":403,"column":45},"end":{"line":464,"column":3}}},"19":{"name":"(anonymous_32)","decl":{"start":{"line":414,"column":44},"end":{"line":414,"column":45}},"loc":{"start":{"line":414,"column":49},"end":{"line":414,"column":60}}},"20":{"name":"(anonymous_33)","decl":{"start":{"line":440,"column":25},"end":{"line":440,"column":32}},"loc":{"start":{"line":440,"column":43},"end":{"line":457,"column":10}}},"21":{"name":"(anonymous_34)","decl":{"start":{"line":440,"column":43},"end":{"line":440,"column":null}},"loc":{"start":{"line":440,"column":43},"end":{"line":457,"column":9}}},"22":{"name":"(anonymous_35)","decl":{"start":{"line":444,"column":38},"end":{"line":444,"column":45}},"loc":{"start":{"line":444,"column":66},"end":{"line":446,"column":16}}},"23":{"name":"(anonymous_36)","decl":{"start":{"line":444,"column":66},"end":{"line":444,"column":null}},"loc":{"start":{"line":444,"column":66},"end":{"line":446,"column":15}}},"24":{"name":"(anonymous_37)","decl":{"start":{"line":448,"column":52},"end":{"line":448,"column":55}},"loc":{"start":{"line":448,"column":59},"end":{"line":448,"column":71}}},"25":{"name":"(anonymous_38)","decl":{"start":{"line":470,"column":8},"end":{"line":470,"column":18}},"loc":{"start":{"line":470,"column":18},"end":{"line":486,"column":null}}},"26":{"name":"(anonymous_40)","decl":{"start":{"line":489,"column":8},"end":{"line":489,"column":27}},"loc":{"start":{"line":489,"column":43},"end":{"line":512,"column":null}}},"27":{"name":"(anonymous_42)","decl":{"start":{"line":518,"column":8},"end":{"line":518,"column":19}},"loc":{"start":{"line":518,"column":52},"end":{"line":558,"column":null}}},"28":{"name":"(anonymous_44)","decl":{"start":{"line":561,"column":8},"end":{"line":561,"column":19}},"loc":{"start":{"line":561,"column":35},"end":{"line":589,"column":null}}},"29":{"name":"(anonymous_46)","decl":{"start":{"line":592,"column":8},"end":{"line":592,"column":26}},"loc":{"start":{"line":592,"column":42},"end":{"line":608,"column":null}}},"30":{"name":"(anonymous_48)","decl":{"start":{"line":614,"column":8},"end":{"line":614,"column":24}},"loc":{"start":{"line":614,"column":24},"end":{"line":634,"column":null}}},"31":{"name":"(anonymous_50)","decl":{"start":{"line":637,"column":8},"end":{"line":637,"column":21}},"loc":{"start":{"line":637,"column":21},"end":{"line":665,"column":null}}},"32":{"name":"(anonymous_52)","decl":{"start":{"line":671,"column":8},"end":{"line":671,"column":19}},"loc":{"start":{"line":671,"column":68},"end":{"line":682,"column":null}}}},"branchMap":{"0":{"loc":{"start":{"line":105,"column":2},"end":{"line":107,"column":3}},"type":"if","locations":[{"start":{"line":105,"column":2},"end":{"line":107,"column":3}}]},"1":{"loc":{"start":{"line":109,"column":2},"end":{"line":111,"column":3}},"type":"if","locations":[{"start":{"line":109,"column":2},"end":{"line":111,"column":3}}]},"2":{"loc":{"start":{"line":113,"column":2},"end":{"line":115,"column":3}},"type":"if","locations":[{"start":{"line":113,"column":2},"end":{"line":115,"column":3}}]},"3":{"loc":{"start":{"line":113,"column":6},"end":{"line":113,"column":46}},"type":"cond-expr","locations":[{"start":{"line":113,"column":19},"end":{"line":113,"column":21}},{"start":{"line":113,"column":19},"end":{"line":113,"column":46}}]},"4":{"loc":{"start":{"line":113,"column":6},"end":{"line":113,"column":21}},"type":"binary-expr","locations":[{"start":{"line":113,"column":6},"end":{"line":113,"column":21}},{"start":{"line":113,"column":19},"end":{"line":113,"column":21}}]},"5":{"loc":{"start":{"line":118,"column":4},"end":{"line":118,"column":45}},"type":"binary-expr","locations":[{"start":{"line":118,"column":4},"end":{"line":118,"column":17}},{"start":{"line":118,"column":21},"end":{"line":118,"column":45}}]},"6":{"loc":{"start":{"line":134,"column":4},"end":{"line":141,"column":5}},"type":"if","locations":[{"start":{"line":134,"column":4},"end":{"line":141,"column":5}}]},"7":{"loc":{"start":{"line":136,"column":6},"end":{"line":139,"column":7}},"type":"if","locations":[{"start":{"line":136,"column":6},"end":{"line":139,"column":7}}]},"8":{"loc":{"start":{"line":136,"column":10},"end":{"line":136,"column":28}},"type":"binary-expr","locations":[{"start":{"line":136,"column":10},"end":{"line":136,"column":19}},{"start":{"line":136,"column":23},"end":{"line":136,"column":28}}]},"9":{"loc":{"start":{"line":149,"column":4},"end":{"line":156,"column":5}},"type":"if","locations":[{"start":{"line":149,"column":4},"end":{"line":156,"column":5}}]},"10":{"loc":{"start":{"line":152,"column":6},"end":{"line":154,"column":7}},"type":"if","locations":[{"start":{"line":152,"column":6},"end":{"line":154,"column":7}}]},"11":{"loc":{"start":{"line":165,"column":6},"end":{"line":165,"column":null}},"type":"if","locations":[{"start":{"line":165,"column":6},"end":{"line":165,"column":null}}]},"12":{"loc":{"start":{"line":177,"column":6},"end":{"line":177,"column":null}},"type":"if","locations":[{"start":{"line":177,"column":6},"end":{"line":177,"column":null}}]},"13":{"loc":{"start":{"line":188,"column":6},"end":{"line":188,"column":null}},"type":"if","locations":[{"start":{"line":188,"column":6},"end":{"line":188,"column":null}}]},"14":{"loc":{"start":{"line":203,"column":6},"end":{"line":203,"column":null}},"type":"if","locations":[{"start":{"line":203,"column":6},"end":{"line":203,"column":null}}]},"15":{"loc":{"start":{"line":225,"column":6},"end":{"line":228,"column":7}},"type":"if","locations":[{"start":{"line":225,"column":6},"end":{"line":228,"column":7}}]},"16":{"loc":{"start":{"line":226,"column":8},"end":{"line":226,"column":51}},"type":"if","locations":[{"start":{"line":226,"column":8},"end":{"line":226,"column":51}}]},"17":{"loc":{"start":{"line":231,"column":6},"end":{"line":238,"column":7}},"type":"if","locations":[{"start":{"line":231,"column":6},"end":{"line":238,"column":7}}]},"18":{"loc":{"start":{"line":231,"column":10},"end":{"line":231,"column":57}},"type":"binary-expr","locations":[{"start":{"line":231,"column":10},"end":{"line":231,"column":26}},{"start":{"line":231,"column":30},"end":{"line":231,"column":57}}]},"19":{"loc":{"start":{"line":241,"column":6},"end":{"line":243,"column":7}},"type":"if","locations":[{"start":{"line":241,"column":6},"end":{"line":243,"column":7}}]},"20":{"loc":{"start":{"line":256,"column":4},"end":{"line":256,"column":null}},"type":"if","locations":[{"start":{"line":256,"column":4},"end":{"line":256,"column":null}}]},"21":{"loc":{"start":{"line":259,"column":4},"end":{"line":262,"column":5}},"type":"if","locations":[{"start":{"line":259,"column":4},"end":{"line":262,"column":5}}]},"22":{"loc":{"start":{"line":265,"column":4},"end":{"line":268,"column":5}},"type":"if","locations":[{"start":{"line":265,"column":4},"end":{"line":268,"column":5}}]},"23":{"loc":{"start":{"line":271,"column":4},"end":{"line":274,"column":5}},"type":"if","locations":[{"start":{"line":271,"column":4},"end":{"line":274,"column":5}}]},"24":{"loc":{"start":{"line":271,"column":8},"end":{"line":271,"column":82}},"type":"binary-expr","locations":[{"start":{"line":271,"column":8},"end":{"line":271,"column":36}},{"start":{"line":271,"column":40},"end":{"line":271,"column":82}}]},"25":{"loc":{"start":{"line":277,"column":4},"end":{"line":279,"column":5}},"type":"if","locations":[{"start":{"line":277,"column":4},"end":{"line":279,"column":5}}]},"26":{"loc":{"start":{"line":277,"column":8},"end":{"line":277,"column":85}},"type":"binary-expr","locations":[{"start":{"line":277,"column":8},"end":{"line":277,"column":40}},{"start":{"line":277,"column":44},"end":{"line":277,"column":85}}]},"27":{"loc":{"start":{"line":298,"column":32},"end":{"line":298,"column":62}},"type":"default-arg","locations":[{"start":{"line":298,"column":49},"end":{"line":298,"column":62}}]},"28":{"loc":{"start":{"line":301,"column":6},"end":{"line":301,"column":null}},"type":"if","locations":[{"start":{"line":301,"column":6},"end":{"line":301,"column":null}}]},"29":{"loc":{"start":{"line":313,"column":6},"end":{"line":313,"column":null}},"type":"if","locations":[{"start":{"line":313,"column":6},"end":{"line":313,"column":null}}]},"30":{"loc":{"start":{"line":321,"column":40},"end":{"line":321,"column":70}},"type":"default-arg","locations":[{"start":{"line":321,"column":57},"end":{"line":321,"column":70}}]},"31":{"loc":{"start":{"line":327,"column":34},"end":{"line":327,"column":64}},"type":"default-arg","locations":[{"start":{"line":327,"column":51},"end":{"line":327,"column":64}}]},"32":{"loc":{"start":{"line":333,"column":6},"end":{"line":333,"column":null}},"type":"if","locations":[{"start":{"line":333,"column":6},"end":{"line":333,"column":null}}]},"33":{"loc":{"start":{"line":346,"column":6},"end":{"line":346,"column":null}},"type":"if","locations":[{"start":{"line":346,"column":6},"end":{"line":346,"column":null}}]},"34":{"loc":{"start":{"line":356,"column":6},"end":{"line":358,"column":7}},"type":"if","locations":[{"start":{"line":356,"column":6},"end":{"line":358,"column":7}}]},"35":{"loc":{"start":{"line":362,"column":6},"end":{"line":384,"column":7}},"type":"if","locations":[{"start":{"line":362,"column":6},"end":{"line":384,"column":7}}]},"36":{"loc":{"start":{"line":362,"column":10},"end":{"line":362,"column":53}},"type":"binary-expr","locations":[{"start":{"line":362,"column":10},"end":{"line":362,"column":27}},{"start":{"line":362,"column":31},"end":{"line":362,"column":53}}]},"37":{"loc":{"start":{"line":371,"column":8},"end":{"line":383,"column":9}},"type":"if","locations":[{"start":{"line":371,"column":8},"end":{"line":383,"column":9}}]},"38":{"loc":{"start":{"line":375,"column":27},"end":{"line":375,"column":74}},"type":"cond-expr","locations":[{"start":{"line":375,"column":52},"end":{"line":375,"column":59}},{"start":{"line":375,"column":62},"end":{"line":375,"column":74}}]},"39":{"loc":{"start":{"line":376,"column":27},"end":{"line":376,"column":74}},"type":"cond-expr","locations":[{"start":{"line":376,"column":52},"end":{"line":376,"column":64}},{"start":{"line":376,"column":67},"end":{"line":376,"column":74}}]},"40":{"loc":{"start":{"line":394,"column":6},"end":{"line":394,"column":null}},"type":"if","locations":[{"start":{"line":394,"column":6},"end":{"line":394,"column":null}}]},"41":{"loc":{"start":{"line":403,"column":27},"end":{"line":403,"column":45}},"type":"default-arg","locations":[{"start":{"line":403,"column":43},"end":{"line":403,"column":45}}]},"42":{"loc":{"start":{"line":406,"column":6},"end":{"line":406,"column":null}},"type":"if","locations":[{"start":{"line":406,"column":6},"end":{"line":406,"column":null}}]},"43":{"loc":{"start":{"line":414,"column":24},"end":{"line":414,"column":67}},"type":"binary-expr","locations":[{"start":{"line":414,"column":24},"end":{"line":414,"column":61}},{"start":{"line":414,"column":65},"end":{"line":414,"column":67}}]},"44":{"loc":{"start":{"line":414,"column":24},"end":{"line":414,"column":61}},"type":"cond-expr","locations":[{"start":{"line":414,"column":38},"end":{"line":414,"column":40}},{"start":{"line":414,"column":24},"end":{"line":414,"column":61}}]},"45":{"loc":{"start":{"line":414,"column":24},"end":{"line":414,"column":40}},"type":"binary-expr","locations":[{"start":{"line":414,"column":24},"end":{"line":414,"column":40}},{"start":{"line":414,"column":24},"end":{"line":414,"column":40}}]},"46":{"loc":{"start":{"line":430,"column":6},"end":{"line":432,"column":7}},"type":"if","locations":[{"start":{"line":430,"column":6},"end":{"line":432,"column":7}}]},"47":{"loc":{"start":{"line":436,"column":6},"end":{"line":436,"column":null}},"type":"if","locations":[{"start":{"line":436,"column":6},"end":{"line":436,"column":null}}]},"48":{"loc":{"start":{"line":440,"column":9},"end":{"line":440,"column":19}},"type":"binary-expr","locations":[{"start":{"line":440,"column":9},"end":{"line":440,"column":13}},{"start":{"line":440,"column":17},"end":{"line":440,"column":19}}]},"49":{"loc":{"start":{"line":442,"column":10},"end":{"line":449,"column":11}},"type":"if","locations":[{"start":{"line":442,"column":10},"end":{"line":449,"column":11}}]},"50":{"loc":{"start":{"line":442,"column":14},"end":{"line":442,"column":67}},"type":"binary-expr","locations":[{"start":{"line":442,"column":14},"end":{"line":442,"column":33}},{"start":{"line":442,"column":37},"end":{"line":442,"column":67}}]},"51":{"loc":{"start":{"line":452,"column":10},"end":{"line":454,"column":11}},"type":"if","locations":[{"start":{"line":452,"column":10},"end":{"line":454,"column":11}}]},"52":{"loc":{"start":{"line":473,"column":6},"end":{"line":473,"column":null}},"type":"if","locations":[{"start":{"line":473,"column":6},"end":{"line":473,"column":null}}]},"53":{"loc":{"start":{"line":481,"column":6},"end":{"line":481,"column":null}},"type":"if","locations":[{"start":{"line":481,"column":6},"end":{"line":481,"column":null}}]},"54":{"loc":{"start":{"line":482,"column":13},"end":{"line":482,"column":23}},"type":"binary-expr","locations":[{"start":{"line":482,"column":13},"end":{"line":482,"column":17}},{"start":{"line":482,"column":21},"end":{"line":482,"column":23}}]},"55":{"loc":{"start":{"line":492,"column":6},"end":{"line":492,"column":null}},"type":"if","locations":[{"start":{"line":492,"column":6},"end":{"line":492,"column":null}}]},"56":{"loc":{"start":{"line":501,"column":6},"end":{"line":501,"column":null}},"type":"if","locations":[{"start":{"line":501,"column":6},"end":{"line":501,"column":null}}]},"57":{"loc":{"start":{"line":501,"column":10},"end":{"line":501,"column":30}},"type":"binary-expr","locations":[{"start":{"line":501,"column":10},"end":{"line":501,"column":20}},{"start":{"line":501,"column":24},"end":{"line":501,"column":30}}]},"58":{"loc":{"start":{"line":503,"column":26},"end":{"line":503,"column":86}},"type":"cond-expr","locations":[{"start":{"line":503,"column":55},"end":{"line":503,"column":69}},{"start":{"line":503,"column":72},"end":{"line":503,"column":86}}]},"59":{"loc":{"start":{"line":506,"column":6},"end":{"line":506,"column":null}},"type":"if","locations":[{"start":{"line":506,"column":6},"end":{"line":506,"column":null}}]},"60":{"loc":{"start":{"line":521,"column":6},"end":{"line":521,"column":null}},"type":"if","locations":[{"start":{"line":521,"column":6},"end":{"line":521,"column":null}}]},"61":{"loc":{"start":{"line":531,"column":6},"end":{"line":533,"column":7}},"type":"if","locations":[{"start":{"line":531,"column":6},"end":{"line":533,"column":7}}]},"62":{"loc":{"start":{"line":546,"column":6},"end":{"line":546,"column":null}},"type":"if","locations":[{"start":{"line":546,"column":6},"end":{"line":546,"column":null}}]},"63":{"loc":{"start":{"line":564,"column":6},"end":{"line":564,"column":null}},"type":"if","locations":[{"start":{"line":564,"column":6},"end":{"line":564,"column":null}}]},"64":{"loc":{"start":{"line":574,"column":6},"end":{"line":576,"column":7}},"type":"if","locations":[{"start":{"line":574,"column":6},"end":{"line":576,"column":7}}]},"65":{"loc":{"start":{"line":584,"column":6},"end":{"line":584,"column":null}},"type":"if","locations":[{"start":{"line":584,"column":6},"end":{"line":584,"column":null}}]},"66":{"loc":{"start":{"line":585,"column":13},"end":{"line":585,"column":23}},"type":"binary-expr","locations":[{"start":{"line":585,"column":13},"end":{"line":585,"column":17}},{"start":{"line":585,"column":21},"end":{"line":585,"column":23}}]},"67":{"loc":{"start":{"line":595,"column":6},"end":{"line":595,"column":null}},"type":"if","locations":[{"start":{"line":595,"column":6},"end":{"line":595,"column":null}}]},"68":{"loc":{"start":{"line":604,"column":6},"end":{"line":604,"column":null}},"type":"if","locations":[{"start":{"line":604,"column":6},"end":{"line":604,"column":null}}]},"69":{"loc":{"start":{"line":617,"column":6},"end":{"line":617,"column":null}},"type":"if","locations":[{"start":{"line":617,"column":6},"end":{"line":617,"column":null}}]},"70":{"loc":{"start":{"line":620,"column":6},"end":{"line":620,"column":null}},"type":"if","locations":[{"start":{"line":620,"column":6},"end":{"line":620,"column":null}}]},"71":{"loc":{"start":{"line":622,"column":6},"end":{"line":627,"column":7}},"type":"if","locations":[{"start":{"line":622,"column":6},"end":{"line":627,"column":7}}]},"72":{"loc":{"start":{"line":622,"column":10},"end":{"line":622,"column":84}},"type":"binary-expr","locations":[{"start":{"line":622,"column":10},"end":{"line":622,"column":46}},{"start":{"line":622,"column":50},"end":{"line":622,"column":84}}]},"73":{"loc":{"start":{"line":623,"column":8},"end":{"line":625,"column":9}},"type":"if","locations":[{"start":{"line":623,"column":8},"end":{"line":625,"column":9}}]},"74":{"loc":{"start":{"line":644,"column":6},"end":{"line":644,"column":null}},"type":"if","locations":[{"start":{"line":644,"column":6},"end":{"line":644,"column":null}}]},"75":{"loc":{"start":{"line":655,"column":6},"end":{"line":655,"column":null}},"type":"if","locations":[{"start":{"line":655,"column":6},"end":{"line":655,"column":null}}]},"76":{"loc":{"start":{"line":655,"column":10},"end":{"line":655,"column":44}},"type":"binary-expr","locations":[{"start":{"line":655,"column":10},"end":{"line":655,"column":15}},{"start":{"line":655,"column":19},"end":{"line":655,"column":44}}]},"77":{"loc":{"start":{"line":657,"column":13},"end":{"line":661,"column":null}},"type":"binary-expr","locations":[{"start":{"line":657,"column":13},"end":{"line":657,"column":17}},{"start":{"line":657,"column":21},"end":{"line":661,"column":null}}]},"78":{"loc":{"start":{"line":674,"column":6},"end":{"line":674,"column":23}},"type":"if","locations":[{"start":{"line":674,"column":6},"end":{"line":674,"column":23}}]}},"s":{"0":0,"1":0,"2":0,"3":0,"4":0,"5":0,"6":0,"7":0,"8":0,"9":0,"10":0,"11":0,"12":0,"13":0,"14":0,"15":0,"16":0,"17":0,"18":0,"19":0,"20":0,"21":0,"22":0,"23":0,"24":0,"25":0,"26":0,"27":0,"28":0,"29":0,"30":0,"31":0,"32":0,"33":0,"34":0,"35":0,"36":0,"37":0,"38":0,"39":0,"40":0,"41":0,"42":0,"43":0,"44":0,"45":0,"46":0,"47":0,"48":0,"49":0,"50":0,"51":0,"52":0,"53":0,"54":0,"55":0,"56":0,"57":0,"58":0,"59":0,"60":0,"61":0,"62":0,"63":0,"64":0,"65":0,"66":0,"67":0,"68":0,"69":0,"70":0,"71":0,"72":0,"73":0,"74":0,"75":0,"76":0,"77":0,"78":0,"79":0,"80":0,"81":0,"82":0,"83":0,"84":0,"85":0,"86":0,"87":0,"88":0,"89":0,"90":0,"91":0,"92":0,"93":0,"94":0,"95":0,"96":0,"97":0,"98":0,"99":0,"100":0,"101":0,"102":0,"103":0,"104":0,"105":0,"106":0,"107":0,"108":0,"109":0,"110":0,"111":0,"112":0,"113":0,"114":0,"115":0,"116":0,"117":0,"118":0,"119":0,"120":0,"121":0,"122":0,"123":0,"124":0,"125":0,"126":0,"127":0,"128":0,"129":0,"130":0,"131":0,"132":0,"133":0,"134":0,"135":0,"136":0,"137":0,"138":0,"139":0,"140":0,"141":0,"142":0,"143":0,"144":0,"145":0,"146":0,"147":0,"148":0,"149":0,"150":0,"151":0,"152":0,"153":0,"154":0,"155":0,"156":0,"157":0,"158":0,"159":0,"160":0,"161":0,"162":0,"163":0,"164":0,"165":0,"166":0,"167":0,"168":0,"169":0,"170":0,"171":0,"172":0,"173":0,"174":0,"175":0,"176":0,"177":0,"178":0,"179":0,"180":0,"181":0,"182":0,"183":0,"184":0,"185":0,"186":0,"187":0,"188":0,"189":0,"190":0,"191":0,"192":0,"193":0,"194":0,"195":0,"196":0,"197":0,"198":0,"199":0,"200":0,"201":0,"202":0,"203":0,"204":0,"205":0,"206":0,"207":0,"208":0,"209":0,"210":0,"211":0,"212":0,"213":0,"214":0,"215":0,"216":0,"217":0,"218":0,"219":0,"220":0,"221":0,"222":0,"223":0,"224":0,"225":0,"226":0,"227":0,"228":0,"229":0,"230":0,"231":0,"232":0,"233":0,"234":0,"235":0,"236":0,"237":0,"238":0,"239":0,"240":0,"241":0,"242":0,"243":0,"244":0},"f":{"0":0,"1":0,"2":0,"3":0,"4":0,"5":0,"6":0,"7":0,"8":0,"9":0,"10":0,"11":0,"12":0,"13":0,"14":0,"15":0,"16":0,"17":0,"18":0,"19":0,"20":0,"21":0,"22":0,"23":0,"24":0,"25":0,"26":0,"27":0,"28":0,"29":0,"30":0,"31":0,"32":0},"b":{"0":[0],"1":[0],"2":[0],"3":[0,0],"4":[0,0],"5":[0,0],"6":[0],"7":[0],"8":[0,0],"9":[0],"10":[0],"11":[0],"12":[0],"13":[0],"14":[0],"15":[0],"16":[0],"17":[0],"18":[0,0],"19":[0],"20":[0],"21":[0],"22":[0],"23":[0],"24":[0,0],"25":[0],"26":[0,0],"27":[0],"28":[0],"29":[0],"30":[0],"31":[0],"32":[0],"33":[0],"34":[0],"35":[0],"36":[0,0],"37":[0],"38":[0,0],"39":[0,0],"40":[0],"41":[0],"42":[0],"43":[0,0],"44":[0,0],"45":[0,0],"46":[0],"47":[0],"48":[0,0],"49":[0],"50":[0,0],"51":[0],"52":[0],"53":[0],"54":[0,0],"55":[0],"56":[0],"57":[0,0],"58":[0,0],"59":[0],"60":[0],"61":[0],"62":[0],"63":[0],"64":[0],"65":[0],"66":[0,0],"67":[0],"68":[0],"69":[0],"70":[0],"71":[0],"72":[0,0],"73":[0],"74":[0],"75":[0],"76":[0,0],"77":[0,0],"78":[0]}}
,"/Users/harmanbatish/projects/DharmaSaathi All/DharmaSaathi.com/DharmaSaathi React Project/lib/logger.ts": {"path":"/Users/harmanbatish/projects/DharmaSaathi All/DharmaSaathi.com/DharmaSaathi React Project/lib/logger.ts","statementMap":{"0":{"start":{"line":3,"column":0},"end":{"line":3,"column":16}},"1":{"start":{"line":1,"column":13},"end":{"line":1,"column":null}},"2":{"start":{"line":4,"column":2},"end":{"line":7,"column":3}},"3":{"start":{"line":6,"column":4},"end":{"line":6,"column":null}}},"fnMap":{"0":{"name":"debugLog","decl":{"start":{"line":3,"column":16},"end":{"line":3,"column":24}},"loc":{"start":{"line":3,"column":43},"end":{"line":8,"column":1}}}},"branchMap":{"0":{"loc":{"start":{"line":4,"column":2},"end":{"line":7,"column":3}},"type":"if","locations":[{"start":{"line":4,"column":2},"end":{"line":7,"column":3}}]}},"s":{"0":0,"1":0,"2":0,"3":0},"f":{"0":0},"b":{"0":[0]}}
,"/Users/harmanbatish/projects/DharmaSaathi All/DharmaSaathi.com/DharmaSaathi React Project/lib/matching-engine.ts": {"path":"/Users/harmanbatish/projects/DharmaSaathi All/DharmaSaathi.com/DharmaSaathi React Project/lib/matching-engine.ts","statementMap":{"0":{"start":{"line":33,"column":41},"end":{"line":41,"column":null}},"1":{"start":{"line":47,"column":4},"end":{"line":47,"column":null}},"2":{"start":{"line":54,"column":22},"end":{"line":54,"column":72}},"3":{"start":{"line":55,"column":22},"end":{"line":55,"column":72}},"4":{"start":{"line":56,"column":26},"end":{"line":56,"column":80}},"5":{"start":{"line":57,"column":24},"end":{"line":57,"column":76}},"6":{"start":{"line":58,"column":23},"end":{"line":58,"column":74}},"7":{"start":{"line":59,"column":21},"end":{"line":59,"column":70}},"8":{"start":{"line":60,"column":29},"end":{"line":60,"column":72}},"9":{"start":{"line":63,"column":18},"end":{"line":70,"column":null}},"10":{"start":{"line":74,"column":23},"end":{"line":82,"column":null}},"11":{"start":{"line":84,"column":24},"end":{"line":92,"column":null}},"12":{"start":{"line":94,"column":28},"end":{"line":94,"column":75}},"13":{"start":{"line":96,"column":4},"end":{"line":110,"column":null}},"14":{"start":{"line":117,"column":16},"end":{"line":117,"column":17}},"15":{"start":{"line":118,"column":30},"end":{"line":118,"column":32}},"16":{"start":{"line":119,"column":31},"end":{"line":119,"column":33}},"17":{"start":{"line":122,"column":4},"end":{"line":136,"column":5}},"18":{"start":{"line":123,"column":28},"end":{"line":123,"column":91}},"19":{"start":{"line":124,"column":30},"end":{"line":124,"column":97}},"20":{"start":{"line":125,"column":30},"end":{"line":125,"column":84}},"21":{"start":{"line":125,"column":56},"end":{"line":125,"column":83}},"22":{"start":{"line":126,"column":28},"end":{"line":126,"column":128}},"23":{"start":{"line":127,"column":6},"end":{"line":127,"column":null}},"24":{"start":{"line":129,"column":6},"end":{"line":135,"column":7}},"25":{"start":{"line":130,"column":8},"end":{"line":130,"column":null}},"26":{"start":{"line":131,"column":13},"end":{"line":135,"column":7}},"27":{"start":{"line":132,"column":8},"end":{"line":132,"column":null}},"28":{"start":{"line":133,"column":13},"end":{"line":135,"column":7}},"29":{"start":{"line":134,"column":8},"end":{"line":134,"column":null}},"30":{"start":{"line":139,"column":4},"end":{"line":149,"column":5}},"31":{"start":{"line":140,"column":23},"end":{"line":140,"column":82}},"32":{"start":{"line":141,"column":25},"end":{"line":141,"column":88}},"33":{"start":{"line":142,"column":25},"end":{"line":142,"column":73}},"34":{"start":{"line":142,"column":48},"end":{"line":142,"column":72}},"35":{"start":{"line":143,"column":23},"end":{"line":143,"column":108}},"36":{"start":{"line":144,"column":6},"end":{"line":144,"column":null}},"37":{"start":{"line":146,"column":6},"end":{"line":148,"column":7}},"38":{"start":{"line":147,"column":8},"end":{"line":147,"column":null}},"39":{"start":{"line":152,"column":32},"end":{"line":152,"column":115}},"40":{"start":{"line":153,"column":4},"end":{"line":153,"column":null}},"41":{"start":{"line":154,"column":4},"end":{"line":154,"column":null}},"42":{"start":{"line":154,"column":36},"end":{"line":154,"column":null}},"43":{"start":{"line":155,"column":4},"end":{"line":155,"column":null}},"44":{"start":{"line":155,"column":37},"end":{"line":155,"column":null}},"45":{"start":{"line":158,"column":30},"end":{"line":158,"column":85}},"46":{"start":{"line":159,"column":4},"end":{"line":159,"column":null}},"47":{"start":{"line":160,"column":4},"end":{"line":160,"column":null}},"48":{"start":{"line":160,"column":34},"end":{"line":160,"column":null}},"49":{"start":{"line":161,"column":4},"end":{"line":161,"column":null}},"50":{"start":{"line":161,"column":35},"end":{"line":161,"column":null}},"51":{"start":{"line":164,"column":28},"end":{"line":164,"column":107}},"52":{"start":{"line":165,"column":4},"end":{"line":165,"column":null}},"53":{"start":{"line":166,"column":4},"end":{"line":166,"column":null}},"54":{"start":{"line":166,"column":32},"end":{"line":166,"column":null}},"55":{"start":{"line":167,"column":4},"end":{"line":167,"column":null}},"56":{"start":{"line":167,"column":33},"end":{"line":167,"column":null}},"57":{"start":{"line":169,"column":4},"end":{"line":169,"column":null}},"58":{"start":{"line":176,"column":16},"end":{"line":176,"column":18}},"59":{"start":{"line":177,"column":30},"end":{"line":177,"column":32}},"60":{"start":{"line":178,"column":31},"end":{"line":178,"column":33}},"61":{"start":{"line":181,"column":28},"end":{"line":181,"column":135}},"62":{"start":{"line":182,"column":4},"end":{"line":182,"column":null}},"63":{"start":{"line":183,"column":4},"end":{"line":183,"column":null}},"64":{"start":{"line":183,"column":32},"end":{"line":183,"column":null}},"65":{"start":{"line":186,"column":24},"end":{"line":186,"column":99}},"66":{"start":{"line":187,"column":4},"end":{"line":187,"column":null}},"67":{"start":{"line":188,"column":4},"end":{"line":188,"column":null}},"68":{"start":{"line":188,"column":28},"end":{"line":188,"column":null}},"69":{"start":{"line":189,"column":4},"end":{"line":189,"column":null}},"70":{"start":{"line":189,"column":29},"end":{"line":189,"column":null}},"71":{"start":{"line":192,"column":29},"end":{"line":192,"column":123}},"72":{"start":{"line":193,"column":4},"end":{"line":193,"column":null}},"73":{"start":{"line":194,"column":4},"end":{"line":194,"column":null}},"74":{"start":{"line":194,"column":33},"end":{"line":194,"column":null}},"75":{"start":{"line":195,"column":4},"end":{"line":195,"column":null}},"76":{"start":{"line":195,"column":34},"end":{"line":195,"column":null}},"77":{"start":{"line":197,"column":4},"end":{"line":197,"column":null}},"78":{"start":{"line":204,"column":16},"end":{"line":204,"column":18}},"79":{"start":{"line":205,"column":30},"end":{"line":205,"column":32}},"80":{"start":{"line":206,"column":31},"end":{"line":206,"column":33}},"81":{"start":{"line":209,"column":29},"end":{"line":209,"column":61}},"82":{"start":{"line":210,"column":31},"end":{"line":210,"column":65}},"83":{"start":{"line":213,"column":28},"end":{"line":213,"column":75}},"84":{"start":{"line":214,"column":4},"end":{"line":219,"column":5}},"85":{"start":{"line":215,"column":6},"end":{"line":215,"column":null}},"86":{"start":{"line":216,"column":6},"end":{"line":216,"column":null}},"87":{"start":{"line":217,"column":11},"end":{"line":219,"column":5}},"88":{"start":{"line":218,"column":6},"end":{"line":218,"column":null}},"89":{"start":{"line":222,"column":4},"end":{"line":228,"column":5}},"90":{"start":{"line":223,"column":30},"end":{"line":223,"column":117}},"91":{"start":{"line":224,"column":6},"end":{"line":227,"column":7}},"92":{"start":{"line":225,"column":8},"end":{"line":225,"column":null}},"93":{"start":{"line":226,"column":8},"end":{"line":226,"column":null}},"94":{"start":{"line":231,"column":4},"end":{"line":237,"column":5}},"95":{"start":{"line":232,"column":24},"end":{"line":232,"column":79}},"96":{"start":{"line":233,"column":6},"end":{"line":236,"column":7}},"97":{"start":{"line":234,"column":8},"end":{"line":234,"column":null}},"98":{"start":{"line":235,"column":8},"end":{"line":235,"column":null}},"99":{"start":{"line":239,"column":4},"end":{"line":239,"column":null}},"100":{"start":{"line":246,"column":16},"end":{"line":246,"column":17}},"101":{"start":{"line":247,"column":30},"end":{"line":247,"column":32}},"102":{"start":{"line":248,"column":31},"end":{"line":248,"column":33}},"103":{"start":{"line":251,"column":4},"end":{"line":268,"column":5}},"104":{"start":{"line":252,"column":22},"end":{"line":252,"column":55}},"105":{"start":{"line":253,"column":24},"end":{"line":253,"column":59}},"106":{"start":{"line":254,"column":22},"end":{"line":254,"column":51}},"107":{"start":{"line":256,"column":6},"end":{"line":267,"column":7}},"108":{"start":{"line":257,"column":8},"end":{"line":257,"column":null}},"109":{"start":{"line":258,"column":8},"end":{"line":258,"column":null}},"110":{"start":{"line":259,"column":13},"end":{"line":267,"column":7}},"111":{"start":{"line":260,"column":8},"end":{"line":260,"column":null}},"112":{"start":{"line":261,"column":8},"end":{"line":261,"column":null}},"113":{"start":{"line":262,"column":13},"end":{"line":267,"column":7}},"114":{"start":{"line":263,"column":8},"end":{"line":263,"column":null}},"115":{"start":{"line":264,"column":8},"end":{"line":264,"column":null}},"116":{"start":{"line":265,"column":13},"end":{"line":267,"column":7}},"117":{"start":{"line":266,"column":8},"end":{"line":266,"column":null}},"118":{"start":{"line":271,"column":4},"end":{"line":282,"column":5}},"119":{"start":{"line":272,"column":6},"end":{"line":272,"column":null}},"120":{"start":{"line":273,"column":6},"end":{"line":273,"column":null}},"121":{"start":{"line":274,"column":11},"end":{"line":282,"column":5}},"122":{"start":{"line":275,"column":6},"end":{"line":275,"column":null}},"123":{"start":{"line":276,"column":6},"end":{"line":276,"column":null}},"124":{"start":{"line":277,"column":11},"end":{"line":282,"column":5}},"125":{"start":{"line":278,"column":6},"end":{"line":278,"column":null}},"126":{"start":{"line":279,"column":6},"end":{"line":279,"column":null}},"127":{"start":{"line":281,"column":6},"end":{"line":281,"column":null}},"128":{"start":{"line":285,"column":24},"end":{"line":285,"column":71}},"129":{"start":{"line":286,"column":4},"end":{"line":286,"column":null}},"130":{"start":{"line":287,"column":4},"end":{"line":287,"column":null}},"131":{"start":{"line":287,"column":28},"end":{"line":287,"column":null}},"132":{"start":{"line":289,"column":4},"end":{"line":289,"column":null}},"133":{"start":{"line":296,"column":16},"end":{"line":296,"column":18}},"134":{"start":{"line":297,"column":30},"end":{"line":297,"column":32}},"135":{"start":{"line":298,"column":31},"end":{"line":298,"column":33}},"136":{"start":{"line":301,"column":4},"end":{"line":304,"column":5}},"137":{"start":{"line":302,"column":6},"end":{"line":302,"column":null}},"138":{"start":{"line":303,"column":6},"end":{"line":303,"column":null}},"139":{"start":{"line":307,"column":4},"end":{"line":316,"column":5}},"140":{"start":{"line":308,"column":22},"end":{"line":308,"column":55}},"141":{"start":{"line":309,"column":24},"end":{"line":309,"column":59}},"142":{"start":{"line":310,"column":22},"end":{"line":310,"column":51}},"143":{"start":{"line":312,"column":6},"end":{"line":315,"column":7}},"144":{"start":{"line":313,"column":8},"end":{"line":313,"column":null}},"145":{"start":{"line":314,"column":8},"end":{"line":314,"column":null}},"146":{"start":{"line":318,"column":4},"end":{"line":318,"column":null}},"147":{"start":{"line":325,"column":16},"end":{"line":325,"column":18}},"148":{"start":{"line":326,"column":30},"end":{"line":326,"column":32}},"149":{"start":{"line":327,"column":31},"end":{"line":327,"column":33}},"150":{"start":{"line":330,"column":4},"end":{"line":347,"column":5}},"151":{"start":{"line":331,"column":24},"end":{"line":331,"column":67}},"152":{"start":{"line":332,"column":26},"end":{"line":332,"column":71}},"153":{"start":{"line":335,"column":32},"end":{"line":335,"column":167}},"154":{"start":{"line":336,"column":27},"end":{"line":336,"column":91}},"155":{"start":{"line":336,"column":63},"end":{"line":336,"column":90}},"156":{"start":{"line":337,"column":29},"end":{"line":337,"column":95}},"157":{"start":{"line":337,"column":65},"end":{"line":337,"column":94}},"158":{"start":{"line":338,"column":29},"end":{"line":338,"column":93}},"159":{"start":{"line":338,"column":60},"end":{"line":338,"column":92}},"160":{"start":{"line":340,"column":6},"end":{"line":346,"column":7}},"161":{"start":{"line":341,"column":8},"end":{"line":341,"column":null}},"162":{"start":{"line":342,"column":8},"end":{"line":342,"column":null}},"163":{"start":{"line":343,"column":13},"end":{"line":346,"column":7}},"164":{"start":{"line":344,"column":8},"end":{"line":344,"column":null}},"165":{"start":{"line":345,"column":8},"end":{"line":345,"column":null}},"166":{"start":{"line":350,"column":31},"end":{"line":350,"column":91}},"167":{"start":{"line":351,"column":4},"end":{"line":354,"column":5}},"168":{"start":{"line":352,"column":6},"end":{"line":352,"column":null}},"169":{"start":{"line":353,"column":6},"end":{"line":353,"column":null}},"170":{"start":{"line":356,"column":4},"end":{"line":356,"column":null}},"171":{"start":{"line":363,"column":16},"end":{"line":363,"column":18}},"172":{"start":{"line":364,"column":30},"end":{"line":364,"column":32}},"173":{"start":{"line":365,"column":31},"end":{"line":365,"column":33}},"174":{"start":{"line":368,"column":31},"end":{"line":368,"column":62}},"175":{"start":{"line":369,"column":33},"end":{"line":369,"column":66}},"176":{"start":{"line":371,"column":4},"end":{"line":376,"column":5}},"177":{"start":{"line":372,"column":6},"end":{"line":372,"column":null}},"178":{"start":{"line":373,"column":6},"end":{"line":373,"column":null}},"179":{"start":{"line":374,"column":11},"end":{"line":376,"column":5}},"180":{"start":{"line":375,"column":6},"end":{"line":375,"column":null}},"181":{"start":{"line":379,"column":4},"end":{"line":385,"column":5}},"182":{"start":{"line":380,"column":34},"end":{"line":380,"column":137}},"183":{"start":{"line":381,"column":6},"end":{"line":381,"column":null}},"184":{"start":{"line":382,"column":6},"end":{"line":384,"column":7}},"185":{"start":{"line":383,"column":8},"end":{"line":383,"column":null}},"186":{"start":{"line":387,"column":4},"end":{"line":387,"column":null}},"187":{"start":{"line":393,"column":18},"end":{"line":393,"column":19}},"188":{"start":{"line":394,"column":17},"end":{"line":394,"column":19}},"189":{"start":{"line":395,"column":18},"end":{"line":395,"column":20}},"190":{"start":{"line":397,"column":4},"end":{"line":397,"column":null}},"191":{"start":{"line":397,"column":34},"end":{"line":397,"column":null}},"192":{"start":{"line":399,"column":46},"end":{"line":401,"column":null}},"193":{"start":{"line":403,"column":22},"end":{"line":403,"column":46}},"194":{"start":{"line":404,"column":24},"end":{"line":404,"column":50}},"195":{"start":{"line":405,"column":17},"end":{"line":405,"column":50}},"196":{"start":{"line":407,"column":4},"end":{"line":413,"column":5}},"197":{"start":{"line":408,"column":6},"end":{"line":408,"column":null}},"198":{"start":{"line":409,"column":11},"end":{"line":413,"column":5}},"199":{"start":{"line":410,"column":6},"end":{"line":410,"column":null}},"200":{"start":{"line":411,"column":11},"end":{"line":413,"column":5}},"201":{"start":{"line":412,"column":6},"end":{"line":412,"column":null}},"202":{"start":{"line":415,"column":4},"end":{"line":415,"column":null}},"203":{"start":{"line":419,"column":4},"end":{"line":419,"column":null}},"204":{"start":{"line":419,"column":34},"end":{"line":419,"column":null}},"205":{"start":{"line":421,"column":4},"end":{"line":423,"column":5}},"206":{"start":{"line":422,"column":6},"end":{"line":422,"column":null}},"207":{"start":{"line":426,"column":54},"end":{"line":431,"column":null}},"208":{"start":{"line":433,"column":4},"end":{"line":435,"column":5}},"209":{"start":{"line":434,"column":6},"end":{"line":434,"column":null}},"210":{"start":{"line":437,"column":4},"end":{"line":441,"column":null}},"211":{"start":{"line":445,"column":4},"end":{"line":445,"column":null}},"212":{"start":{"line":445,"column":46},"end":{"line":445,"column":null}},"213":{"start":{"line":447,"column":4},"end":{"line":453,"column":5}},"214":{"start":{"line":448,"column":6},"end":{"line":452,"column":null}},"215":{"start":{"line":456,"column":4},"end":{"line":462,"column":5}},"216":{"start":{"line":457,"column":6},"end":{"line":461,"column":null}},"217":{"start":{"line":464,"column":4},"end":{"line":468,"column":null}},"218":{"start":{"line":472,"column":18},"end":{"line":472,"column":28}},"219":{"start":{"line":473,"column":18},"end":{"line":473,"column":37}},"220":{"start":{"line":474,"column":14},"end":{"line":474,"column":55}},"221":{"start":{"line":475,"column":22},"end":{"line":475,"column":57}},"222":{"start":{"line":476,"column":4},"end":{"line":478,"column":5}},"223":{"start":{"line":477,"column":6},"end":{"line":477,"column":null}},"224":{"start":{"line":479,"column":4},"end":{"line":479,"column":null}},"225":{"start":{"line":483,"column":16},"end":{"line":483,"column":17}},"226":{"start":{"line":486,"column":4},"end":{"line":486,"column":null}},"227":{"start":{"line":486,"column":28},"end":{"line":486,"column":null}},"228":{"start":{"line":487,"column":4},"end":{"line":487,"column":null}},"229":{"start":{"line":487,"column":27},"end":{"line":487,"column":null}},"230":{"start":{"line":488,"column":4},"end":{"line":488,"column":null}},"231":{"start":{"line":488,"column":58},"end":{"line":488,"column":null}},"232":{"start":{"line":489,"column":4},"end":{"line":489,"column":null}},"233":{"start":{"line":489,"column":80},"end":{"line":489,"column":null}},"234":{"start":{"line":492,"column":4},"end":{"line":492,"column":null}},"235":{"start":{"line":492,"column":107},"end":{"line":492,"column":null}},"236":{"start":{"line":493,"column":4},"end":{"line":493,"column":null}},"237":{"start":{"line":493,"column":113},"end":{"line":493,"column":null}},"238":{"start":{"line":494,"column":4},"end":{"line":494,"column":null}},"239":{"start":{"line":494,"column":90},"end":{"line":494,"column":null}},"240":{"start":{"line":495,"column":4},"end":{"line":495,"column":null}},"241":{"start":{"line":495,"column":35},"end":{"line":495,"column":null}},"242":{"start":{"line":496,"column":4},"end":{"line":496,"column":null}},"243":{"start":{"line":496,"column":33},"end":{"line":496,"column":null}},"244":{"start":{"line":499,"column":4},"end":{"line":499,"column":null}},"245":{"start":{"line":499,"column":27},"end":{"line":499,"column":null}},"246":{"start":{"line":500,"column":4},"end":{"line":500,"column":null}},"247":{"start":{"line":500,"column":28},"end":{"line":500,"column":null}},"248":{"start":{"line":501,"column":4},"end":{"line":501,"column":null}},"249":{"start":{"line":501,"column":31},"end":{"line":501,"column":null}},"250":{"start":{"line":502,"column":4},"end":{"line":502,"column":null}},"251":{"start":{"line":502,"column":101},"end":{"line":502,"column":null}},"252":{"start":{"line":505,"column":4},"end":{"line":505,"column":null}},"253":{"start":{"line":505,"column":80},"end":{"line":505,"column":null}},"254":{"start":{"line":506,"column":4},"end":{"line":506,"column":null}},"255":{"start":{"line":506,"column":81},"end":{"line":506,"column":null}},"256":{"start":{"line":508,"column":4},"end":{"line":508,"column":null}},"257":{"start":{"line":512,"column":16},"end":{"line":512,"column":18}},"258":{"start":{"line":513,"column":17},"end":{"line":513,"column":19}},"259":{"start":{"line":515,"column":4},"end":{"line":517,"column":5}},"260":{"start":{"line":516,"column":6},"end":{"line":516,"column":null}},"261":{"start":{"line":519,"column":29},"end":{"line":519,"column":67}},"262":{"start":{"line":520,"column":31},"end":{"line":520,"column":73}},"263":{"start":{"line":521,"column":23},"end":{"line":521,"column":70}},"264":{"start":{"line":523,"column":4},"end":{"line":532,"column":5}},"265":{"start":{"line":524,"column":6},"end":{"line":524,"column":null}},"266":{"start":{"line":525,"column":6},"end":{"line":525,"column":null}},"267":{"start":{"line":526,"column":11},"end":{"line":532,"column":5}},"268":{"start":{"line":527,"column":6},"end":{"line":527,"column":null}},"269":{"start":{"line":528,"column":6},"end":{"line":528,"column":null}},"270":{"start":{"line":529,"column":11},"end":{"line":532,"column":5}},"271":{"start":{"line":530,"column":6},"end":{"line":530,"column":null}},"272":{"start":{"line":531,"column":6},"end":{"line":531,"column":null}},"273":{"start":{"line":534,"column":4},"end":{"line":534,"column":null}},"274":{"start":{"line":538,"column":16},"end":{"line":538,"column":18}},"275":{"start":{"line":539,"column":17},"end":{"line":539,"column":19}},"276":{"start":{"line":541,"column":4},"end":{"line":541,"column":null}},"277":{"start":{"line":541,"column":34},"end":{"line":541,"column":null}},"278":{"start":{"line":544,"column":4},"end":{"line":547,"column":5}},"279":{"start":{"line":546,"column":6},"end":{"line":546,"column":null}},"280":{"start":{"line":550,"column":29},"end":{"line":556,"column":null}},"281":{"start":{"line":558,"column":4},"end":{"line":564,"column":5}},"282":{"start":{"line":559,"column":26},"end":{"line":559,"column":77}},"283":{"start":{"line":559,"column":42},"end":{"line":559,"column":76}},"284":{"start":{"line":560,"column":28},"end":{"line":560,"column":81}},"285":{"start":{"line":560,"column":44},"end":{"line":560,"column":80}},"286":{"start":{"line":561,"column":6},"end":{"line":563,"column":7}},"287":{"start":{"line":562,"column":8},"end":{"line":562,"column":null}},"288":{"start":{"line":566,"column":4},"end":{"line":566,"column":null}},"289":{"start":{"line":570,"column":16},"end":{"line":570,"column":18}},"290":{"start":{"line":571,"column":17},"end":{"line":571,"column":19}},"291":{"start":{"line":572,"column":18},"end":{"line":572,"column":20}},"292":{"start":{"line":574,"column":4},"end":{"line":574,"column":null}},"293":{"start":{"line":574,"column":38},"end":{"line":574,"column":null}},"294":{"start":{"line":577,"column":49},"end":{"line":584,"column":null}},"295":{"start":{"line":586,"column":22},"end":{"line":586,"column":51}},"296":{"start":{"line":587,"column":24},"end":{"line":587,"column":55}},"297":{"start":{"line":588,"column":17},"end":{"line":588,"column":50}},"298":{"start":{"line":590,"column":4},"end":{"line":600,"column":5}},"299":{"start":{"line":591,"column":6},"end":{"line":591,"column":null}},"300":{"start":{"line":592,"column":11},"end":{"line":600,"column":5}},"301":{"start":{"line":593,"column":6},"end":{"line":593,"column":null}},"302":{"start":{"line":594,"column":11},"end":{"line":600,"column":5}},"303":{"start":{"line":595,"column":6},"end":{"line":599,"column":null}},"304":{"start":{"line":602,"column":4},"end":{"line":602,"column":null}},"305":{"start":{"line":606,"column":4},"end":{"line":606,"column":null}},"306":{"start":{"line":606,"column":42},"end":{"line":606,"column":null}},"307":{"start":{"line":608,"column":4},"end":{"line":614,"column":5}},"308":{"start":{"line":609,"column":6},"end":{"line":613,"column":null}},"309":{"start":{"line":617,"column":4},"end":{"line":619,"column":5}},"310":{"start":{"line":618,"column":6},"end":{"line":618,"column":null}},"311":{"start":{"line":622,"column":4},"end":{"line":626,"column":null}},"312":{"start":{"line":630,"column":4},"end":{"line":630,"column":null}},"313":{"start":{"line":630,"colum
[...]
,"/Users/harmanbatish/projects/DharmaSaathi All/DharmaSaathi.com/DharmaSaathi React Project/lib/constants/mother-tongues.ts": {"path":"/Users/harmanbatish/projects/DharmaSaathi All/DharmaSaathi.com/DharmaSaathi React Project/lib/constants/mother-tongues.ts","statementMap":{"0":{"start":{"line":1,"column":13},"end":{"line":3,"column":null}}},"fnMap":{},"branchMap":{},"s":{"0":0},"f":{},"b":{}}
,"/Users/harmanbatish/projects/DharmaSaathi All/DharmaSaathi.com/DharmaSaathi React Project/lib/constants/spiritual-orgs.ts": {"path":"/Users/harmanbatish/projects/DharmaSaathi All/DharmaSaathi.com/DharmaSaathi React Project/lib/constants/spiritual-orgs.ts","statementMap":{"0":{"start":{"line":1,"column":13},"end":{"line":18,"column":11}}},"fnMap":{},"branchMap":{},"s":{"0":0},"f":{},"b":{}}
,"/Users/harmanbatish/projects/DharmaSaathi All/DharmaSaathi.com/DharmaSaathi React Project/lib/hooks/useLocationData.ts": {"path":"/Users/harmanbatish/projects/DharmaSaathi All/DharmaSaathi.com/DharmaSaathi React Project/lib/hooks/useLocationData.ts","statementMap":{"0":{"start":{"line":33,"column":0},"end":{"line":33,"column":16}},"1":{"start":{"line":66,"column":0},"end":{"line":66,"column":16}},"2":{"start":{"line":107,"column":0},"end":{"line":107,"column":16}},"3":{"start":{"line":3,"column":0},"end":{"line":3,"column":43}},"4":{"start":{"line":4,"column":0},"end":{"line":4,"column":41}},"5":{"start":{"line":29,"column":37},"end":{"line":29,"column":41}},"6":{"start":{"line":30,"column":44},"end":{"line":30,"column":46}},"7":{"start":{"line":31,"column":42},"end":{"line":31,"column":44}},"8":{"start":{"line":34,"column":36},"end":{"line":34,"column":75}},"9":{"start":{"line":35,"column":32},"end":{"line":35,"column":55}},"10":{"start":{"line":36,"column":28},"end":{"line":36,"column":57}},"11":{"start":{"line":38,"column":2},"end":{"line":61,"column":null}},"12":{"start":{"line":39,"column":4},"end":{"line":39,"column":28}},"13":{"start":{"line":39,"column":22},"end":{"line":39,"column":28}},"14":{"start":{"line":42,"column":6},"end":{"line":57,"column":7}},"15":{"start":{"line":43,"column":8},"end":{"line":43,"column":null}},"16":{"start":{"line":44,"column":32},"end":{"line":44,"column":90}},"17":{"start":{"line":46,"column":8},"end":{"line":46,"column":null}},"18":{"start":{"line":46,"column":19},"end":{"line":46,"column":null}},"19":{"start":{"line":47,"column":8},"end":{"line":47,"column":null}},"20":{"start":{"line":48,"column":8},"end":{"line":48,"column":null}},"21":{"start":{"line":50,"column":8},"end":{"line":50,"column":null}},"22":{"start":{"line":51,"column":8},"end":{"line":51,"column":null}},"23":{"start":{"line":53,"column":8},"end":{"line":53,"column":null}},"24":{"start":{"line":54,"column":8},"end":{"line":54,"column":null}},"25":{"start":{"line":56,"column":8},"end":{"line":56,"column":null}},"26":{"start":{"line":60,"column":4},"end":{"line":60,"column":null}},"27":{"start":{"line":63,"column":2},"end":{"line":63,"column":null}},"28":{"start":{"line":67,"column":17},"end":{"line":67,"column":55}},"29":{"start":{"line":68,"column":30},"end":{"line":68,"column":61}},"30":{"start":{"line":69,"column":32},"end":{"line":69,"column":69}},"31":{"start":{"line":70,"column":28},"end":{"line":70,"column":57}},"32":{"start":{"line":72,"column":2},"end":{"line":102,"column":null}},"33":{"start":{"line":73,"column":4},"end":{"line":76,"column":5}},"34":{"start":{"line":74,"column":6},"end":{"line":74,"column":null}},"35":{"start":{"line":75,"column":6},"end":{"line":75,"column":12}},"36":{"start":{"line":78,"column":4},"end":{"line":82,"column":5}},"37":{"start":{"line":79,"column":6},"end":{"line":79,"column":null}},"38":{"start":{"line":80,"column":6},"end":{"line":80,"column":null}},"39":{"start":{"line":81,"column":6},"end":{"line":81,"column":12}},"40":{"start":{"line":85,"column":6},"end":{"line":98,"column":7}},"41":{"start":{"line":86,"column":8},"end":{"line":86,"column":null}},"42":{"start":{"line":87,"column":32},"end":{"line":87,"column":115}},"43":{"start":{"line":89,"column":8},"end":{"line":89,"column":null}},"44":{"start":{"line":89,"column":19},"end":{"line":89,"column":null}},"45":{"start":{"line":90,"column":8},"end":{"line":90,"column":null}},"46":{"start":{"line":91,"column":8},"end":{"line":91,"column":null}},"47":{"start":{"line":93,"column":8},"end":{"line":93,"column":null}},"48":{"start":{"line":94,"column":8},"end":{"line":94,"column":null}},"49":{"start":{"line":95,"column":8},"end":{"line":95,"column":null}},"50":{"start":{"line":97,"column":8},"end":{"line":97,"column":null}},"51":{"start":{"line":101,"column":4},"end":{"line":101,"column":null}},"52":{"start":{"line":104,"column":2},"end":{"line":104,"column":null}},"53":{"start":{"line":108,"column":17},"end":{"line":108,"column":50}},"54":{"start":{"line":109,"column":30},"end":{"line":109,"column":60}},"55":{"start":{"line":110,"column":32},"end":{"line":110,"column":67}},"56":{"start":{"line":111,"column":28},"end":{"line":111,"column":57}},"57":{"start":{"line":113,"column":2},"end":{"line":143,"column":null}},"58":{"start":{"line":114,"column":4},"end":{"line":117,"column":5}},"59":{"start":{"line":115,"column":6},"end":{"line":115,"column":null}},"60":{"start":{"line":116,"column":6},"end":{"line":116,"column":12}},"61":{"start":{"line":119,"column":4},"end":{"line":123,"column":5}},"62":{"start":{"line":120,"column":6},"end":{"line":120,"column":null}},"63":{"start":{"line":121,"column":6},"end":{"line":121,"column":null}},"64":{"start":{"line":122,"column":6},"end":{"line":122,"column":12}},"65":{"start":{"line":126,"column":6},"end":{"line":139,"column":7}},"66":{"start":{"line":127,"column":8},"end":{"line":127,"column":null}},"67":{"start":{"line":128,"column":32},"end":{"line":128,"column":111}},"68":{"start":{"line":130,"column":8},"end":{"line":130,"column":null}},"69":{"start":{"line":130,"column":19},"end":{"line":130,"column":null}},"70":{"start":{"line":131,"column":8},"end":{"line":131,"column":null}},"71":{"start":{"line":132,"column":8},"end":{"line":132,"column":null}},"72":{"start":{"line":134,"column":8},"end":{"line":134,"column":null}},"73":{"start":{"line":135,"column":8},"end":{"line":135,"column":null}},"74":{"start":{"line":136,"column":8},"end":{"line":136,"column":null}},"75":{"start":{"line":138,"column":8},"end":{"line":138,"column":null}},"76":{"start":{"line":142,"column":4},"end":{"line":142,"column":null}},"77":{"start":{"line":145,"column":2},"end":{"line":145,"column":null}}},"fnMap":{"0":{"name":"useCountries","decl":{"start":{"line":33,"column":16},"end":{"line":33,"column":28}},"loc":{"start":{"line":33,"column":28},"end":{"line":64,"column":1}}},"1":{"name":"(anonymous_8)","decl":{"start":{"line":38,"column":12},"end":{"line":38,"column":15}},"loc":{"start":{"line":38,"column":17},"end":{"line":61,"column":3}}},"2":{"name":"fetchCountries","decl":{"start":{"line":41,"column":19},"end":{"line":41,"column":33}},"loc":{"start":{"line":41,"column":33},"end":{"line":58,"column":null}}},"3":{"name":"useStates","decl":{"start":{"line":66,"column":16},"end":{"line":66,"column":25}},"loc":{"start":{"line":66,"column":50},"end":{"line":105,"column":1}}},"4":{"name":"(anonymous_12)","decl":{"start":{"line":72,"column":12},"end":{"line":72,"column":15}},"loc":{"start":{"line":72,"column":17},"end":{"line":102,"column":3}}},"5":{"name":"fetchStates","decl":{"start":{"line":84,"column":19},"end":{"line":84,"column":30}},"loc":{"start":{"line":84,"column":30},"end":{"line":99,"column":null}}},"6":{"name":"useCities","decl":{"start":{"line":107,"column":16},"end":{"line":107,"column":25}},"loc":{"start":{"line":107,"column":48},"end":{"line":146,"column":1}}},"7":{"name":"(anonymous_16)","decl":{"start":{"line":113,"column":12},"end":{"line":113,"column":15}},"loc":{"start":{"line":113,"column":17},"end":{"line":143,"column":3}}},"8":{"name":"fetchCities","decl":{"start":{"line":125,"column":19},"end":{"line":125,"column":30}},"loc":{"start":{"line":125,"column":30},"end":{"line":140,"column":null}}}},"branchMap":{"0":{"loc":{"start":{"line":34,"column":56},"end":{"line":34,"column":74}},"type":"binary-expr","locations":[{"start":{"line":34,"column":56},"end":{"line":34,"column":68}},{"start":{"line":34,"column":72},"end":{"line":34,"column":74}}]},"1":{"loc":{"start":{"line":39,"column":4},"end":{"line":39,"column":28}},"type":"if","locations":[{"start":{"line":39,"column":4},"end":{"line":39,"column":28}}]},"2":{"loc":{"start":{"line":46,"column":8},"end":{"line":46,"column":null}},"type":"if","locations":[{"start":{"line":46,"column":8},"end":{"line":46,"column":null}}]},"3":{"loc":{"start":{"line":47,"column":23},"end":{"line":47,"column":33}},"type":"binary-expr","locations":[{"start":{"line":47,"column":23},"end":{"line":47,"column":27}},{"start":{"line":47,"column":31},"end":{"line":47,"column":33}}]},"4":{"loc":{"start":{"line":51,"column":17},"end":{"line":51,"column":81}},"type":"cond-expr","locations":[{"start":{"line":51,"column":40},"end":{"line":51,"column":51}},{"start":{"line":51,"column":54},"end":{"line":51,"column":81}}]},"5":{"loc":{"start":{"line":67,"column":17},"end":{"line":67,"column":55}},"type":"cond-expr","locations":[{"start":{"line":67,"column":29},"end":{"line":67,"column":50}},{"start":{"line":67,"column":53},"end":{"line":67,"column":55}}]},"6":{"loc":{"start":{"line":68,"column":48},"end":{"line":68,"column":60}},"type":"binary-expr","locations":[{"start":{"line":68,"column":48},"end":{"line":68,"column":54}},{"start":{"line":68,"column":58},"end":{"line":68,"column":60}}]},"7":{"loc":{"start":{"line":69,"column":41},"end":{"line":69,"column":68}},"type":"cond-expr","locations":[{"start":{"line":69,"column":53},"end":{"line":69,"column":60}},{"start":{"line":69,"column":63},"end":{"line":69,"column":68}}]},"8":{"loc":{"start":{"line":73,"column":4},"end":{"line":76,"column":5}},"type":"if","locations":[{"start":{"line":73,"column":4},"end":{"line":76,"column":5}}]},"9":{"loc":{"start":{"line":78,"column":4},"end":{"line":82,"column":5}},"type":"if","locations":[{"start":{"line":78,"column":4},"end":{"line":82,"column":5}}]},"10":{"loc":{"start":{"line":89,"column":8},"end":{"line":89,"column":null}},"type":"if","locations":[{"start":{"line":89,"column":8},"end":{"line":89,"column":null}}]},"11":{"loc":{"start":{"line":90,"column":33},"end":{"line":90,"column":43}},"type":"binary-expr","locations":[{"start":{"line":90,"column":33},"end":{"line":90,"column":37}},{"start":{"line":90,"column":41},"end":{"line":90,"column":43}}]},"12":{"loc":{"start":{"line":94,"column":17},"end":{"line":94,"column":78}},"type":"cond-expr","locations":[{"start":{"line":94,"column":40},"end":{"line":94,"column":51}},{"start":{"line":94,"column":54},"end":{"line":94,"column":78}}]},"13":{"loc":{"start":{"line":108,"column":17},"end":{"line":108,"column":50}},"type":"cond-expr","locations":[{"start":{"line":108,"column":27},"end":{"line":108,"column":45}},{"start":{"line":108,"column":48},"end":{"line":108,"column":50}}]},"14":{"loc":{"start":{"line":109,"column":47},"end":{"line":109,"column":59}},"type":"binary-expr","locations":[{"start":{"line":109,"column":47},"end":{"line":109,"column":53}},{"start":{"line":109,"column":57},"end":{"line":109,"column":59}}]},"15":{"loc":{"start":{"line":110,"column":41},"end":{"line":110,"column":66}},"type":"cond-expr","locations":[{"start":{"line":110,"column":51},"end":{"line":110,"column":58}},{"start":{"line":110,"column":61},"end":{"line":110,"column":66}}]},"16":{"loc":{"start":{"line":114,"column":4},"end":{"line":117,"column":5}},"type":"if","locations":[{"start":{"line":114,"column":4},"end":{"line":117,"column":5}}]},"17":{"loc":{"start":{"line":119,"column":4},"end":{"line":123,"column":5}},"type":"if","locations":[{"start":{"line":119,"column":4},"end":{"line":123,"column":5}}]},"18":{"loc":{"start":{"line":130,"column":8},"end":{"line":130,"column":null}},"type":"if","locations":[{"start":{"line":130,"column":8},"end":{"line":130,"column":null}}]},"19":{"loc":{"start":{"line":131,"column":30},"end":{"line":131,"column":40}},"type":"binary-expr","locations":[{"start":{"line":131,"column":30},"end":{"line":131,"column":34}},{"start":{"line":131,"column":38},"end":{"line":131,"column":40}}]},"20":{"loc":{"start":{"line":135,"column":17},"end":{"line":135,"column":78}},"type":"cond-expr","locations":[{"start":{"line":135,"column":40},"end":{"line":135,"column":51}},{"start":{"line":135,"column":54},"end":{"line":135,"column":78}}]}},"s":{"0":0,"1":0,"2":0,"3":0,"4":0,"5":0,"6":0,"7":0,"8":0,"9":0,"10":0,"11":0,"12":0,"13":0,"14":0,"15":0,"16":0,"17":0,"18":0,"19":0,"20":0,"21":0,"22":0,"23":0,"24":0,"25":0,"26":0,"27":0,"28":0,"29":0,"30":0,"31":0,"32":0,"33":0,"34":0,"35":0,"36":0,"37":0,"38":0,"39":0,"40":0,"41":0,"42":0,"43":0,"44":0,"45":0,"46":0,"47":0,"48":0,"49":0,"50":0,"51":0,"52":0,"53":0,"54":0,"55":0,"56":0,"57":0,"58":0,"59":0,"60":0,"61":0,"62":0,"63":0,"64":0,"65":0,"66":0,"67":0,"68":0,"69":0,"70":0,"71":0,"72":0,"73":0,"74":0,"75":0,"76":0,"77":0},"f":{"0":0,"1":0,"2":0,"3":0,"4":0,"5":0,"6":0,"7":0,"8":0},"b":{"0":[0,0],"1":[0],"2":[0],"3":[0,0],"4":[0,0],"5":[0,0],"6":[0,0],"7":[0,0],"8":[0],"9":[0],"10":[0],"11":[0,0],"12":[0,0],"13":[0,0],"14":[0,0],"15":[0,0],"16":[0],"17":[0],"18":[0],"19":[0,0],"20":[0,0]}}
,"/Users/harmanbatish/projects/DharmaSaathi All/DharmaSaathi.com/DharmaSaathi React Project/lib/hooks/useLocations.ts": {"path":"/Users/harmanbatish/projects/DharmaSaathi All/DharmaSaathi.com/DharmaSaathi React Project/lib/hooks/useLocations.ts","statementMap":{"0":{"start":{"line":16,"column":0},"end":{"line":16,"column":16}},"1":{"start":{"line":35,"column":0},"end":{"line":35,"column":16}},"2":{"start":{"line":1,"column":0},"end":{"line":1,"column":43}},"3":{"start":{"line":2,"column":0},"end":{"line":2,"column":41}},"4":{"start":{"line":17,"column":30},"end":{"line":17,"column":51}},"5":{"start":{"line":19,"column":2},"end":{"line":30,"column":null}},"6":{"start":{"line":21,"column":30},"end":{"line":24,"column":22}},"7":{"start":{"line":25,"column":6},"end":{"line":27,"column":7}},"8":{"start":{"line":26,"column":8},"end":{"line":26,"column":null}},"9":{"start":{"line":29,"column":4},"end":{"line":29,"column":null}},"10":{"start":{"line":32,"column":2},"end":{"line":32,"column":null}},"11":{"start":{"line":36,"column":30},"end":{"line":36,"column":50}},"12":{"start":{"line":38,"column":2},"end":{"line":54,"column":null}},"13":{"start":{"line":39,"column":4},"end":{"line":42,"column":5}},"14":{"start":{"line":40,"column":6},"end":{"line":40,"column":null}},"15":{"start":{"line":41,"column":6},"end":{"line":41,"column":12}},"16":{"start":{"line":44,"column":30},"end":{"line":48,"column":22}},"17":{"start":{"line":49,"column":6},"end":{"line":51,"column":7}},"18":{"start":{"line":50,"column":8},"end":{"line":50,"column":null}},"19":{"start":{"line":53,"column":4},"end":{"line":53,"column":null}},"20":{"start":{"line":56,"column":2},"end":{"line":56,"column":null}}},"fnMap":{"0":{"name":"useStates","decl":{"start":{"line":16,"column":16},"end":{"line":16,"column":25}},"loc":{"start":{"line":16,"column":25},"end":{"line":33,"column":1}}},"1":{"name":"(anonymous_8)","decl":{"start":{"line":19,"column":12},"end":{"line":19,"column":15}},"loc":{"start":{"line":19,"column":17},"end":{"line":30,"column":3}}},"2":{"name":"fetchStates","decl":{"start":{"line":20,"column":19},"end":{"line":20,"column":30}},"loc":{"start":{"line":20,"column":30},"end":{"line":28,"column":null}}},"3":{"name":"useCities","decl":{"start":{"line":35,"column":16},"end":{"line":35,"column":25}},"loc":{"start":{"line":35,"column":50},"end":{"line":57,"column":1}}},"4":{"name":"(anonymous_12)","decl":{"start":{"line":38,"column":12},"end":{"line":38,"column":15}},"loc":{"start":{"line":38,"column":17},"end":{"line":54,"column":3}}},"5":{"name":"fetchCities","decl":{"start":{"line":43,"column":19},"end":{"line":43,"column":30}},"loc":{"start":{"line":43,"column":30},"end":{"line":52,"column":null}}}},"branchMap":{"0":{"loc":{"start":{"line":25,"column":6},"end":{"line":27,"column":7}},"type":"if","locations":[{"start":{"line":25,"column":6},"end":{"line":27,"column":7}}]},"1":{"loc":{"start":{"line":25,"column":10},"end":{"line":25,"column":24}},"type":"binary-expr","locations":[{"start":{"line":25,"column":10},"end":{"line":25,"column":16}},{"start":{"line":25,"column":20},"end":{"line":25,"column":24}}]},"2":{"loc":{"start":{"line":39,"column":4},"end":{"line":42,"column":5}},"type":"if","locations":[{"start":{"line":39,"column":4},"end":{"line":42,"column":5}}]},"3":{"loc":{"start":{"line":49,"column":6},"end":{"line":51,"column":7}},"type":"if","locations":[{"start":{"line":49,"column":6},"end":{"line":51,"column":7}}]},"4":{"loc":{"start":{"line":49,"column":10},"end":{"line":49,"column":24}},"type":"binary-expr","locations":[{"start":{"line":49,"column":10},"end":{"line":49,"column":16}},{"start":{"line":49,"column":20},"end":{"line":49,"column":24}}]}},"s":{"0":0,"1":0,"2":0,"3":0,"4":0,"5":0,"6":0,"7":0,"8":0,"9":0,"10":0,"11":0,"12":0,"13":0,"14":0,"15":0,"16":0,"17":0,"18":0,"19":0,"20":0},"f":{"0":0,"1":0,"2":0,"3":0,"4":0,"5":0},"b":{"0":[0],"1":[0,0],"2":[0],"3":[0],"4":[0,0]}}
,"/Users/harmanbatish/projects/DharmaSaathi All/DharmaSaathi.com/DharmaSaathi React Project/lib/types/onboarding.ts": {"path":"/Users/harmanbatish/projects/DharmaSaathi All/DharmaSaathi.com/DharmaSaathi React Project/lib/types/onboarding.ts","statementMap":{"0":{"start":{"line":76,"column":0},"end":{"line":76,"column":16}},"1":{"start":{"line":84,"column":0},"end":{"line":84,"column":16}},"2":{"start":{"line":96,"column":0},"end":{"line":96,"column":16}},"3":{"start":{"line":67,"column":13},"end":{"line":73,"column":null}},"4":{"start":{"line":80,"column":2},"end":{"line":80,"column":null}},"5":{"start":{"line":85,"column":2},"end":{"line":85,"column":null}},"6":{"start":{"line":85,"column":15},"end":{"line":85,"column":null}},"7":{"start":{"line":88,"column":22},"end":{"line":88,"column":51}},"8":{"start":{"line":91,"column":22},"end":{"line":91,"column":43}},"9":{"start":{"line":92,"column":2},"end":{"line":92,"column":null}},"10":{"start":{"line":98,"column":16},"end":{"line":98,"column":45}},"11":{"start":{"line":101,"column":2},"end":{"line":103,"column":3}},"12":{"start":{"line":102,"column":4},"end":{"line":102,"column":null}},"13":{"start":{"line":105,"column":2},"end":{"line":105,"column":null}}},"fnMap":{"0":{"name":"validateEnumField","decl":{"start":{"line":76,"column":16},"end":{"line":76,"column":33}},"loc":{"start":{"line":78,"column":12},"end":{"line":81,"column":1}}},"1":{"name":"validateMobileNumber","decl":{"start":{"line":84,"column":16},"end":{"line":84,"column":36}},"loc":{"start":{"line":84,"column":51},"end":{"line":93,"column":1}}},"2":{"name":"formatMobileNumber","decl":{"start":{"line":96,"column":16},"end":{"line":96,"column":34}},"loc":{"start":{"line":96,"column":49},"end":{"line":106,"column":1}}}},"branchMap":{"0":{"loc":{"start":{"line":85,"column":2},"end":{"line":85,"column":null}},"type":"if","locations":[{"start":{"line":85,"column":2},"end":{"line":85,"column":null}}]},"1":{"loc":{"start":{"line":101,"column":2},"end":{"line":103,"column":3}},"type":"if","locations":[{"start":{"line":101,"column":2},"end":{"line":103,"column":3}}]},"2":{"loc":{"start":{"line":101,"column":6},"end":{"line":101,"column":82}},"type":"binary-expr","locations":[{"start":{"line":101,"column":6},"end":{"line":101,"column":30}},{"start":{"line":101,"column":34},"end":{"line":101,"column":55}},{"start":{"line":101,"column":59},"end":{"line":101,"column":82}}]}},"s":{"0":0,"1":0,"2":0,"3":0,"4":0,"5":0,"6":0,"7":0,"8":0,"9":0,"10":0,"11":0,"12":0,"13":0},"f":{"0":0,"1":0,"2":0},"b":{"0":[0],"1":[0],"2":[0,0,0]}}
}
