TN:
SF:app/layout.tsx
FN:51,RootLayout
FNF:1
FNH:0
FNDA:0,RootLayout
DA:2,0
DA:3,0
DA:4,0
DA:5,0
DA:6,0
DA:8,0
DA:9,0
DA:10,0
DA:12,0
DA:17,0
DA:51,0
LF:11
LH:0
BRF:0
BRH:0
end_of_record
TN:
SF:app/page.tsx
FN:19,JsonLd
FN:65,Home
FN:69,(anonymous_6)
FNF:3
FNH:0
FNDA:0,JsonLd
FNDA:0,Home
FNDA:0,(anonymous_6)
DA:2,0
DA:3,0
DA:4,0
DA:5,0
DA:6,0
DA:7,0
DA:9,0
DA:10,0
DA:11,0
DA:12,0
DA:13,0
DA:14,0
DA:15,0
DA:16,0
DA:65,0
DA:66,0
DA:67,0
DA:69,0
DA:70,0
DA:72,0
DA:73,0
LF:21
LH:0
BRDA:70,0,0,0
BRDA:70,1,0,0
BRDA:70,1,1,0
BRDA:70,1,2,0
BRDA:72,2,0,0
BRF:5
BRH:0
end_of_record
TN:
SF:app/(auth)/reset-password/ResetPasswordClient.tsx
FN:12,ResetPasswordClient
FN:22,(anonymous_2)
FN:24,(anonymous_3)
FN:27,(anonymous_4)
FN:32,(anonymous_5)
FN:42,(anonymous_6)
FN:52,(anonymous_7)
FN:59,(anonymous_8)
FN:65,(anonymous_9)
FN:94,(anonymous_10)
FN:132,(anonymous_11)
FN:139,(anonymous_12)
FN:158,(anonymous_13)
FN:187,(anonymous_14)
FN:198,(anonymous_15)
FNF:15
FNH:0
FNDA:0,ResetPasswordClient
FNDA:0,(anonymous_2)
FNDA:0,(anonymous_3)
FNDA:0,(anonymous_4)
FNDA:0,(anonymous_5)
FNDA:0,(anonymous_6)
FNDA:0,(anonymous_7)
FNDA:0,(anonymous_8)
FNDA:0,(anonymous_9)
FNDA:0,(anonymous_10)
FNDA:0,(anonymous_11)
FNDA:0,(anonymous_12)
FNDA:0,(anonymous_13)
FNDA:0,(anonymous_14)
FNDA:0,(anonymous_15)
DA:3,0
DA:4,0
DA:5,0
DA:6,0
DA:7,0
DA:8,0
DA:9,0
DA:10,0
DA:12,0
DA:13,0
DA:14,0
DA:15,0
DA:16,0
DA:17,0
DA:18,0
DA:19,0
DA:20,0
DA:22,0
DA:23,0
DA:24,0
DA:27,0
DA:28,0
DA:29,0
DA:32,0
DA:33,0
DA:35,0
DA:36,0
DA:37,0
DA:42,0
DA:43,0
DA:44,0
DA:45,0
DA:47,0
DA:52,0
DA:53,0
DA:54,0
DA:55,0
DA:59,0
DA:60,0
DA:61,0
DA:65,0
DA:66,0
DA:67,0
DA:69,0
DA:70,0
DA:71,0
DA:74,0
DA:75,0
DA:76,0
DA:79,0
DA:80,0
DA:82,0
DA:84,0
DA:88,0
DA:89,0
DA:90,0
DA:92,0
DA:93,0
DA:94,0
DA:95,0
DA:96,0
DA:100,0
DA:101,0
DA:103,0
DA:107,0
DA:121,0
DA:132,0
DA:140,0
DA:149,0
DA:159,0
DA:187,0
DA:198,0
LF:72
LH:0
BRDA:33,0,0,0
BRDA:33,0,1,0
BRDA:35,1,0,0
BRDA:43,2,0,0
BRDA:43,2,1,0
BRDA:53,3,0,0
BRDA:69,4,0,0
BRDA:74,5,0,0
BRDA:88,6,0,0
BRDA:88,6,1,0
BRDA:107,7,0,0
BRDA:121,8,0,0
BRDA:149,9,0,0
BRDA:176,10,0,0
BRDA:207,11,0,0
BRDA:207,11,1,0
BRDA:207,11,2,0
BRDA:209,12,0,0
BRDA:209,12,1,0
BRF:19
BRH:0
end_of_record
TN:
SF:app/(auth)/reset-password/page.tsx
FN:6,ResetPasswordPage
FNF:1
FNH:0
FNDA:0,ResetPasswordPage
DA:1,0
DA:4,0
DA:6,0
DA:7,0
LF:4
LH:0
BRF:0
BRH:0
end_of_record
TN:
SF:app/about/page.tsx
FN:11,AboutPage
FN:12,(anonymous_3)
FN:19,(anonymous_4)
FNF:3
FNH:0
FNDA:0,AboutPage
FNDA:0,(anonymous_3)
FNDA:0,(anonymous_4)
DA:3,0
DA:4,0
DA:5,0
DA:6,0
DA:7,0
DA:8,0
DA:9,0
DA:11,0
DA:12,0
DA:13,0
DA:16,0
DA:17,0
DA:19,0
DA:20,0
DA:21,0
DA:22,0
DA:23,0
DA:26,0
LF:18
LH:0
BRDA:20,0,0,0
BRDA:20,0,1,0
BRDA:22,1,0,0
BRF:3
BRH:0
end_of_record
TN:
SF:app/admin/layout.tsx
FN:4,AdminLayout
FNF:1
FNH:0
FNDA:0,AdminLayout
DA:2,0
DA:4,0
LF:2
LH:0
BRF:0
BRH:0
end_of_record
TN:
SF:app/admin/loading.tsx
FN:1,Loading
FNF:1
FNH:0
FNDA:0,Loading
DA:1,0
DA:2,0
LF:2
LH:0
BRF:0
BRH:0
end_of_record
TN:
SF:app/admin/middleware.tsx
FN:25,(anonymous_1)
FN:31,AdminMiddleware
FN:39,(anonymous_3)
FN:43,(anonymous_4)
FN:119,(anonymous_5)
FN:123,(anonymous_6)
FN:170,(anonymous_7)
FNF:7
FNH:0
FNDA:0,(anonymous_1)
FNDA:0,AdminMiddleware
FNDA:0,(anonymous_3)
FNDA:0,(anonymous_4)
FNDA:0,(anonymous_5)
FNDA:0,(anonymous_6)
FNDA:0,(anonymous_7)
DA:5,0
DA:6,0
DA:7,0
DA:8,0
DA:9,0
DA:25,0
DA:26,0
DA:27,0
DA:28,0
DA:31,0
DA:32,0
DA:33,0
DA:34,0
DA:35,0
DA:36,0
DA:37,0
DA:39,0
DA:40,0
DA:43,0
DA:44,0
DA:45,0
DA:46,0
DA:49,0
DA:50,0
DA:51,0
DA:52,0
DA:59,0
DA:61,0
DA:62,0
DA:63,0
DA:66,0
DA:67,0
DA:68,0
DA:69,0
DA:73,0
DA:79,0
DA:80,0
DA:81,0
DA:84,0
DA:85,0
DA:89,0
DA:90,0
DA:91,0
DA:95,0
DA:96,0
DA:97,0
DA:98,0
DA:99,0
DA:103,0
DA:104,0
DA:105,0
DA:111,0
DA:112,0
DA:113,0
DA:115,0
DA:119,0
DA:120,0
DA:123,0
DA:124,0
DA:125,0
DA:126,0
DA:128,0
DA:130,0
DA:134,0
DA:145,0
DA:163,0
DA:170,0
LF:67
LH:0
BRDA:26,0,0,0
BRDA:28,1,0,0
BRDA:28,1,1,0
BRDA:28,1,2,0
BRDA:49,2,0,0
BRDA:61,3,0,0
BRDA:66,4,0,0
BRDA:79,5,0,0
BRDA:84,6,0,0
BRDA:89,7,0,0
BRDA:95,8,0,0
BRDA:112,9,0,0
BRDA:112,9,1,0
BRDA:134,10,0,0
BRDA:145,11,0,0
BRDA:163,12,0,0
BRF:16
BRH:0
end_of_record
TN:
SF:app/admin/page.tsx
FN:182,AdminDashboard
FN:273,(anonymous_3)
FN:295,(anonymous_4)
FN:301,(anonymous_5)
FN:323,(anonymous_6)
FN:355,(anonymous_7)
FN:388,(anonymous_8)
FN:394,(anonymous_9)
FN:404,(anonymous_10)
FN:465,(anonymous_11)
FN:482,(anonymous_12)
FN:491,(anonymous_13)
FN:505,(anonymous_14)
FN:548,(anonymous_15)
FN:566,(anonymous_16)
FN:570,(anonymous_17)
FN:598,(anonymous_18)
FN:613,(anonymous_19)
FN:649,(anonymous_20)
FN:665,(anonymous_21)
FN:683,(anonymous_22)
FN:685,(anonymous_23)
FN:688,(anonymous_24)
FN:711,(anonymous_25)
FN:737,(anonymous_26)
FN:738,(anonymous_27)
FN:749,(anonymous_28)
FN:758,(anonymous_29)
FN:759,(anonymous_30)
FN:765,(anonymous_31)
FN:766,(anonymous_32)
FN:829,(anonymous_35)
FN:861,(anonymous_36)
FN:1065,(anonymous_37)
FN:1082,(anonymous_38)
FN:1087,(anonymous_39)
FN:1133,(anonymous_40)
FN:1218,(anonymous_41)
FN:1250,(anonymous_42)
FN:1261,(anonymous_43)
FN:1271,(anonymous_44)
FN:1283,(anonymous_45)
FN:1291,(anonymous_46)
FN:1353,(anonymous_47)
FN:1357,(anonymous_48)
FN:1361,(anonymous_49)
FN:1368,(anonymous_50)
FN:1372,(anonymous_51)
FN:1381,(anonymous_52)
FN:1386,(anonymous_53)
FN:1483,(anonymous_54)
FN:1494,(anonymous_55)
FN:1504,(anonymous_56)
FN:1543,(anonymous_57)
FN:1548,(anonymous_58)
FN:1611,(anonymous_59)
FN:1618,(anonymous_60)
FN:1627,(anonymous_61)
FN:1639,(anonymous_62)
FN:1678,(anonymous_63)
FN:1759,(anonymous_64)
FN:1779,(anonymous_65)
FN:1803,(anonymous_66)
FN:1824,(anonymous_67)
FN:1973,(anonymous_68)
FN:1988,(anonymous_69)
FN:2003,(anonymous_70)
FN:2104,(anonymous_71)
FN:2108,(anonymous_72)
FN:2145,(anonymous_73)
FN:2152,(anonymous_74)
FN:2161,(anonymous_75)
FN:2174,(anonymous_76)
FN:2190,(anonymous_77)
FN:2203,(anonymous_78)
FN:2218,(anonymous_79)
FN:2231,(anonymous_80)
FN:2285,(anonymous_81)
FN:2324,(anonymous_82)
FN:2330,(anonymous_83)
FN:2330,(anonymous_84)
FN:2340,(anonymous_85)
FN:2355,(anonymous_86)
FN:2363,(anonymous_87)
FN:2374,(anonymous_88)
FN:2383,(anonymous_89)
FN:2392,(anonymous_90)
FN:2402,(anonymous_91)
FN:2418,(anonymous_92)
FN:2433,(anonymous_93)
FN:2436,(anonymous_94)
FN:2455,(anonymous_95)
FN:2470,(anonymous_96)
FN:2488,(anonymous_97)
FN:2497,(anonymous_98)
FN:2511,(anonymous_99)
FN:2571,(anonymous_100)
FN:2600,(anonymous_101)
FN:2629,fetchContactMessages
FNF:99
FNH:0
FNDA:0,AdminDashboard
FNDA:0,(anonymous_3)
FNDA:0,(anonymous_4)
FNDA:0,(anonymous_5)
FNDA:0,(anonymous_6)
FNDA:0,(anonymous_7)
FNDA:0,(anonymous_8)
FNDA:0,(anonymous_9)
FNDA:0,(anonymous_10)
FNDA:0,(anonymous_11)
FNDA:0,(anonymous_12)
FNDA:0,(anonymous_13)
FNDA:0,(anonymous_14)
FNDA:0,(anonymous_15)
FNDA:0,(anonymous_16)
FNDA:0,(anonymous_17)
FNDA:0,(anonymous_18)
FNDA:0,(anonymous_19)
FNDA:0,(anonymous_20)
FNDA:0,(anonymous_21)
FNDA:0,(anonymous_22)
FNDA:0,(anonymous_23)
FNDA:0,(anonymous_24)
FNDA:0,(anonymous_25)
FNDA:0,(anonymous_26)
FNDA:0,(anonymous_27)
FNDA:0,(anonymous_28)
FNDA:0,(anonymous_29)
FNDA:0,(anonymous_30)
FNDA:0,(anonymous_31)
FNDA:0,(anonymous_32)
FNDA:0,(anonymous_35)
FNDA:0,(anonymous_36)
FNDA:0,(anonymous_37)
FNDA:0,(anonymous_38)
FNDA:0,(anonymous_39)
FNDA:0,(anonymous_40)
FNDA:0,(anonymous_41)
FNDA:0,(anonymous_42)
FNDA:0,(anonymous_43)
FNDA:0,(anonymous_44)
FNDA:0,(anonymous_45)
FNDA:0,(anonymous_46)
FNDA:0,(anonymous_47)
FNDA:0,(anonymous_48)
FNDA:0,(anonymous_49)
FNDA:0,(anonymous_50)
FNDA:0,(anonymous_51)
FNDA:0,(anonymous_52)
FNDA:0,(anonymous_53)
FNDA:0,(anonymous_54)
FNDA:0,(anonymous_55)
FNDA:0,(anonymous_56)
FNDA:0,(anonymous_57)
FNDA:0,(anonymous_58)
FNDA:0,(anonymous_59)
FNDA:0,(anonymous_60)
FNDA:0,(anonymous_61)
FNDA:0,(anonymous_62)
FNDA:0,(anonymous_63)
FNDA:0,(anonymous_64)
FNDA:0,(anonymous_65)
FNDA:0,(anonymous_66)
FNDA:0,(anonymous_67)
FNDA:0,(anonymous_68)
FNDA:0,(anonymous_69)
FNDA:0,(anonymous_70)
FNDA:0,(anonymous_71)
FNDA:0,(anonymous_72)
FNDA:0,(anonymous_73)
FNDA:0,(anonymous_74)
FNDA:0,(anonymous_75)
FNDA:0,(anonymous_76)
FNDA:0,(anonymous_77)
FNDA:0,(anonymous_78)
FNDA:0,(anonymous_79)
FNDA:0,(anonymous_80)
FNDA:0,(anonymous_81)
FNDA:0,(anonymous_82)
FNDA:0,(anonymous_83)
FNDA:0,(anonymous_84)
FNDA:0,(anonymous_85)
FNDA:0,(anonymous_86)
FNDA:0,(anonymous_87)
FNDA:0,(anonymous_88)
FNDA:0,(anonymous_89)
FNDA:0,(anonymous_90)
FNDA:0,(anonymous_91)
FNDA:0,(anonymous_92)
FNDA:0,(anonymous_93)
FNDA:0,(anonymous_94)
FNDA:0,(anonymous_95)
FNDA:0,(anonymous_96)
FNDA:0,(anonymous_97)
FNDA:0,(anonymous_98)
FNDA:0,(anonymous_99)
FNDA:0,(anonymous_100)
FNDA:0,(anonymous_101)
FNDA:0,fetchContactMessages
DA:3,0
DA:4,0
DA:5,0
DA:6,0
DA:7,0
DA:8,0
DA:9,0
DA:10,0
DA:11,0
DA:47,0
DA:55,0
DA:56,0
DA:57,0
DA:58,0
DA:59,0
DA:60,0
DA:61,0
DA:182,0
DA:183,0
DA:184,0
DA:193,0
DA:201,0
DA:202,0
DA:203,0
DA:204,0
DA:205,0
DA:206,0
DA:207,0
DA:208,0
DA:209,0
DA:210,0
DA:211,0
DA:212,0
DA:225,0
DA:238,0
DA:239,0
DA:240,0
DA:241,0
DA:242,0
DA:243,0
DA:244,0
DA:247,0
DA:260,0
DA:261,0
DA:262,0
DA:270,0
DA:271,0
DA:273,0
DA:274,0
DA:275,0
DA:277,0
DA:278,0
DA:280,0
DA:295,0
DA:296,0
DA:297,0
DA:301,0
DA:302,0
DA:305,0
DA:307,0
DA:308,0
DA:314,0
DA:315,0
DA:319,0
DA:323,0
DA:324,0
DA:325,0
DA:326,0
DA:328,0
DA:330,0
DA:331,0
DA:346,0
DA:354,0
DA:355,0
DA:356,0
DA:359,0
DA:360,0
DA:367,0
DA:368,0
DA:369,0
DA:370,0
DA:373,0
DA:374,0
DA:375,0
DA:376,0
DA:382,0
DA:383,0
DA:384,0
DA:388,0
DA:389,0
DA:390,0
DA:394,0
DA:395,0
DA:396,0
DA:397,0
DA:399,0
DA:400,0
DA:404,0
DA:405,0
DA:406,0
DA:407,0
DA:409,0
DA:411,0
DA:412,0
DA:414,0
DA:415,0
DA:417,0
DA:418,0
DA:420,0
DA:421,0
DA:423,0
DA:428,0
DA:430,0
DA:437,0
DA:439,0
DA:446,0
DA:448,0
DA:451,0
DA:453,0
DA:455,0
DA:461,0
DA:464,0
DA:465,0
DA:466,0
DA:467,0
DA:471,0
DA:472,0
DA:478,0
DA:482,0
DA:483,0
DA:491,0
DA:492,0
DA:494,0
DA:495,0
DA:497,0
DA:505,0
DA:506,0
DA:507,0
DA:512,0
DA:515,0
DA:516,0
DA:528,0
DA:529,0
DA:532,0
DA:537,0
DA:539,0
DA:540,0
DA:548,0
DA:549,0
DA:558,0
DA:566,0
DA:567,0
DA:570,0
DA:571,0
DA:573,0
DA:574,0
DA:575,0
DA:577,0
DA:579,0
DA:584,0
DA:585,0
DA:587,0
DA:588,0
DA:594,0
DA:598,0
DA:599,0
DA:601,0
DA:606,0
DA:608,0
DA:609,0
DA:611,0
DA:614,0
DA:628,0
DA:629,0
DA:630,0
DA:631,0
DA:632,0
DA:633,0
DA:634,0
DA:636,0
DA:641,0
DA:649,0
DA:650,0
DA:651,0
DA:653,0
DA:655,0
DA:657,0
DA:659,0
DA:661,0
DA:665,0
DA:666,0
DA:667,0
DA:668,0
DA:669,0
DA:670,0
DA:671,0
DA:672,0
DA:673,0
DA:675,0
DA:677,0
DA:683,0
DA:684,0
DA:685,0
DA:688,0
DA:689,0
DA:690,0
DA:692,0
DA:711,0
DA:712,0
DA:715,0
DA:716,0
DA:719,0
DA:720,0
DA:721,0
DA:722,0
DA:723,0
DA:724,0
DA:725,0
DA:726,0
DA:728,0
DA:732,0
DA:734,0
DA:737,0
DA:738,0
DA:739,0
DA:741,0
DA:749,0
DA:750,0
DA:758,0
DA:759,0
DA:765,0
DA:766,0
DA:810,0
DA:821,0
DA:829,0
DA:861,0
DA:1066,0
DA:1083,0
DA:1088,0
DA:1089,0
DA:1133,0
DA:1218,0
DA:1250,0
DA:1261,0
DA:1272,0
DA:1284,0
DA:1292,0
DA:1293,0
DA:1353,0
DA:1357,0
DA:1361,0
DA:1368,0
DA:1372,0
DA:1381,0
DA:1386,0
DA:1483,0
DA:1494,0
DA:1505,0
DA:1544,0
DA:1549,0
DA:1550,0
DA:1611,0
DA:1618,0
DA:1627,0
DA:1639,0
DA:1679,0
DA:1760,0
DA:1779,0
DA:1803,0
DA:1825,0
DA:1826,0
DA:1827,0
DA:1974,0
DA:1975,0
DA:1976,0
DA:1977,0
DA:1978,0
DA:1979,0
DA:1980,0
DA:1982,0
DA:1989,0
DA:2004,0
DA:2105,0
DA:2109,0
DA:2145,0
DA:2152,0
DA:2161,0
DA:2174,0
DA:2190,0
DA:2203,0
DA:2218,0
DA:2231,0
DA:2286,0
DA:2325,0
DA:2330,0
DA:2340,0
DA:2355,0
DA:2363,0
DA:2374,0
DA:2383,0
DA:2392,0
DA:2402,0
DA:2418,0
DA:2433,0
DA:2436,0
DA:2455,0
DA:2470,0
DA:2488,0
DA:2497,0
DA:2511,0
DA:2571,0
DA:2600,0
LF:312
LH:0
BRDA:275,0,0,0
BRDA:275,0,1,0
BRDA:277,1,0,0
BRDA:277,1,1,0
BRDA:296,2,0,0
BRDA:307,3,0,0
BRDA:314,4,0,0
BRDA:323,5,0,0
BRDA:323,6,0,0
BRDA:325,7,0,0
BRDA:354,8,0,0
BRDA:356,9,0,0
BRDA:356,9,1,0
BRDA:367,10,0,0
BRDA:367,10,1,0
BRDA:369,11,0,0
BRDA:374,12,0,0
BRDA:374,12,1,0
BRDA:389,13,0,0
BRDA:389,14,0,0
BRDA:389,14,1,0
BRDA:409,15,0,0
BRDA:409,15,1,0
BRDA:409,15,2,0
BRDA:409,15,3,0
BRDA:409,15,4,0
BRDA:409,15,5,0
BRDA:409,15,6,0
BRDA:409,15,7,0
BRDA:453,16,0,0
BRDA:457,17,0,0
BRDA:457,17,1,0
BRDA:464,18,0,0
BRDA:466,19,0,0
BRDA:486,20,0,0
BRDA:486,20,1,0
BRDA:492,21,0,0
BRDA:492,22,0,0
BRDA:492,22,1,0
BRDA:494,23,0,0
BRDA:494,23,1,0
BRDA:506,24,0,0
BRDA:506,25,0,0
BRDA:506,25,1,0
BRDA:528,26,0,0
BRDA:548,27,0,0
BRDA:561,28,0,0
BRDA:561,28,1,0
BRDA:571,29,0,0
BRDA:577,30,0,0
BRDA:606,31,0,0
BRDA:609,32,0,0
BRDA:609,32,1,0
BRDA:615,33,0,0
BRDA:615,33,1,0
BRDA:615,34,0,0
BRDA:615,34,1,0
BRDA:616,35,0,0
BRDA:616,35,1,0
BRDA:617,36,0,0
BRDA:617,36,1,0
BRDA:618,37,0,0
BRDA:618,37,1,0
BRDA:621,38,0,0
BRDA:621,38,1,0
BRDA:622,39,0,0
BRDA:622,39,1,0
BRDA:650,40,0,0
BRDA:651,41,0,0
BRDA:651,41,1,0
BRDA:651,41,2,0
BRDA:651,41,3,0
BRDA:651,41,4,0
BRDA:666,42,0,0
BRDA:672,43,0,0
BRDA:672,44,0,0
BRDA:672,44,1,0
BRDA:672,44,2,0
BRDA:684,45,0,0
BRDA:684,46,0,0
BRDA:684,46,1,0
BRDA:685,47,0,0
BRDA:685,47,1,0
BRDA:685,47,2,0
BRDA:685,47,3,0
BRDA:712,48,0,0
BRDA:712,49,0,0
BRDA:712,49,1,0
BRDA:716,50,0,0
BRDA:720,51,0,0
BRDA:721,52,0,0
BRDA:721,52,1,0
BRDA:723,53,0,0
BRDA:726,54,0,0
BRDA:726,54,1,0
BRDA:728,55,0,0
BRDA:728,55,1,0
BRDA:732,56,0,0
BRDA:738,57,0,0
BRDA:738,57,1,0
BRDA:739,58,0,0
BRDA:768,59,0,0
BRDA:768,59,1,0
BRDA:810,60,0,0
BRDA:810,61,0,0
BRDA:810,61,1,0
BRDA:821,62,0,0
BRDA:852,63,0,0
BRDA:852,63,1,0
BRDA:864,64,0,0
BRDA:864,64,1,0
BRDA:878,65,0,0
BRDA:878,65,1,0
BRDA:886,66,0,0
BRDA:886,66,1,0
BRDA:931,67,0,0
BRDA:958,68,0,0
BRDA:958,68,1,0
BRDA:971,69,0,0
BRDA:971,69,1,0
BRDA:985,70,0,0
BRDA:985,70,1,0
BRDA:996,71,0,0
BRDA:1036,72,0,0
BRDA:1036,72,1,0
BRDA:1064,73,0,0
BRDA:1089,74,0,0
BRDA:1089,74,1,0
BRDA:1094,75,0,0
BRDA:1094,75,1,0
BRDA:1095,76,0,0
BRDA:1095,76,1,0
BRDA:1100,77,0,0
BRDA:1100,77,1,0
BRDA:1100,78,0,0
BRDA:1100,78,1,0
BRDA:1103,79,0,0
BRDA:1103,79,1,0
BRDA:1103,80,0,0
BRDA:1103,80,1,0
BRDA:1109,81,0,0
BRDA:1109,81,1,0
BRDA:1111,82,0,0
BRDA:1111,82,1,0
BRDA:1238,83,0,0
BRDA:1251,84,0,0
BRDA:1251,84,1,0
BRDA:1262,85,0,0
BRDA:1262,85,1,0
BRDA:1270,86,0,0
BRDA:1276,87,0,0
BRDA:1293,88,0,0
BRDA:1293,88,1,0
BRDA:1298,89,0,0
BRDA:1298,89,1,0
BRDA:1299,90,0,0
BRDA:1299,90,1,0
BRDA:1305,91,0,0
BRDA:1305,91,1,0
BRDA:1305,92,0,0
BRDA:1305,92,1,0
BRDA:1307,93,0,0
BRDA:1308,94,0,0
BRDA:1309,95,0,0
BRDA:1316,96,0,0
BRDA:1316,96,1,0
BRDA:1320,97,0,0
BRDA:1320,97,1,0
BRDA:1324,98,0,0
BRDA:1324,98,1,0
BRDA:1324,99,0,0
BRDA:1324,99,1,0
BRDA:1329,100,0,0
BRDA:1329,100,1,0
BRDA:1331,101,0,0
BRDA:1332,102,0,0
BRDA:1344,103,0,0
BRDA:1366,104,0,0
BRDA:1381,105,0,0
BRDA:1474,106,0,0
BRDA:1484,107,0,0
BRDA:1484,107,1,0
BRDA:1495,108,0,0
BRDA:1495,108,1,0
BRDA:1503,109,0,0
BRDA:1550,110,0,0
BRDA:1550,110,1,0
BRDA:1555,111,0,0
BRDA:1555,111,1,0
BRDA:1556,112,0,0
BRDA:1556,112,1,0
BRDA:1562,113,0,0
BRDA:1562,113,1,0
BRDA:1562,114,0,0
BRDA:1562,114,1,0
BRDA:1564,115,0,0
BRDA:1566,116,0,0
BRDA:1566,116,1,0
BRDA:1577,117,0,0
BRDA:1577,117,1,0
BRDA:1583,118,0,0
BRDA:1583,118,1,0
BRDA:1583,119,0,0
BRDA:1583,119,1,0
BRDA:1587,120,0,0
BRDA:1587,120,1,0
BRDA:1592,121,0,0
BRDA:1592,121,1,0
BRDA:1593,122,0,0
BRDA:1593,122,1,0
BRDA:1594,123,0,0
BRDA:1594,123,1,0
BRDA:1598,124,0,0
BRDA:1601,125,0,0
BRDA:1601,125,1,0
BRDA:1631,126,0,0
BRDA:1643,127,0,0
BRDA:1654,128,0,0
BRDA:1677,129,0,0
BRDA:1697,130,0,0
BRDA:1697,130,1,0
BRDA:1711,131,0,0
BRDA:1711,131,1,0
BRDA:1725,132,0,0
BRDA:1725,132,1,0
BRDA:1739,133,0,0
BRDA:1739,133,1,0
BRDA:1758,134,0,0
BRDA:1812,135,0,0
BRDA:1825,136,0,0
BRDA:1827,137,0,0
BRDA:1827,137,1,0
BRDA:1832,138,0,0
BRDA:1832,138,1,0
BRDA:1833,139,0,0
BRDA:1833,139,1,0
BRDA:1838,140,0,0
BRDA:1838,140,1,0
BRDA:1838,141,0,0
BRDA:1838,141,1,0
BRDA:1841,142,0,0
BRDA:1841,142,1,0
BRDA:1844,143,0,0
BRDA:1844,143,1,0
BRDA:1848,144,0,0
BRDA:1848,144,1,0
BRDA:1850,145,0,0
BRDA:1853,146,0,0
BRDA:1856,147,0,0
BRDA:1866,148,0,0
BRDA:1866,148,1,0
BRDA:1867,149,0,0
BRDA:1871,150,0,0
BRDA:1871,150,1,0
BRDA:1872,151,0,0
BRDA:1877,152,0,0
BRDA:1877,152,1,0
BRDA:1877,153,0,0
BRDA:1877,153,1,0
BRDA:1912,154,0,0
BRDA:1912,154,1,0
BRDA:1916,155,0,0
BRDA:1916,155,1,0
BRDA:1920,156,0,0
BRDA:1920,156,1,0
BRDA:1924,157,0,0
BRDA:1924,157,1,0
BRDA:1928,158,0,0
BRDA:1928,158,1,0
BRDA:1932,159,0,0
BRDA:1932,159,1,0
BRDA:1948,160,0,0
BRDA:1948,160,1,0
BRDA:1952,161,0,0
BRDA:1952,161,1,0
BRDA:1956,162,0,0
BRDA:1956,162,1,0
BRDA:1968,163,0,0
BRDA:1968,163,1,0
BRDA:1975,164,0,0
BRDA:1976,165,0,0
BRDA:1976,165,1,0
BRDA:1978,166,0,0
BRDA:1988,167,0,0
BRDA:2003,168,0,0
BRDA:2002,169,0,0
BRDA:2002,169,1,0
BRDA:2002,169,2,0
BRDA:2015,170,0,0
BRDA:2015,170,1,0
BRDA:2020,171,0,0
BRDA:2039,172,0,0
BRDA:2039,172,1,0
BRDA:2043,173,0,0
BRDA:2043,173,1,0
BRDA:2047,174,0,0
BRDA:2047,174,1,0
BRDA:2051,175,0,0
BRDA:2051,175,1,0
BRDA:2054,176,0,0
BRDA:2074,177,0,0
BRDA:2074,177,1,0
BRDA:2085,178,0,0
BRDA:2085,178,1,0
BRDA:2094,179,0,0
BRDA:2096,180,0,0
BRDA:2096,180,1,0
BRDA:2103,181,0,0
BRDA:2117,182,0,0
BRDA:2117,182,1,0
BRDA:2157,183,0,0
BRDA:2165,184,0,0
BRDA:2178,185,0,0
BRDA:2187,186,0,0
BRDA:2186,187,0,0
BRDA:2186,187,1,0
BRDA:2194,188,0,0
BRDA:2207,189,0,0
BRDA:2215,190,0,0
BRDA:2222,191,0,0
BRDA:2235,192,0,0
BRDA:2280,193,0,0
BRDA:2300,194,0,0
BRDA:2322,195,0,0
BRDA:2328,196,0,0
BRDA:2328,196,1,0
BRDA:2347,197,0,0
BRDA:2354,198,0,0
BRDA:2354,198,1,0
BRDA:2362,199,0,0
BRDA:2362,199,1,0
BRDA:2373,200,0,0
BRDA:2373,200,1,0
BRDA:2382,201,0,0
BRDA:2382,201,1,0
BRDA:2391,202,0,0
BRDA:2391,202,1,0
BRDA:2401,203,0,0
BRDA:2401,203,1,0
BRDA:2417,204,0,0
BRDA:2417,204,1,0
BRDA:2437,205,0,0
BRDA:2437,205,1,0
BRDA:2511,206,0,0
BRDA:2511,206,1,0
BRDA:2521,207,0,0
BRDA:2521,207,1,0
BRDA:2527,208,0,0
BRDA:2532,209,0,0
BRDA:2534,210,0,0
BRDA:2534,210,1,0
BRDA:2542,211,0,0
BRDA:2542,211,1,0
BRDA:2548,212,0,0
BRDA:2548,212,1,0
BRDA:2606,213,0,0
BRDA:2606,213,1,0
BRDA:2609,214,0,0
BRDA:2629,215,0,0
BRF:359
BRH:0
end_of_record
TN:
SF:app/admin/analytics/loading.tsx
FN:1,Loading
FNF:1
FNH:0
FNDA:0,Loading
DA:1,0
DA:2,0
LF:2
LH:0
BRF:0
BRH:0
end_of_record
TN:
SF:app/admin/analytics/page.tsx
FN:28,AnalyticsPage
FN:33,(anonymous_3)
FN:37,(anonymous_4)
FN:63,(anonymous_5)
FN:87,(anonymous_6)
FN:94,(anonymous_7)
FN:101,(anonymous_8)
FN:142,(anonymous_9)
FN:155,(anonymous_10)
FN:206,(anonymous_11)
FN:211,(anonymous_12)
FN:260,(anonymous_13)
FNF:12
FNH:0
FNDA:0,AnalyticsPage
FNDA:0,(anonymous_3)
FNDA:0,(anonymous_4)
FNDA:0,(anonymous_5)
FNDA:0,(anonymous_6)
FNDA:0,(anonymous_7)
FNDA:0,(anonymous_8)
FNDA:0,(anonymous_9)
FNDA:0,(anonymous_10)
FNDA:0,(anonymous_11)
FNDA:0,(anonymous_12)
FNDA:0,(anonymous_13)
DA:3,0
DA:4,0
DA:5,0
DA:6,0
DA:7,0
DA:8,0
DA:9,0
DA:10,0
DA:11,0
DA:28,0
DA:29,0
DA:30,0
DA:31,0
DA:33,0
DA:34,0
DA:37,0
DA:38,0
DA:40,0
DA:41,0
DA:44,0
DA:45,0
DA:48,0
DA:49,0
DA:53,0
DA:56,0
DA:58,0
DA:59,0
DA:63,0
DA:64,0
DA:65,0
DA:66,0
DA:68,0
DA:70,0
DA:71,0
DA:72,0
DA:73,0
DA:76,0
DA:86,0
DA:87,0
DA:93,0
DA:94,0
DA:100,0
DA:101,0
DA:107,0
DA:142,0
DA:155,0
DA:206,0
DA:212,0
DA:261,0
LF:49
LH:0
BRDA:48,0,0,0
BRDA:76,1,0,0
BRDA:86,2,0,0
BRDA:86,2,1,0
BRDA:93,3,0,0
BRDA:93,3,1,0
BRDA:100,4,0,0
BRDA:100,4,1,0
BRDA:130,5,0,0
BRDA:130,5,1,0
BRDA:142,6,0,0
BRDA:142,6,1,0
BRDA:155,7,0,0
BRDA:155,7,1,0
BRDA:168,8,0,0
BRDA:168,8,1,0
BRDA:260,9,0,0
BRDA:260,9,1,0
BRF:18
BRH:0
end_of_record
TN:
SF:app/admin/login/page.tsx
FN:29,(anonymous_2)
FN:35,AdminLogin
FN:47,(anonymous_4)
FN:51,(anonymous_5)
FN:114,(anonymous_6)
FN:131,(anonymous_7)
FN:132,(anonymous_8)
FN:134,(anonymous_9)
FN:138,(anonymous_10)
FN:355,(anonymous_11)
FN:374,(anonymous_12)
FN:382,(anonymous_13)
FNF:12
FNH:0
FNDA:0,(anonymous_2)
FNDA:0,AdminLogin
FNDA:0,(anonymous_4)
FNDA:0,(anonymous_5)
FNDA:0,(anonymous_6)
FNDA:0,(anonymous_7)
FNDA:0,(anonymous_8)
FNDA:0,(anonymous_9)
FNDA:0,(anonymous_10)
FNDA:0,(anonymous_11)
FNDA:0,(anonymous_12)
FNDA:0,(anonymous_13)
DA:5,0
DA:6,0
DA:7,0
DA:8,0
DA:9,0
DA:10,0
DA:11,0
DA:12,0
DA:13,0
DA:14,0
DA:15,0
DA:29,0
DA:30,0
DA:31,0
DA:32,0
DA:35,0
DA:36,0
DA:40,0
DA:41,0
DA:42,0
DA:43,0
DA:44,0
DA:45,0
DA:47,0
DA:48,0
DA:51,0
DA:52,0
DA:56,0
DA:58,0
DA:59,0
DA:60,0
DA:61,0
DA:64,0
DA:66,0
DA:72,0
DA:73,0
DA:74,0
DA:80,0
DA:81,0
DA:84,0
DA:85,0
DA:86,0
DA:87,0
DA:88,0
DA:91,0
DA:93,0
DA:94,0
DA:97,0
DA:98,0
DA:107,0
DA:108,0
DA:110,0
DA:114,0
DA:115,0
DA:117,0
DA:118,0
DA:119,0
DA:120,0
DA:123,0
DA:124,0
DA:127,0
DA:128,0
DA:131,0
DA:132,0
DA:133,0
DA:134,0
DA:138,0
DA:139,0
DA:140,0
DA:142,0
DA:143,0
DA:144,0
DA:146,0
DA:147,0
DA:150,0
DA:155,0
DA:156,0
DA:157,0
DA:160,0
DA:161,0
DA:164,0
DA:167,0
DA:173,0
DA:175,0
DA:176,0
DA:177,0
DA:185,0
DA:188,0
DA:189,0
DA:195,0
DA:199,0
DA:200,0
DA:201,0
DA:205,0
DA:206,0
DA:207,0
DA:217,0
DA:221,0
DA:222,0
DA:230,0
DA:235,0
DA:243,0
DA:245,0
DA:248,0
DA:249,0
DA:251,0
DA:253,0
DA:254,0
DA:265,0
DA:269,0
DA:270,0
DA:271,0
DA:272,0
DA:273,0
DA:274,0
DA:275,0
DA:276,0
DA:278,0
DA:281,0
DA:285,0
DA:355,0
DA:374,0
DA:382,0
LF:123
LH:0
BRDA:30,0,0,0
BRDA:32,1,0,0
BRDA:32,1,1,0
BRDA:32,1,2,0
BRDA:58,2,0,0
BRDA:64,3,0,0
BRDA:72,4,0,0
BRDA:84,5,0,0
BRDA:91,6,0,0
BRDA:91,6,1,0
BRDA:117,7,0,0
BRDA:117,7,1,0
BRDA:119,8,0,0
BRDA:123,9,0,0
BRDA:133,10,0,0
BRDA:140,11,0,0
BRDA:155,12,0,0
BRDA:160,13,0,0
BRDA:175,14,0,0
BRDA:188,15,0,0
BRDA:199,16,0,0
BRDA:205,17,0,0
BRDA:214,18,0,0
BRDA:214,18,1,0
BRDA:217,19,0,0
BRDA:217,19,1,0
BRDA:249,20,0,0
BRDA:253,21,0,0
BRDA:269,22,0,0
BRDA:269,22,1,0
BRDA:271,23,0,0
BRDA:271,23,1,0
BRDA:273,24,0,0
BRDA:273,24,1,0
BRDA:275,25,0,0
BRDA:275,25,1,0
BRDA:278,26,0,0
BRDA:278,26,1,0
BRDA:285,27,0,0
BRDA:312,28,0,0
BRDA:321,29,0,0
BRDA:339,30,0,0
BRDA:356,31,0,0
BRDA:356,31,1,0
BRDA:362,32,0,0
BRDA:372,33,0,0
BRDA:372,33,1,0
BRDA:375,34,0,0
BRDA:375,34,1,0
BRDA:386,35,0,0
BRDA:389,36,0,0
BRDA:398,37,0,0
BRF:52
BRH:0
end_of_record
TN:
SF:app/api/admin/contact-messages/route.ts
FN:6,GET
FN:83,PATCH
FNF:2
FNH:0
FNDA:0,GET
FNDA:0,PATCH
DA:1,0
DA:2,0
DA:4,0
DA:6,0
DA:7,0
DA:8,0
DA:9,0
DA:10,0
DA:11,0
DA:12,0
DA:14,0
DA:17,0
DA:26,0
DA:27,0
DA:31,0
DA:32,0
DA:38,0
DA:43,0
DA:44,0
DA:45,0
DA:49,0
DA:53,0
DA:54,0
DA:55,0
DA:58,0
DA:59,0
DA:60,0
DA:61,0
DA:63,0
DA:72,0
DA:78,0
DA:79,0
DA:83,0
DA:84,0
DA:85,0
DA:86,0
DA:87,0
DA:88,0
DA:90,0
DA:91,0
DA:98,0
DA:99,0
DA:100,0
DA:107,0
DA:109,0
DA:110,0
DA:113,0
DA:114,0
DA:115,0
DA:120,0
DA:127,0
DA:128,0
DA:129,0
DA:135,0
DA:141,0
DA:142,0
LF:56
LH:0
BRDA:9,0,0,0
BRDA:9,0,1,0
BRDA:10,1,0,0
BRDA:10,1,1,0
BRDA:11,2,0,0
BRDA:11,2,1,0
BRDA:12,3,0,0
BRDA:12,3,1,0
BRDA:26,4,0,0
BRDA:31,5,0,0
BRDA:41,6,0,0
BRDA:41,6,1,0
BRDA:41,7,0,0
BRDA:41,7,1,0
BRDA:43,8,0,0
BRDA:53,9,0,0
BRDA:58,10,0,0
BRDA:58,10,1,0
BRDA:73,11,0,0
BRDA:73,11,1,0
BRDA:90,12,0,0
BRDA:99,13,0,0
BRDA:99,14,0,0
BRDA:99,14,1,0
BRDA:109,15,0,0
BRDA:113,16,0,0
BRDA:113,17,0,0
BRDA:113,17,1,0
BRDA:127,18,0,0
BRF:29
BRH:0
end_of_record
TN:
SF:app/api/admin/dashboard/route.ts
FN:6,GET
FN:43,(anonymous_2)
FN:155,(anonymous_3)
FN:191,(anonymous_4)
FN:201,(anonymous_5)
FN:208,(anonymous_6)
FN:224,(anonymous_7)
FN:225,(anonymous_8)
FN:238,(anonymous_9)
FN:253,(anonymous_10)
FN:257,(anonymous_11)
FN:271,(anonymous_12)
FN:390,calculateProfileCompletion
FN:414,(anonymous_14)
FNF:14
FNH:0
FNDA:0,GET
FNDA:0,(anonymous_2)
FNDA:0,(anonymous_3)
FNDA:0,(anonymous_4)
FNDA:0,(anonymous_5)
FNDA:0,(anonymous_6)
FNDA:0,(anonymous_7)
FNDA:0,(anonymous_8)
FNDA:0,(anonymous_9)
FNDA:0,(anonymous_10)
FNDA:0,(anonymous_11)
FNDA:0,(anonymous_12)
FNDA:0,calculateProfileCompletion
FNDA:0,(anonymous_14)
DA:1,0
DA:2,0
DA:4,0
DA:6,0
DA:7,0
DA:8,0
DA:9,0
DA:10,0
DA:11,0
DA:12,0
DA:13,0
DA:14,0
DA:15,0
DA:16,0
DA:17,0
DA:18,0
DA:19,0
DA:20,0
DA:22,0
DA:25,0
DA:40,0
DA:43,0
DA:45,0
DA:46,0
DA:48,0
DA:49,0
DA:51,0
DA:52,0
DA:54,0
DA:55,0
DA:57,0
DA:58,0
DA:60,0
DA:61,0
DA:63,0
DA:64,0
DA:66,0
DA:67,0
DA:72,0
DA:73,0
DA:77,0
DA:78,0
DA:82,0
DA:83,0
DA:84,0
DA:85,0
DA:86,0
DA:91,0
DA:92,0
DA:95,0
DA:97,0
DA:98,0
DA:99,0
DA:101,0
DA:102,0
DA:103,0
DA:105,0
DA:106,0
DA:107,0
DA:109,0
DA:110,0
DA:111,0
DA:113,0
DA:114,0
DA:115,0
DA:117,0
DA:120,0
DA:121,0
DA:128,0
DA:129,0
DA:134,0
DA:138,0
DA:139,0
DA:142,0
DA:144,0
DA:145,0
DA:146,0
DA:150,0
DA:155,0
DA:156,0
DA:159,0
DA:160,0
DA:161,0
DA:165,0
DA:166,0
DA:167,0
DA:171,0
DA:172,0
DA:176,0
DA:177,0
DA:178,0
DA:180,0
DA:182,0
DA:183,0
DA:185,0
DA:186,0
DA:191,0
DA:192,0
DA:193,0
DA:196,0
DA:197,0
DA:200,0
DA:201,0
DA:202,0
DA:205,0
DA:208,0
DA:211,0
DA:214,0
DA:224,0
DA:225,0
DA:228,0
DA:229,0
DA:230,0
DA:235,0
DA:236,0
DA:238,0
DA:243,0
DA:244,0
DA:245,0
DA:250,0
DA:251,0
DA:253,0
DA:257,0
DA:263,0
DA:264,0
DA:265,0
DA:269,0
DA:270,0
DA:271,0
DA:272,0
DA:273,0
DA:274,0
DA:275,0
DA:276,0
DA:278,0
DA:282,0
DA:283,0
DA:284,0
DA:285,0
DA:287,0
DA:296,0
DA:297,0
DA:298,0
DA:300,0
DA:301,0
DA:312,0
DA:335,0
DA:346,0
DA:349,0
DA:359,0
DA:360,0
DA:364,0
DA:366,0
DA:378,0
DA:385,0
DA:386,0
DA:391,0
DA:392,0
DA:394,0
DA:414,0
DA:415,0
DA:418,0
DA:419,0
DA:421,0
LF:164
LH:0
BRDA:9,0,0,0
BRDA:9,0,1,0
BRDA:10,1,0,0
BRDA:10,1,1,0
BRDA:11,2,0,0
BRDA:11,2,1,0
BRDA:12,3,0,0
BRDA:12,3,1,0
BRDA:14,4,0,0
BRDA:14,4,1,0
BRDA:15,5,0,0
BRDA:15,5,1,0
BRDA:16,6,0,0
BRDA:16,6,1,0
BRDA:17,7,0,0
BRDA:17,7,1,0
BRDA:18,8,0,0
BRDA:18,8,1,0
BRDA:19,9,0,0
BRDA:19,9,1,0
BRDA:20,10,0,0
BRDA:20,10,1,0
BRDA:45,11,0,0
BRDA:46,12,0,0
BRDA:46,12,1,0
BRDA:46,12,2,0
BRDA:46,12,3,0
BRDA:46,12,4,0
BRDA:46,12,5,0
BRDA:46,12,6,0
BRDA:72,13,0,0
BRDA:77,14,0,0
BRDA:82,15,0,0
BRDA:83,16,0,0
BRDA:83,16,1,0
BRDA:85,17,0,0
BRDA:91,18,0,0
BRDA:95,19,0,0
BRDA:95,19,1,0
BRDA:95,19,2,0
BRDA:95,19,3,0
BRDA:95,19,4,0
BRDA:95,19,5,0
BRDA:120,20,0,0
BRDA:128,21,0,0
BRDA:144,22,0,0
BRDA:156,23,0,0
BRDA:159,24,0,0
BRDA:165,25,0,0
BRDA:171,26,0,0
BRDA:171,27,0,0
BRDA:171,27,1,0
BRDA:191,28,0,0
BRDA:191,28,1,0
BRDA:196,29,0,0
BRDA:200,30,0,0
BRDA:200,30,1,0
BRDA:200,31,0,0
BRDA:200,31,1,0
BRDA:224,32,0,0
BRDA:224,32,1,0
BRDA:225,33,0,0
BRDA:225,33,1,0
BRDA:229,34,0,0
BRDA:235,35,0,0
BRDA:235,35,1,0
BRDA:238,36,0,0
BRDA:238,36,1,0
BRDA:244,37,0,0
BRDA:250,38,0,0
BRDA:250,38,1,0
BRDA:253,39,0,0
BRDA:253,39,1,0
BRDA:259,40,0,0
BRDA:259,40,1,0
BRDA:259,41,0,0
BRDA:259,41,1,0
BRDA:260,42,0,0
BRDA:260,42,1,0
BRDA:260,43,0,0
BRDA:260,43,1,0
BRDA:263,44,0,0
BRDA:269,45,0,0
BRDA:269,45,1,0
BRDA:270,46,0,0
BRDA:273,47,0,0
BRDA:273,47,1,0
BRDA:275,48,0,0
BRDA:282,49,0,0
BRDA:282,49,1,0
BRDA:297,50,0,0
BRDA:336,51,0,0
BRDA:336,51,1,0
BRDA:337,52,0,0
BRDA:337,52,1,0
BRDA:338,53,0,0
BRDA:338,53,1,0
BRDA:339,54,0,0
BRDA:339,54,1,0
BRDA:340,55,0,0
BRDA:340,55,1,0
BRDA:341,56,0,0
BRDA:341,56,1,0
BRDA:342,57,0,0
BRDA:342,57,1,0
BRDA:359,58,0,0
BRDA:415,59,0,0
BRDA:415,60,0,0
BRDA:415,60,1,0
BRDA:418,61,0,0
BRDA:418,62,0,0
BRDA:418,62,1,0
BRDA:419,63,0,0
BRDA:419,64,0,0
BRDA:419,64,1,0
BRF:115
BRH:0
end_of_record
TN:
SF:app/api/admin/notify-user/route.ts
FN:6,POST
FN:81,getNotificationTitle
FNF:2
FNH:0
FNDA:0,POST
FNDA:0,getNotificationTitle
DA:1,0
DA:2,0
DA:3,0
DA:4,0
DA:6,0
DA:7,0
DA:8,0
DA:11,0
DA:14,0
DA:20,0
DA:22,0
DA:23,0
DA:27,0
DA:33,0
DA:34,0
DA:38,0
DA:47,0
DA:48,0
DA:53,0
DA:65,0
DA:70,0
DA:71,0
DA:82,0
DA:84,0
DA:86,0
DA:88,0
DA:90,0
DA:92,0
LF:28
LH:0
BRDA:22,0,0,0
BRDA:22,1,0,0
BRDA:22,1,1,0
BRDA:33,2,0,0
BRDA:33,3,0,0
BRDA:33,3,1,0
BRDA:47,4,0,0
BRDA:74,5,0,0
BRDA:74,5,1,0
BRDA:82,6,0,0
BRDA:82,6,1,0
BRDA:82,6,2,0
BRDA:82,6,3,0
BRDA:82,6,4,0
BRF:14
BRH:0
end_of_record
TN:
SF:app/api/analytics/route.ts
FN:6,POST
FN:36,GET
FNF:2
FNH:0
FNDA:0,POST
FNDA:0,GET
DA:1,0
DA:2,0
DA:4,0
DA:6,0
DA:7,0
DA:8,0
DA:11,0
DA:12,0
DA:16,0
DA:24,0
DA:25,0
DA:26,0
DA:29,0
DA:31,0
DA:32,0
DA:36,0
DA:37,0
DA:38,0
DA:39,0
DA:40,0
DA:41,0
DA:43,0
DA:45,0
DA:46,0
DA:49,0
DA:50,0
DA:53,0
DA:54,0
DA:57,0
DA:59,0
DA:60,0
DA:61,0
DA:64,0
DA:66,0
DA:67,0
LF:35
LH:0
BRDA:11,0,0,0
BRDA:11,1,0,0
BRDA:11,1,1,0
BRDA:18,2,0,0
BRDA:18,2,1,0
BRDA:19,3,0,0
BRDA:19,3,1,0
BRDA:21,4,0,0
BRDA:21,4,1,0
BRDA:24,5,0,0
BRDA:45,6,0,0
BRDA:49,7,0,0
BRDA:53,8,0,0
BRDA:59,9,0,0
BRF:14
BRH:0
end_of_record
TN:
SF:app/api/auth/create-session/route.ts
FN:10,POST
FNF:1
FNH:0
FNDA:0,POST
DA:1,0
DA:2,0
DA:3,0
DA:5,0
DA:10,0
DA:11,0
DA:12,0
DA:14,0
DA:15,0
DA:19,0
DA:26,0
DA:27,0
DA:31,0
DA:33,0
DA:34,0
DA:36,0
DA:44,0
DA:46,0
DA:47,0
DA:48,0
DA:50,0
DA:51,0
DA:63,0
DA:73,0
DA:75,0
DA:84,0
DA:85,0
LF:27
LH:0
BRDA:14,0,0,0
BRDA:14,1,0,0
BRDA:14,1,1,0
BRDA:26,2,0,0
BRDA:33,3,0,0
BRDA:44,4,0,0
BRDA:44,5,0,0
BRDA:44,5,1,0
BRDA:50,6,0,0
BRDA:50,7,0,0
BRDA:50,7,1,0
BRDA:85,8,0,0
BRDA:85,8,1,0
BRF:13
BRH:0
end_of_record
TN:
SF:app/api/blog/analytics/route.ts
FN:6,POST
FNF:1
FNH:0
FNDA:0,POST
DA:1,0
DA:2,0
DA:4,0
DA:6,0
DA:7,0
DA:8,0
DA:11,0
DA:19,0
DA:21,0
DA:22,0
DA:26,0
DA:29,0
DA:34,0
DA:37,0
DA:40,0
DA:42,0
DA:43,0
LF:17
LH:0
BRDA:13,0,0,0
BRDA:13,0,1,0
BRDA:19,1,0,0
BRDA:19,1,1,0
BRDA:19,1,2,0
BRDA:19,1,3,0
BRDA:32,2,0,0
BRDA:32,2,1,0
BRF:8
BRH:0
end_of_record
TN:
SF:app/api/blog/categories/route.ts
FN:6,GET
FNF:1
FNH:0
FNDA:0,GET
DA:1,0
DA:2,0
DA:4,0
DA:6,0
DA:7,0
DA:8,0
DA:13,0
DA:14,0
DA:15,0
DA:18,0
DA:20,0
DA:21,0
LF:12
LH:0
BRDA:13,0,0,0
BRDA:18,1,0,0
BRDA:18,1,1,0
BRF:3
BRH:0
end_of_record
TN:
SF:app/api/blog/newsletter/route.ts
FN:6,POST
FNF:1
FNH:0
FNDA:0,POST
DA:1,0
DA:2,0
DA:4,0
DA:6,0
DA:7,0
DA:8,0
DA:10,0
DA:11,0
DA:15,0
DA:21,0
DA:22,0
DA:23,0
DA:28,0
DA:37,0
DA:38,0
DA:39,0
DA:42,0
DA:49,0
DA:55,0
DA:56,0
DA:57,0
DA:61,0
DA:68,0
DA:72,0
DA:73,0
LF:25
LH:0
BRDA:10,0,0,0
BRDA:10,1,0,0
BRDA:10,1,1,0
BRDA:21,2,0,0
BRDA:22,3,0,0
BRDA:22,3,1,0
BRDA:37,4,0,0
BRDA:51,5,0,0
BRDA:51,5,1,0
BRDA:55,6,0,0
BRDA:63,7,0,0
BRDA:63,7,1,0
BRF:12
BRH:0
end_of_record
TN:
SF:app/api/blog/posts/route.ts
FN:6,GET
FNF:1
FNH:0
FNDA:0,GET
DA:1,0
DA:2,0
DA:4,0
DA:6,0
DA:7,0
DA:8,0
DA:9,0
DA:10,0
DA:11,0
DA:12,0
DA:13,0
DA:15,0
DA:17,0
DA:38,0
DA:39,0
DA:42,0
DA:43,0
DA:46,0
DA:47,0
DA:51,0
DA:57,0
DA:59,0
DA:60,0
DA:61,0
DA:64,0
DA:74,0
DA:75,0
LF:27
LH:0
BRDA:9,0,0,0
BRDA:9,0,1,0
BRDA:10,1,0,0
BRDA:10,1,1,0
BRDA:38,2,0,0
BRDA:38,3,0,0
BRDA:38,3,1,0
BRDA:42,4,0,0
BRDA:46,5,0,0
BRDA:59,6,0,0
BRDA:65,7,0,0
BRDA:65,7,1,0
BRDA:69,8,0,0
BRDA:69,8,1,0
BRDA:70,9,0,0
BRDA:70,9,1,0
BRF:16
BRH:0
end_of_record
TN:
SF:app/api/blog/posts/[slug]/route.ts
FN:6,GET
FNF:1
FNH:0
FNDA:0,GET
DA:1,0
DA:2,0
DA:4,0
DA:6,0
DA:7,0
DA:8,0
DA:11,0
DA:34,0
DA:35,0
DA:39,0
DA:42,0
DA:60,0
DA:68,0
DA:69,0
LF:14
LH:0
BRDA:34,0,0,0
BRDA:34,1,0,0
BRDA:34,1,1,0
BRDA:65,2,0,0
BRDA:65,2,1,0
BRF:5
BRH:0
end_of_record
TN:
SF:app/api/contact/route.ts
FN:6,POST
FNF:1
FNH:0
FNDA:0,POST
DA:1,0
DA:2,0
DA:4,0
DA:6,0
DA:7,0
DA:8,0
DA:9,0
DA:12,0
DA:13,0
DA:20,0
DA:21,0
DA:22,0
DA:29,0
DA:43,0
DA:44,0
DA:45,0
DA:51,0
DA:60,0
DA:61,0
LF:19
LH:0
BRDA:12,0,0,0
BRDA:12,1,0,0
BRDA:12,1,1,0
BRDA:12,1,2,0
BRDA:12,1,3,0
BRDA:21,2,0,0
BRDA:43,3,0,0
BRF:7
BRH:0
end_of_record
TN:
SF:app/api/messages/route.ts
FN:6,POST
FN:93,GET
FN:154,PATCH
FNF:3
FNH:0
FNDA:0,POST
FNDA:0,GET
FNDA:0,PATCH
DA:1,0
DA:2,0
DA:3,0
DA:4,0
DA:6,0
DA:7,0
DA:8,0
DA:9,0
DA:15,0
DA:17,0
DA:18,0
DA:22,0
DA:24,0
DA:25,0
DA:29,0
DA:36,0
DA:37,0
DA:41,0
DA:42,0
DA:53,0
DA:54,0
DA:55,0
DA:58,0
DA:61,0
DA:66,0
DA:67,0
DA:71,0
DA:85,0
DA:86,0
DA:93,0
DA:94,0
DA:95,0
DA:96,0
DA:102,0
DA:104,0
DA:105,0
DA:109,0
DA:110,0
DA:112,0
DA:113,0
DA:117,0
DA:124,0
DA:125,0
DA:129,0
DA:135,0
DA:136,0
DA:137,0
DA:140,0
DA:146,0
DA:147,0
DA:154,0
DA:155,0
DA:156,0
DA:157,0
DA:163,0
DA:165,0
DA:166,0
DA:170,0
DA:172,0
DA:173,0
DA:177,0
DA:184,0
DA:185,0
DA:189,0
DA:191,0
DA:198,0
DA:199,0
DA:200,0
DA:203,0
DA:206,0
DA:207,0
LF:71
LH:0
BRDA:17,0,0,0
BRDA:17,1,0,0
BRDA:17,1,1,0
BRDA:24,2,0,0
BRDA:24,3,0,0
BRDA:24,3,1,0
BRDA:24,3,2,0
BRDA:36,4,0,0
BRDA:36,5,0,0
BRDA:36,5,1,0
BRDA:53,6,0,0
BRDA:66,7,0,0
BRDA:104,8,0,0
BRDA:104,9,0,0
BRDA:104,9,1,0
BRDA:112,10,0,0
BRDA:124,11,0,0
BRDA:124,12,0,0
BRDA:124,12,1,0
BRDA:135,13,0,0
BRDA:141,14,0,0
BRDA:141,14,1,0
BRDA:142,15,0,0
BRDA:142,15,1,0
BRDA:165,16,0,0
BRDA:165,17,0,0
BRDA:165,17,1,0
BRDA:172,18,0,0
BRDA:172,19,0,0
BRDA:172,19,1,0
BRDA:184,20,0,0
BRDA:184,21,0,0
BRDA:184,21,1,0
BRDA:189,22,0,0
BRDA:189,22,1,0
BRDA:198,23,0,0
BRF:36
BRH:0
end_of_record
TN:
SF:app/api/messages/block/route.ts
FN:5,POST
FNF:1
FNH:0
FNDA:0,POST
DA:1,0
DA:2,0
DA:3,0
DA:5,0
DA:6,0
DA:7,0
DA:8,0
DA:14,0
DA:16,0
DA:17,0
DA:21,0
DA:26,0
DA:27,0
DA:28,0
DA:34,0
DA:36,0
DA:37,0
LF:17
LH:0
BRDA:16,0,0,0
BRDA:16,1,0,0
BRDA:16,1,1,0
BRDA:26,2,0,0
BRF:4
BRH:0
end_of_record
TN:
SF:app/api/messages/conversations/route.ts
FN:6,GET
FN:64,(anonymous_2)
FN:85,(anonymous_3)
FN:108,(anonymous_4)
FN:119,(anonymous_5)
FN:124,(anonymous_6)
FN:137,(anonymous_7)
FN:143,(anonymous_8)
FN:179,(anonymous_9)
FN:202,(anonymous_10)
FN:203,(anonymous_11)
FNF:11
FNH:0
FNDA:0,GET
FNDA:0,(anonymous_2)
FNDA:0,(anonymous_3)
FNDA:0,(anonymous_4)
FNDA:0,(anonymous_5)
FNDA:0,(anonymous_6)
FNDA:0,(anonymous_7)
FNDA:0,(anonymous_8)
FNDA:0,(anonymous_9)
FNDA:0,(anonymous_10)
FNDA:0,(anonymous_11)
DA:1,0
DA:2,0
DA:3,0
DA:4,0
DA:6,0
DA:7,0
DA:8,0
DA:9,0
DA:15,0
DA:17,0
DA:18,0
DA:22,0
DA:28,0
DA:29,0
DA:33,0
DA:34,0
DA:35,0
DA:43,0
DA:44,0
DA:47,0
DA:54,0
DA:55,0
DA:56,0
DA:59,0
DA:60,0
DA:64,0
DA:65,0
DA:69,0
DA:79,0
DA:80,0
DA:81,0
DA:85,0
DA:86,0
DA:88,0
DA:90,0
DA:91,0
DA:95,0
DA:99,0
DA:101,0
DA:102,0
DA:107,0
DA:109,0
DA:110,0
DA:113,0
DA:114,0
DA:118,0
DA:119,0
DA:120,0
DA:123,0
DA:124,0
DA:127,0
DA:136,0
DA:137,0
DA:138,0
DA:142,0
DA:144,0
DA:145,0
DA:147,0
DA:148,0
DA:152,0
DA:162,0
DA:163,0
DA:164,0
DA:172,0
DA:173,0
DA:174,0
DA:176,0
DA:177,0
DA:178,0
DA:179,0
DA:183,0
DA:184,0
DA:187,0
DA:201,0
DA:202,0
DA:204,0
DA:205,0
DA:206,0
DA:209,0
DA:215,0
DA:216,0
LF:81
LH:0
BRDA:17,0,0,0
BRDA:17,1,0,0
BRDA:17,1,1,0
BRDA:28,2,0,0
BRDA:28,3,0,0
BRDA:28,3,1,0
BRDA:33,4,0,0
BRDA:33,4,1,0
BRDA:34,5,0,0
BRDA:44,6,0,0
BRDA:44,6,1,0
BRDA:54,7,0,0
BRDA:59,8,0,0
BRDA:59,9,0,0
BRDA:59,9,1,0
BRDA:65,10,0,0
BRDA:65,10,1,0
BRDA:79,11,0,0
BRDA:86,12,0,0
BRDA:90,13,0,0
BRDA:99,14,0,0
BRDA:99,14,1,0
BRDA:108,15,0,0
BRDA:108,15,1,0
BRDA:113,16,0,0
BRDA:118,17,0,0
BRDA:118,18,0,0
BRDA:118,18,1,0
BRDA:144,19,0,0
BRDA:144,19,1,0
BRDA:147,20,0,0
BRDA:172,21,0,0
BRDA:172,21,1,0
BRDA:176,22,0,0
BRDA:176,22,1,0
BRDA:178,23,0,0
BRDA:193,24,0,0
BRDA:193,24,1,0
BRDA:194,25,0,0
BRDA:194,25,1,0
BRDA:204,26,0,0
BRDA:204,26,1,0
BRDA:205,27,0,0
BRDA:205,27,1,0
BRF:44
BRH:0
end_of_record
TN:
SF:app/api/messages/highlight/route.ts
FN:5,POST
FNF:1
FNH:0
FNDA:0,POST
DA:1,0
DA:2,0
DA:3,0
DA:5,0
DA:6,0
DA:7,0
DA:8,0
DA:14,0
DA:16,0
DA:17,0
DA:21,0
DA:27,0
DA:28,0
DA:32,0
DA:33,0
DA:34,0
DA:41,0
DA:42,0
DA:46,0
DA:53,0
DA:54,0
DA:58,0
DA:63,0
DA:64,0
DA:68,0
DA:74,0
DA:75,0
DA:81,0
DA:83,0
DA:84,0
LF:30
LH:0
BRDA:16,0,0,0
BRDA:16,1,0,0
BRDA:16,1,1,0
BRDA:27,2,0,0
BRDA:32,3,0,0
BRDA:32,3,1,0
BRDA:33,4,0,0
BRDA:41,5,0,0
BRDA:53,6,0,0
BRDA:63,7,0,0
BRF:10
BRH:0
end_of_record
TN:
SF:app/api/messages/report/route.ts
FN:5,POST
FNF:1
FNH:0
FNDA:0,POST
DA:1,0
DA:2,0
DA:3,0
DA:5,0
DA:6,0
DA:7,0
DA:8,0
DA:11,0
DA:12,0
DA:22,0
DA:24,0
DA:25,0
DA:31,0
DA:37,0
DA:38,0
DA:41,0
DA:42,0
DA:49,0
DA:56,0
DA:58,0
DA:59,0
LF:21
LH:0
BRDA:11,0,0,0
BRDA:24,1,0,0
BRDA:24,2,0,0
BRDA:24,2,1,0
BRDA:37,3,0,0
BRDA:41,4,0,0
BRDA:41,5,0,0
BRDA:41,5,1,0
BRF:8
BRH:0
end_of_record
TN:
SF:app/api/messages/unmatch/route.ts
FN:6,POST
FNF:1
FNH:0
FNDA:0,POST
DA:1,0
DA:2,0
DA:3,0
DA:4,0
DA:6,0
DA:7,0
DA:8,0
DA:9,0
DA:10,0
DA:16,0
DA:18,0
DA:19,0
DA:22,0
DA:23,0
DA:27,0
DA:34,0
DA:35,0
DA:39,0
DA:44,0
DA:45,0
DA:50,0
DA:55,0
DA:56,0
DA:57,0
DA:60,0
DA:62,0
DA:63,0
LF:27
LH:0
BRDA:18,0,0,0
BRDA:18,1,0,0
BRDA:18,1,1,0
BRDA:22,2,0,0
BRDA:34,3,0,0
BRDA:34,4,0,0
BRDA:34,4,1,0
BRDA:44,5,0,0
BRDA:55,6,0,0
BRF:9
BRH:0
end_of_record
TN:
SF:app/api/otp/send/route.ts
FN:13,generateOtp
FN:17,POST
FNF:2
FNH:0
FNDA:0,generateOtp
FNDA:0,POST
DA:1,0
DA:2,0
DA:3,0
DA:5,0
DA:10,0
DA:11,0
DA:14,0
DA:17,0
DA:18,0
DA:19,0
DA:21,0
DA:22,0
DA:28,0
DA:29,0
DA:33,0
DA:34,0
DA:35,0
DA:40,0
DA:41,0
DA:43,0
DA:46,0
DA:54,0
DA:55,0
DA:56,0
DA:59,0
DA:63,0
DA:66,0
DA:67,0
DA:71,0
DA:73,0
DA:79,0
DA:82,0
DA:84,0
DA:95,0
DA:108,0
DA:117,0
DA:120,0
DA:121,0
DA:123,0
DA:124,0
DA:127,0
DA:134,0
DA:136,0
DA:137,0
DA:146,0
DA:147,0
DA:148,0
DA:156,0
DA:157,0
DA:160,0
DA:182,0
DA:191,0
DA:192,0
DA:194,0
DA:195,0
DA:203,0
DA:204,0
DA:214,0
DA:220,0
DA:221,0
LF:60
LH:0
BRDA:13,0,0,0
BRDA:28,1,0,0
BRDA:28,2,0,0
BRDA:28,2,1,0
BRDA:33,3,0,0
BRDA:33,4,0,0
BRDA:33,4,1,0
BRDA:47,5,0,0
BRDA:47,5,1,0
BRDA:54,6,0,0
BRDA:66,7,0,0
BRDA:134,8,0,0
BRDA:134,9,0,0
BRDA:134,9,1,0
BRDA:134,9,2,0
BRDA:134,9,3,0
BRDA:134,9,4,0
BRDA:140,10,0,0
BRDA:140,10,1,0
BRDA:146,11,0,0
BRDA:146,12,0,0
BRDA:146,12,1,0
BRDA:156,13,0,0
BRDA:156,14,0,0
BRDA:156,14,1,0
BRDA:156,14,2,0
BRDA:194,15,0,0
BRDA:194,16,0,0
BRDA:194,16,1,0
BRDA:198,17,0,0
BRDA:198,17,1,0
BRDA:222,18,0,0
BRDA:222,18,1,0
BRDA:223,19,0,0
BRDA:223,19,1,0
BRF:35
BRH:0
end_of_record
TN:
SF:app/api/otp/test/route.ts
FN:3,GET
FNF:1
FNH:0
FNDA:0,GET
DA:1,0
DA:3,0
DA:4,0
DA:6,0
LF:4
LH:0
BRDA:10,0,0,0
BRDA:10,0,1,0
BRF:2
BRH:0
end_of_record
TN:
SF:app/api/otp/verify/route.ts
FN:11,POST
FNF:1
FNH:0
FNDA:0,POST
DA:1,0
DA:2,0
DA:3,0
DA:4,0
DA:6,0
DA:11,0
DA:12,0
DA:13,0
DA:14,0
DA:15,0
DA:19,0
DA:31,0
DA:32,0
DA:36,0
DA:44,0
DA:45,0
DA:49,0
DA:56,0
DA:57,0
DA:66,0
DA:67,0
DA:69,0
DA:72,0
DA:76,0
DA:79,0
DA:83,0
DA:85,0
DA:86,0
DA:99,0
DA:105,0
DA:113,0
LF:31
LH:0
BRDA:14,0,0,0
BRDA:14,1,0,0
BRDA:14,1,1,0
BRDA:14,1,2,0
BRDA:31,2,0,0
BRDA:31,3,0,0
BRDA:31,3,1,0
BRDA:44,4,0,0
BRDA:56,5,0,0
BRDA:66,6,0,0
BRDA:66,7,0,0
BRDA:66,7,1,0
BRDA:76,8,0,0
BRDA:83,9,0,0
BRDA:85,10,0,0
BRDA:91,11,0,0
BRDA:91,11,1,0
BRDA:110,12,0,0
BRDA:110,12,1,0
BRDA:113,13,0,0
BRDA:113,13,1,0
BRF:21
BRH:0
end_of_record
TN:
SF:app/api/payments/[action]/route.ts
FN:9,(anonymous_2)
FN:16,(anonymous_3)
FN:17,(anonymous_4)
FN:25,(anonymous_5)
FN:34,POST
FNF:5
FNH:0
FNDA:0,(anonymous_2)
FNDA:0,(anonymous_3)
FNDA:0,(anonymous_4)
FNDA:0,(anonymous_5)
FNDA:0,POST
DA:1,0
DA:2,0
DA:3,0
DA:4,0
DA:5,0
DA:6,0
DA:9,0
DA:10,0
DA:15,0
DA:16,0
DA:17,0
DA:19,0
DA:20,0
DA:25,0
DA:26,0
DA:28,0
DA:34,0
DA:35,0
DA:36,0
DA:38,0
DA:39,0
DA:40,0
DA:42,0
DA:44,0
DA:52,0
DA:53,0
DA:57,0
DA:64,0
DA:65,0
DA:67,0
DA:68,0
DA:73,0
DA:74,0
DA:75,0
DA:79,0
DA:81,0
DA:82,0
DA:86,0
DA:87,0
DA:88,0
DA:93,0
DA:95,0
DA:97,0
DA:114,0
DA:115,0
DA:116,0
DA:119,0
DA:121,0
DA:122,0
DA:125,0
DA:126,0
DA:130,0
LF:52
LH:0
BRDA:19,0,0,0
BRDA:38,1,0,0
BRDA:42,2,0,0
BRDA:52,3,0,0
BRDA:52,4,0,0
BRDA:52,4,1,0
BRDA:73,5,0,0
BRDA:81,6,0,0
BRDA:95,7,0,0
BRDA:95,7,1,0
BRDA:101,8,0,0
BRDA:101,8,1,0
BRDA:108,9,0,0
BRDA:108,9,1,0
BRDA:114,10,0,0
BRF:15
BRH:0
end_of_record
TN:
SF:app/api/payments/process/route.ts
FN:7,POST
FNF:1
FNH:0
FNDA:0,POST
DA:1,0
DA:2,0
DA:3,0
DA:5,0
DA:7,0
DA:8,0
DA:9,0
DA:12,0
DA:26,0
DA:27,0
DA:28,0
DA:32,0
DA:34,0
DA:35,0
DA:36,0
DA:38,0
DA:42,0
DA:43,0
DA:44,0
DA:45,0
DA:46,0
DA:47,0
DA:48,0
DA:49,0
DA:53,0
DA:61,0
DA:62,0
DA:63,0
DA:65,0
DA:67,0
DA:73,0
DA:74,0
DA:75,0
DA:78,0
DA:79,0
DA:86,0
DA:87,0
DA:88,0
DA:90,0
DA:92,0
DA:98,0
DA:99,0
DA:100,0
DA:103,0
DA:104,0
DA:111,0
DA:112,0
DA:113,0
DA:118,0
DA:125,0
DA:126,0
LF:51
LH:0
BRDA:26,0,0,0
BRDA:32,1,0,0
BRDA:32,1,1,0
BRDA:35,2,0,0
BRDA:35,2,1,0
BRDA:43,3,0,0
BRDA:43,3,1,0
BRDA:45,4,0,0
BRDA:45,4,1,0
BRDA:47,5,0,0
BRDA:47,5,1,0
BRDA:49,6,0,0
BRDA:61,7,0,0
BRDA:65,8,0,0
BRDA:65,8,1,0
BRDA:73,9,0,0
BRDA:78,10,0,0
BRDA:78,10,1,0
BRDA:86,11,0,0
BRDA:90,12,0,0
BRDA:98,13,0,0
BRDA:103,14,0,0
BRDA:103,14,1,0
BRDA:111,15,0,0
BRF:24
BRH:0
end_of_record
TN:
SF:app/api/payments/webhook/route.ts
FN:8,POST
FN:63,handleSubscriptionActivated
FN:89,handleSubscriptionCharged
FN:137,handleSubscriptionHalted
FN:147,handleSubscriptionCancelled
FN:164,handleSubscriptionCompleted
FNF:6
FNH:0
FNDA:0,POST
FNDA:0,handleSubscriptionActivated
FNDA:0,handleSubscriptionCharged
FNDA:0,handleSubscriptionHalted
FNDA:0,handleSubscriptionCancelled
FNDA:0,handleSubscriptionCompleted
DA:1,0
DA:2,0
DA:3,0
DA:4,0
DA:6,0
DA:8,0
DA:9,0
DA:10,0
DA:11,0
DA:13,0
DA:14,0
DA:18,0
DA:23,0
DA:24,0
DA:27,0
DA:28,0
DA:31,0
DA:33,0
DA:34,0
DA:37,0
DA:38,0
DA:41,0
DA:42,0
DA:45,0
DA:46,0
DA:49,0
DA:50,0
DA:53,0
DA:56,0
DA:58,0
DA:59,0
DA:64,0
DA:65,0
DA:67,0
DA:69,0
DA:70,0
DA:72,0
DA:73,0
DA:75,0
DA:78,0
DA:90,0
DA:91,0
DA:92,0
DA:94,0
DA:96,0
DA:111,0
DA:117,0
DA:118,0
DA:119,0
DA:121,0
DA:122,0
DA:124,0
DA:127,0
DA:138,0
DA:139,0
DA:141,0
DA:143,0
DA:148,0
DA:149,0
DA:151,0
DA:153,0
DA:165,0
DA:166,0
DA:168,0
DA:170,0
LF:65
LH:0
BRDA:13,0,0,0
BRDA:23,1,0,0
BRDA:31,2,0,0
BRDA:31,2,1,0
BRDA:31,2,2,0
BRDA:31,2,3,0
BRDA:31,2,4,0
BRDA:31,2,5,0
BRDA:67,3,0,0
BRDA:70,4,0,0
BRDA:70,4,1,0
BRDA:72,5,0,0
BRDA:72,5,1,0
BRDA:94,6,0,0
BRDA:104,7,0,0
BRDA:104,7,1,0
BRDA:117,8,0,0
BRDA:119,9,0,0
BRDA:119,9,1,0
BRDA:121,10,0,0
BRDA:121,10,1,0
BRDA:141,11,0,0
BRDA:151,12,0,0
BRDA:168,13,0,0
BRF:24
BRH:0
end_of_record
TN:
SF:app/api/profiles/discover/route.ts
FN:7,GET
FN:78,(anonymous_2)
FN:209,(anonymous_3)
FN:250,(anonymous_4)
FN:261,(anonymous_5)
FN:272,(anonymous_6)
FN:273,(anonymous_7)
FN:301,(anonymous_8)
FN:302,(anonymous_9)
FN:305,(anonymous_10)
FN:319,(anonymous_11)
FN:334,(anonymous_12)
FN:367,(anonymous_13)
FN:369,(anonymous_14)
FN:370,(anonymous_15)
FNF:15
FNH:0
FNDA:0,GET
FNDA:0,(anonymous_2)
FNDA:0,(anonymous_3)
FNDA:0,(anonymous_4)
FNDA:0,(anonymous_5)
FNDA:0,(anonymous_6)
FNDA:0,(anonymous_7)
FNDA:0,(anonymous_8)
FNDA:0,(anonymous_9)
FNDA:0,(anonymous_10)
FNDA:0,(anonymous_11)
FNDA:0,(anonymous_12)
FNDA:0,(anonymous_13)
FNDA:0,(anonymous_14)
FNDA:0,(anonymous_15)
DA:1,0
DA:2,0
DA:3,0
DA:4,0
DA:5,0
DA:7,0
DA:8,0
DA:10,0
DA:11,0
DA:15,0
DA:19,0
DA:22,0
DA:24,0
DA:27,0
DA:28,0
DA:30,0
DA:32,0
DA:38,0
DA:39,0
DA:46,0
DA:48,0
DA:49,0
DA:52,0
DA:55,0
DA:56,0
DA:60,0
DA:71,0
DA:72,0
DA:76,0
DA:78,0
DA:81,0
DA:94,0
DA:95,0
DA:99,0
DA:101,0
DA:102,0
DA:103,0
DA:104,0
DA:106,0
DA:112,0
DA:113,0
DA:114,0
DA:115,0
DA:122,0
DA:126,0
DA:127,0
DA:128,0
DA:132,0
DA:133,0
DA:135,0
DA:136,0
DA:139,0
DA:151,0
DA:152,0
DA:156,0
DA:157,0
DA:158,0
DA:159,0
DA:162,0
DA:166,0
DA:167,0
DA:168,0
DA:169,0
DA:172,0
DA:174,0
DA:186,0
DA:187,0
DA:190,0
DA:194,0
DA:195,0
DA:196,0
DA:197,0
DA:199,0
DA:209,0
DA:210,0
DA:211,0
DA:212,0
DA:213,0
DA:217,0
DA:218,0
DA:219,0
DA:223,0
DA:224,0
DA:225,0
DA:229,0
DA:230,0
DA:234,0
DA:235,0
DA:236,0
DA:239,0
DA:240,0
DA:242,0
DA:244,0
DA:245,0
DA:250,0
DA:251,0
DA:252,0
DA:253,0
DA:256,0
DA:257,0
DA:260,0
DA:261,0
DA:262,0
DA:263,0
DA:265,0
DA:266,0
DA:270,0
DA:271,0
DA:272,0
DA:273,0
DA:276,0
DA:277,0
DA:280,0
DA:283,0
DA:289,0
DA:291,0
DA:300,0
DA:301,0
DA:302,0
DA:305,0
DA:306,0
DA:310,0
DA:314,0
DA:315,0
DA:317,0
DA:319,0
DA:334,0
DA:336,0
DA:338,0
DA:339,0
DA:340,0
DA:341,0
DA:342,0
DA:343,0
DA:346,0
DA:358,0
DA:360,0
DA:362,0
DA:367,0
DA:369,0
DA:370,0
DA:375,0
DA:376,0
LF:143
LH:0
BRDA:10,0,0,0
BRDA:10,1,0,0
BRDA:10,1,1,0
BRDA:30,2,0,0
BRDA:30,2,1,0
BRDA:38,3,0,0
BRDA:48,4,0,0
BRDA:48,5,0,0
BRDA:48,5,1,0
BRDA:55,6,0,0
BRDA:71,7,0,0
BRDA:78,8,0,0
BRDA:78,8,1,0
BRDA:94,9,0,0
BRDA:99,10,0,0
BRDA:99,11,0,0
BRDA:99,11,1,0
BRDA:112,12,0,0
BRDA:112,12,1,0
BRDA:114,13,0,0
BRDA:126,14,0,0
BRDA:135,15,0,0
BRDA:135,16,0,0
BRDA:135,16,1,0
BRDA:151,17,0,0
BRDA:156,18,0,0
BRDA:156,18,1,0
BRDA:158,19,0,0
BRDA:166,20,0,0
BRDA:166,20,1,0
BRDA:166,21,0,0
BRDA:166,21,1,0
BRDA:186,22,0,0
BRDA:194,23,0,0
BRDA:194,23,1,0
BRDA:194,24,0,0
BRDA:194,24,1,0
BRDA:211,25,0,0
BRDA:217,26,0,0
BRDA:223,27,0,0
BRDA:229,28,0,0
BRDA:229,29,0,0
BRDA:229,29,1,0
BRDA:234,30,0,0
BRDA:250,31,0,0
BRDA:250,31,1,0
BRDA:256,32,0,0
BRDA:260,33,0,0
BRDA:260,33,1,0
BRDA:260,34,0,0
BRDA:260,34,1,0
BRDA:272,35,0,0
BRDA:272,35,1,0
BRDA:276,36,0,0
BRDA:306,37,0,0
BRDA:306,37,1,0
BRDA:310,38,0,0
BRDA:310,38,1,0
BRDA:338,39,0,0
BRDA:338,39,1,0
BRDA:340,40,0,0
BRDA:340,40,1,0
BRDA:342,41,0,0
BRDA:360,42,0,0
BRDA:360,42,1,0
BRDA:360,43,0,0
BRDA:360,43,1,0
BRDA:368,44,0,0
BRDA:368,44,1,0
BRDA:371,45,0,0
BRDA:371,45,1,0
BRF:71
BRH:0
end_of_record
TN:
SF:app/api/profiles/matches/route.ts
FN:6,GET
FN:43,(anonymous_2)
FN:64,(anonymous_3)
FN:87,(anonymous_4)
FN:98,(anonymous_5)
FN:103,(anonymous_6)
FN:116,(anonymous_7)
FN:121,(anonymous_8)
FN:133,(anonymous_9)
FNF:9
FNH:0
FNDA:0,GET
FNDA:0,(anonymous_2)
FNDA:0,(anonymous_3)
FNDA:0,(anonymous_4)
FNDA:0,(anonymous_5)
FNDA:0,(anonymous_6)
FNDA:0,(anonymous_7)
FNDA:0,(anonymous_8)
FNDA:0,(anonymous_9)
DA:1,0
DA:2,0
DA:3,0
DA:4,0
DA:6,0
DA:7,0
DA:8,0
DA:9,0
DA:15,0
DA:17,0
DA:18,0
DA:22,0
DA:23,0
DA:26,0
DA:33,0
DA:34,0
DA:35,0
DA:38,0
DA:39,0
DA:43,0
DA:44,0
DA:48,0
DA:58,0
DA:59,0
DA:60,0
DA:64,0
DA:65,0
DA:67,0
DA:69,0
DA:70,0
DA:74,0
DA:78,0
DA:80,0
DA:81,0
DA:86,0
DA:88,0
DA:89,0
DA:92,0
DA:93,0
DA:97,0
DA:98,0
DA:99,0
DA:102,0
DA:103,0
DA:106,0
DA:115,0
DA:116,0
DA:117,0
DA:121,0
DA:122,0
DA:123,0
DA:125,0
DA:133,0
DA:135,0
DA:141,0
DA:142,0
LF:56
LH:0
BRDA:17,0,0,0
BRDA:17,1,0,0
BRDA:17,1,1,0
BRDA:23,2,0,0
BRDA:23,2,1,0
BRDA:33,3,0,0
BRDA:38,4,0,0
BRDA:38,5,0,0
BRDA:38,5,1,0
BRDA:44,6,0,0
BRDA:44,6,1,0
BRDA:58,7,0,0
BRDA:65,8,0,0
BRDA:69,9,0,0
BRDA:78,10,0,0
BRDA:78,10,1,0
BRDA:87,11,0,0
BRDA:87,11,1,0
BRDA:92,12,0,0
BRDA:97,13,0,0
BRDA:97,14,0,0
BRDA:97,14,1,0
BRDA:122,15,0,0
BRDA:122,15,1,0
BRDA:131,16,0,0
BRDA:131,16,1,0
BRF:26
BRH:0
end_of_record
TN:
SF:app/api/profiles/who-liked-me/route.ts
FN:9,GET
FN:54,(anonymous_5)
FN:110,(anonymous_6)
FN:135,(anonymous_7)
FN:136,(anonymous_8)
FN:149,(anonymous_9)
FN:152,(anonymous_10)
FNF:7
FNH:0
FNDA:0,GET
FNDA:0,(anonymous_5)
FNDA:0,(anonymous_6)
FNDA:0,(anonymous_7)
FNDA:0,(anonymous_8)
FNDA:0,(anonymous_9)
FNDA:0,(anonymous_10)
DA:1,0
DA:2,0
DA:3,0
DA:6,0
DA:7,0
DA:9,0
DA:10,0
DA:11,0
DA:12,0
DA:18,0
DA:20,0
DA:22,0
DA:23,0
DA:24,0
DA:28,0
DA:34,0
DA:36,0
DA:37,0
DA:38,0
DA:42,0
DA:43,0
DA:45,0
DA:48,0
DA:49,0
DA:54,0
DA:55,0
DA:59,0
DA:67,0
DA:68,0
DA:71,0
DA:72,0
DA:74,0
DA:77,0
DA:78,0
DA:79,0
DA:90,0
DA:91,0
DA:92,0
DA:96,0
DA:97,0
DA:98,0
DA:110,0
DA:111,0
DA:128,0
DA:129,0
DA:130,0
DA:134,0
DA:136,0
DA:137,0
DA:138,0
DA:139,0
DA:142,0
DA:149,0
DA:152,0
DA:153,0
DA:156,0
DA:157,0
DA:178,0
DA:191,0
DA:197,0
DA:208,0
DA:209,0
LF:62
LH:0
BRDA:22,0,0,0
BRDA:22,1,0,0
BRDA:22,1,1,0
BRDA:36,2,0,0
BRDA:36,3,0,0
BRDA:36,3,1,0
BRDA:42,4,0,0
BRDA:42,4,1,0
BRDA:43,5,0,0
BRDA:43,5,1,0
BRDA:54,6,0,0
BRDA:54,6,1,0
BRDA:55,7,0,0
BRDA:55,7,1,0
BRDA:67,8,0,0
BRDA:77,9,0,0
BRDA:77,10,0,0
BRDA:77,10,1,0
BRDA:77,10,2,0
BRDA:84,11,0,0
BRDA:84,11,1,0
BRDA:90,12,0,0
BRDA:96,13,0,0
BRDA:96,14,0,0
BRDA:96,14,1,0
BRDA:103,15,0,0
BRDA:103,15,1,0
BRDA:128,16,0,0
BRDA:137,17,0,0
BRDA:152,18,0,0
BRDA:152,18,1,0
BRDA:156,19,0,0
BRDA:170,20,0,0
BRDA:170,20,1,0
BRDA:171,21,0,0
BRDA:171,21,1,0
BRDA:184,22,0,0
BRDA:184,22,1,0
BRDA:185,23,0,0
BRDA:185,23,1,0
BRDA:199,24,0,0
BRDA:199,24,1,0
BRDA:202,25,0,0
BRDA:202,25,1,0
BRF:44
BRH:0
end_of_record
TN:
SF:app/api/referrals/signup/route.ts
FN:4,POST
FNF:1
FNH:0
FNDA:0,POST
DA:1,0
DA:2,0
DA:4,0
DA:5,0
DA:6,0
DA:8,0
DA:9,0
DA:16,0
DA:21,0
DA:22,0
DA:23,0
DA:29,0
DA:31,0
DA:37,0
DA:44,0
DA:45,0
LF:16
LH:0
BRDA:8,0,0,0
BRDA:8,1,0,0
BRDA:8,1,1,0
BRDA:21,2,0,0
BRDA:29,3,0,0
BRDA:29,3,1,0
BRF:6
BRH:0
end_of_record
TN:
SF:app/api/swipe/route.ts
FN:5,POST
FN:217,DELETE
FNF:2
FNH:0
FNDA:0,POST
FNDA:0,DELETE
DA:1,0
DA:2,0
DA:3,0
DA:5,0
DA:6,0
DA:7,0
DA:8,0
DA:14,0
DA:16,0
DA:17,0
DA:21,0
DA:23,0
DA:25,0
DA:31,0
DA:32,0
DA:33,0
DA:36,0
DA:39,0
DA:40,0
DA:41,0
DA:44,0
DA:47,0
DA:48,0
DA:51,0
DA:58,0
DA:59,0
DA:61,0
DA:62,0
DA:63,0
DA:76,0
DA:84,0
DA:85,0
DA:87,0
DA:88,0
DA:92,0
DA:99,0
DA:100,0
DA:101,0
DA:109,0
DA:110,0
DA:113,0
DA:114,0
DA:116,0
DA:123,0
DA:124,0
DA:130,0
DA:137,0
DA:138,0
DA:141,0
DA:142,0
DA:143,0
DA:150,0
DA:157,0
DA:158,0
DA:161,0
DA:168,0
DA:170,0
DA:175,0
DA:176,0
DA:179,0
DA:185,0
DA:188,0
DA:198,0
DA:202,0
DA:206,0
DA:212,0
DA:213,0
DA:217,0
DA:218,0
DA:219,0
DA:220,0
DA:226,0
DA:228,0
DA:229,0
DA:233,0
DA:240,0
DA:242,0
DA:243,0
DA:247,0
DA:253,0
DA:255,0
DA:256,0
DA:257,0
DA:260,0
DA:261,0
DA:264,0
DA:266,0
DA:267,0
LF:88
LH:0
BRDA:16,0,0,0
BRDA:16,1,0,0
BRDA:16,1,1,0
BRDA:31,2,0,0
BRDA:31,3,0,0
BRDA:31,3,1,0
BRDA:40,4,0,0
BRDA:41,5,0,0
BRDA:47,6,0,0
BRDA:47,6,1,0
BRDA:58,7,0,0
BRDA:58,7,1,0
BRDA:61,8,0,0
BRDA:84,9,0,0
BRDA:87,10,0,0
BRDA:87,11,0,0
BRDA:87,11,1,0
BRDA:100,12,0,0
BRDA:100,13,0,0
BRDA:100,13,1,0
BRDA:109,14,0,0
BRDA:113,15,0,0
BRDA:113,15,1,0
BRDA:114,16,0,0
BRDA:114,16,1,0
BRDA:123,17,0,0
BRDA:123,18,0,0
BRDA:123,18,1,0
BRDA:137,19,0,0
BRDA:141,20,0,0
BRDA:168,21,0,0
BRDA:168,21,1,0
BRDA:175,22,0,0
BRDA:194,23,0,0
BRDA:194,23,1,0
BRDA:228,24,0,0
BRDA:228,25,0,0
BRDA:228,25,1,0
BRDA:242,26,0,0
BRDA:255,27,0,0
BRDA:260,28,0,0
BRDA:267,29,0,0
BRDA:267,29,1,0
BRF:43
BRH:0
end_of_record
TN:
SF:app/api/swipe/instant-match/route.ts
FN:9,POST
FNF:1
FNH:0
FNDA:0,POST
DA:1,0
DA:2,0
DA:3,0
DA:6,0
DA:7,0
DA:9,0
DA:10,0
DA:11,0
DA:12,0
DA:18,0
DA:20,0
DA:21,0
DA:25,0
DA:31,0
DA:32,0
DA:36,0
DA:37,0
DA:40,0
DA:41,0
DA:44,0
DA:45,0
DA:52,0
DA:60,0
DA:61,0
DA:65,0
DA:71,0
DA:72,0
DA:76,0
DA:83,0
DA:84,0
DA:88,0
DA:97,0
DA:98,0
DA:99,0
DA:103,0
DA:104,0
DA:106,0
DA:114,0
DA:115,0
DA:116,0
DA:120,0
DA:127,0
DA:128,0
DA:137,0
DA:141,0
DA:148,0
DA:155,0
DA:156,0
LF:48
LH:0
BRDA:20,0,0,0
BRDA:20,1,0,0
BRDA:20,1,1,0
BRDA:31,2,0,0
BRDA:31,3,0,0
BRDA:31,3,1,0
BRDA:36,4,0,0
BRDA:40,5,0,0
BRDA:40,5,1,0
BRDA:41,6,0,0
BRDA:41,6,1,0
BRDA:44,7,0,0
BRDA:60,8,0,0
BRDA:60,9,0,0
BRDA:60,9,1,0
BRDA:71,10,0,0
BRDA:83,11,0,0
BRDA:97,12,0,0
BRDA:103,13,0,0
BRDA:103,13,1,0
BRDA:104,14,0,0
BRDA:104,14,1,0
BRDA:114,15,0,0
BRDA:127,16,0,0
BRDA:127,16,1,0
BRDA:131,17,0,0
BRDA:131,17,1,0
BRF:27
BRH:0
end_of_record
TN:
SF:app/api/swipe/stats/route.ts
FN:5,GET
FNF:1
FNH:0
FNDA:0,GET
DA:1,0
DA:2,0
DA:3,0
DA:5,0
DA:6,0
DA:8,0
DA:14,0
DA:16,0
DA:17,0
DA:21,0
DA:27,0
DA:28,0
DA:32,0
DA:33,0
DA:34,0
DA:38,0
DA:45,0
DA:46,0
DA:47,0
DA:49,0
DA:61,0
DA:62,0
LF:22
LH:0
BRDA:16,0,0,0
BRDA:16,1,0,0
BRDA:16,1,1,0
BRDA:27,2,0,0
BRDA:33,3,0,0
BRDA:34,4,0,0
BRDA:45,5,0,0
BRDA:45,5,1,0
BRDA:46,6,0,0
BRDA:46,6,1,0
BRDA:47,7,0,0
BRDA:47,7,1,0
BRDA:50,8,0,0
BRDA:50,8,1,0
BRDA:53,9,0,0
BRDA:53,9,1,0
BRDA:54,10,0,0
BRDA:54,10,1,0
BRDA:56,11,0,0
BRDA:56,11,1,0
BRDA:58,12,0,0
BRDA:58,12,1,0
BRF:22
BRH:0
end_of_record
TN:
SF:app/api/users/profile/route.ts
FN:9,GET
FNF:1
FNH:0
FNDA:0,GET
DA:1,0
DA:2,0
DA:4,0
DA:9,0
DA:10,0
DA:11,0
DA:12,0
DA:14,0
DA:15,0
DA:19,0
DA:25,0
DA:26,0
DA:27,0
DA:30,0
DA:33,0
DA:34,0
LF:16
LH:0
BRDA:14,0,0,0
BRDA:25,1,0,0
BRDA:35,2,0,0
BRDA:35,2,1,0
BRF:4
BRH:0
end_of_record
TN:
SF:app/auth-loading/loading.tsx
FN:1,Loading
FNF:1
FNH:0
FNDA:0,Loading
DA:1,0
DA:2,0
LF:2
LH:0
BRF:0
BRH:0
end_of_record
TN:
SF:app/auth-loading/page.tsx
FN:7,AuthLoadingContent
FN:16,AuthLoadingPage
FNF:2
FNH:0
FNDA:0,AuthLoadingContent
FNDA:0,AuthLoadingPage
DA:3,0
DA:4,0
DA:5,0
DA:8,0
DA:9,0
DA:10,0
DA:11,0
DA:16,0
LF:8
LH:0
BRDA:13,0,0,0
BRDA:13,0,1,0
BRF:2
BRH:0
end_of_record
TN:
SF:app/blog/loading.tsx
FN:1,Loading
FNF:1
FNH:0
FNDA:0,Loading
DA:1,0
DA:2,0
LF:2
LH:0
BRF:0
BRH:0
end_of_record
TN:
SF:app/blog/page.tsx
FN:48,BlogPage
FN:60,(anonymous_3)
FN:66,(anonymous_4)
FN:70,(anonymous_5)
FN:80,(anonymous_6)
FN:101,(anonymous_7)
FN:105,(anonymous_8)
FN:120,(anonymous_9)
FN:124,(anonymous_10)
FN:162,(anonymous_11)
FN:205,(anonymous_12)
FN:212,(anonymous_13)
FN:220,(anonymous_14)
FN:307,(anonymous_15)
FN:308,(anonymous_16)
FN:393,(anonymous_17)
FNF:16
FNH:0
FNDA:0,BlogPage
FNDA:0,(anonymous_3)
FNDA:0,(anonymous_4)
FNDA:0,(anonymous_5)
FNDA:0,(anonymous_6)
FNDA:0,(anonymous_7)
FNDA:0,(anonymous_8)
FNDA:0,(anonymous_9)
FNDA:0,(anonymous_10)
FNDA:0,(anonymous_11)
FNDA:0,(anonymous_12)
FNDA:0,(anonymous_13)
FNDA:0,(anonymous_14)
FNDA:0,(anonymous_15)
FNDA:0,(anonymous_16)
FNDA:0,(anonymous_17)
DA:5,0
DA:6,0
DA:7,0
DA:8,0
DA:9,0
DA:10,0
DA:11,0
DA:12,0
DA:13,0
DA:14,0
DA:15,0
DA:48,0
DA:49,0
DA:50,0
DA:51,0
DA:52,0
DA:53,0
DA:54,0
DA:55,0
DA:56,0
DA:57,0
DA:58,0
DA:60,0
DA:61,0
DA:62,0
DA:63,0
DA:66,0
DA:67,0
DA:70,0
DA:71,0
DA:72,0
DA:73,0
DA:74,0
DA:76,0
DA:80,0
DA:81,0
DA:82,0
DA:83,0
DA:88,0
DA:89,0
DA:92,0
DA:93,0
DA:96,0
DA:97,0
DA:99,0
DA:100,0
DA:101,0
DA:103,0
DA:105,0
DA:106,0
DA:109,0
DA:110,0
DA:113,0
DA:114,0
DA:116,0
DA:120,0
DA:121,0
DA:124,0
DA:125,0
DA:126,0
DA:128,0
DA:129,0
DA:130,0
DA:136,0
DA:138,0
DA:139,0
DA:140,0
DA:143,0
DA:152,0
DA:155,0
DA:156,0
DA:158,0
DA:162,0
DA:163,0
DA:170,0
DA:205,0
DA:213,0
DA:220,0
DA:307,0
DA:309,0
DA:393,0
LF:81
LH:0
BRDA:74,0,0,0
BRDA:74,0,1,0
BRDA:80,1,0,0
BRDA:80,2,0,0
BRDA:88,3,0,0
BRDA:92,4,0,0
BRDA:99,5,0,0
BRDA:100,6,0,0
BRDA:100,6,1,0
BRDA:106,7,0,0
BRDA:106,7,1,0
BRDA:106,7,2,0
BRDA:126,8,0,0
BRDA:138,9,0,0
BRDA:138,9,1,0
BRDA:152,10,0,0
BRDA:152,10,1,0
BRDA:215,11,0,0
BRDA:215,11,1,0
BRDA:218,12,0,0
BRDA:218,12,1,0
BRDA:231,13,0,0
BRDA:247,14,0,0
BRDA:247,14,1,0
BRDA:300,15,0,0
BRDA:307,16,0,0
BRDA:307,16,1,0
BRDA:315,17,0,0
BRDA:315,17,1,0
BRDA:357,18,0,0
BRDA:398,19,0,0
BRDA:398,19,1,0
BRF:32
BRH:0
end_of_record
TN:
SF:app/blog/[slug]/page.tsx
FN:57,BlogPostPage
FN:66,(anonymous_3)
FN:72,(anonymous_4)
FN:76,(anonymous_5)
FN:111,(anonymous_6)
FN:128,(anonymous_7)
FN:133,(anonymous_8)
FN:141,(anonymous_9)
FN:185,(anonymous_10)
FN:225,(anonymous_11)
FN:232,(anonymous_12)
FNF:11
FNH:0
FNDA:0,BlogPostPage
FNDA:0,(anonymous_3)
FNDA:0,(anonymous_4)
FNDA:0,(anonymous_5)
FNDA:0,(anonymous_6)
FNDA:0,(anonymous_7)
FNDA:0,(anonymous_8)
FNDA:0,(anonymous_9)
FNDA:0,(anonymous_10)
FNDA:0,(anonymous_11)
FNDA:0,(anonymous_12)
DA:3,0
DA:4,0
DA:5,0
DA:6,0
DA:7,0
DA:8,0
DA:9,0
DA:10,0
DA:11,0
DA:12,0
DA:57,0
DA:58,0
DA:59,0
DA:61,0
DA:62,0
DA:63,0
DA:64,0
DA:66,0
DA:67,0
DA:68,0
DA:72,0
DA:73,0
DA:76,0
DA:77,0
DA:78,0
DA:79,0
DA:81,0
DA:82,0
DA:83,0
DA:85,0
DA:87,0
DA:90,0
DA:91,0
DA:92,0
DA:95,0
DA:104,0
DA:105,0
DA:107,0
DA:111,0
DA:112,0
DA:113,0
DA:114,0
DA:121,0
DA:124,0
DA:128,0
DA:129,0
DA:130,0
DA:133,0
DA:134,0
DA:141,0
DA:143,0
DA:150,0
DA:158,0
DA:186,0
DA:226,0
DA:233,0
LF:56
LH:0
BRDA:67,0,0,0
BRDA:81,1,0,0
BRDA:82,2,0,0
BRDA:82,2,1,0
BRDA:92,3,0,0
BRDA:92,3,1,0
BRDA:112,4,0,0
BRDA:112,4,1,0
BRDA:112,5,0,0
BRDA:112,5,1,0
BRDA:150,6,0,0
BRDA:158,7,0,0
BRDA:188,8,0,0
BRDA:188,8,1,0
BRDA:200,9,0,0
BRDA:200,9,1,0
BRF:16
BRH:0
end_of_record
TN:
SF:app/community-guidelines/page.tsx
FN:10,CommunityGuidelinesPage
FN:11,(anonymous_3)
FN:160,(anonymous_4)
FN:190,(anonymous_5)
FNF:4
FNH:0
FNDA:0,CommunityGuidelinesPage
FNDA:0,(anonymous_3)
FNDA:0,(anonymous_4)
FNDA:0,(anonymous_5)
DA:3,0
DA:4,0
DA:5,0
DA:6,0
DA:7,0
DA:8,0
DA:10,0
DA:11,0
DA:12,0
DA:161,0
DA:191,0
LF:11
LH:0
BRF:0
BRH:0
end_of_record
TN:
SF:app/contact/page.tsx
FN:13,ContactPage
FN:23,(anonymous_3)
FN:27,(anonymous_4)
FN:29,(anonymous_5)
FN:35,(anonymous_6)
FN:300,(anonymous_7)
FNF:6
FNH:0
FNDA:0,ContactPage
FNDA:0,(anonymous_3)
FNDA:0,(anonymous_4)
FNDA:0,(anonymous_5)
FNDA:0,(anonymous_6)
FNDA:0,(anonymous_7)
DA:3,0
DA:4,0
DA:5,0
DA:6,0
DA:7,0
DA:8,0
DA:9,0
DA:10,0
DA:11,0
DA:13,0
DA:14,0
DA:15,0
DA:16,0
DA:23,0
DA:24,0
DA:27,0
DA:28,0
DA:29,0
DA:35,0
DA:36,0
DA:38,0
DA:41,0
DA:42,0
DA:47,0
DA:50,0
DA:52,0
DA:53,0
DA:61,0
DA:63,0
DA:64,0
DA:67,0
DA:68,0
DA:74,0
DA:82,0
DA:83,0
DA:89,0
DA:301,0
LF:37
LH:0
BRDA:38,0,0,0
BRDA:38,1,0,0
BRDA:38,1,1,0
BRDA:41,2,0,0
BRDA:41,3,0,0
BRDA:41,3,1,0
BRDA:41,3,2,0
BRDA:41,3,3,0
BRDA:63,4,0,0
BRDA:64,5,0,0
BRDA:64,5,1,0
BRDA:85,6,0,0
BRDA:85,6,1,0
BRDA:183,7,0,0
BRDA:183,7,1,0
BRDA:197,8,0,0
BRDA:197,8,1,0
BRDA:212,9,0,0
BRDA:212,9,1,0
BRDA:227,10,0,0
BRDA:227,10,1,0
BRDA:236,11,0,0
BRDA:236,11,1,0
BRDA:239,12,0,0
BRDA:244,13,0,0
BRF:25
BRH:0
end_of_record
TN:
SF:app/cookie-policy/page.tsx
FN:11,CookiePolicyPage
FN:12,(anonymous_3)
FNF:2
FNH:0
FNDA:0,CookiePolicyPage
FNDA:0,(anonymous_3)
DA:3,0
DA:4,0
DA:5,0
DA:7,0
DA:8,0
DA:9,0
DA:11,0
DA:12,0
DA:13,0
LF:9
LH:0
BRF:0
BRH:0
end_of_record
TN:
SF:app/dashboard/layout.tsx
FN:15,DashboardLayout
FN:25,DashboardShell
FN:30,(anonymous_4)
FNF:3
FNH:0
FNDA:0,DashboardLayout
FNDA:0,DashboardShell
FNDA:0,(anonymous_4)
DA:4,0
DA:5,0
DA:6,0
DA:7,0
DA:8,0
DA:15,0
DA:26,0
DA:27,0
DA:30,0
DA:31,0
DA:32,0
LF:11
LH:0
BRDA:31,0,0,0
BRDA:31,1,0,0
BRDA:31,1,1,0
BRDA:31,1,2,0
BRF:4
BRH:0
end_of_record
TN:
SF:app/dashboard/loading.tsx
FN:3,DashboardLoading
FN:13,(anonymous_2)
FNF:2
FNH:0
FNDA:0,DashboardLoading
FNDA:0,(anonymous_2)
DA:1,0
DA:3,0
DA:14,0
LF:3
LH:0
BRF:0
BRH:0
end_of_record
TN:
SF:app/dashboard/page.tsx
FN:13,(anonymous_5)
FN:13,(anonymous_6)
FN:18,DashboardPage
FN:29,(anonymous_9)
FN:44,(anonymous_10)
FN:53,(anonymous_11)
FN:102,(anonymous_12)
FN:109,(anonymous_13)
FN:134,(anonymous_14)
FN:140,(anonymous_15)
FN:149,(anonymous_16)
FN:166,(anonymous_17)
FN:174,(anonymous_18)
FN:210,(anonymous_19)
FN:216,(anonymous_20)
FNF:15
FNH:0
FNDA:0,(anonymous_5)
FNDA:0,(anonymous_6)
FNDA:0,DashboardPage
FNDA:0,(anonymous_9)
FNDA:0,(anonymous_10)
FNDA:0,(anonymous_11)
FNDA:0,(anonymous_12)
FNDA:0,(anonymous_13)
FNDA:0,(anonymous_14)
FNDA:0,(anonymous_15)
FNDA:0,(anonymous_16)
FNDA:0,(anonymous_17)
FNDA:0,(anonymous_18)
FNDA:0,(anonymous_19)
FNDA:0,(anonymous_20)
DA:3,0
DA:4,0
DA:5,0
DA:6,0
DA:7,0
DA:9,0
DA:10,0
DA:11,0
DA:13,0
DA:15,0
DA:18,0
DA:20,0
DA:21,0
DA:27,0
DA:30,0
DA:31,0
DA:32,0
DA:33,0
DA:42,0
DA:45,0
DA:46,0
DA:47,0
DA:53,0
DA:54,0
DA:55,0
DA:58,0
DA:59,0
DA:60,0
DA:61,0
DA:62,0
DA:65,0
DA:66,0
DA:67,0
DA:68,0
DA:72,0
DA:73,0
DA:74,0
DA:77,0
DA:78,0
DA:79,0
DA:80,0
DA:84,0
DA:85,0
DA:87,0
DA:88,0
DA:93,0
DA:94,0
DA:95,0
DA:102,0
DA:103,0
DA:104,0
DA:105,0
DA:109,0
DA:110,0
DA:113,0
DA:114,0
DA:129,0
DA:131,0
DA:132,0
DA:134,0
DA:135,0
DA:136,0
DA:140,0
DA:141,0
DA:142,0
DA:146,0
DA:149,0
DA:150,0
DA:151,0
DA:152,0
DA:153,0
DA:156,0
DA:166,0
DA:167,0
DA:168,0
DA:169,0
DA:170,0
DA:174,0
DA:175,0
DA:177,0
DA:180,0
DA:184,0
DA:210,0
DA:216,0
LF:84
LH:0
BRDA:24,0,0,0
BRDA:31,1,0,0
BRDA:33,2,0,0
BRDA:33,2,1,0
BRDA:46,3,0,0
BRDA:55,4,0,0
BRDA:58,5,0,0
BRDA:58,5,1,0
BRDA:59,6,0,0
BRDA:65,7,0,0
BRDA:72,8,0,0
BRDA:72,9,0,0
BRDA:72,9,1,0
BRDA:77,10,0,0
BRDA:84,11,0,0
BRDA:87,12,0,0
BRDA:93,13,0,0
BRDA:103,14,0,0
BRDA:103,15,0,0
BRDA:103,15,1,0
BRDA:103,15,2,0
BRDA:110,16,0,0
BRDA:135,17,0,0
BRDA:135,18,0,0
BRDA:135,18,1,0
BRDA:141,19,0,0
BRDA:141,20,0,0
BRDA:141,20,1,0
BRDA:141,20,2,0
BRDA:152,21,0,0
BRDA:152,21,1,0
BRDA:167,22,0,0
BRDA:180,23,0,0
BRDA:190,24,0,0
BRF:34
BRH:0
end_of_record
TN:
SF:app/dashboard/account-settings/page.tsx
FN:16,AccountSettingsPage
FN:35,(anonymous_3)
FN:44,(anonymous_4)
FN:60,(anonymous_5)
FN:90,(anonymous_6)
FN:135,(anonymous_7)
FN:156,(anonymous_8)
FN:172,(anonymous_9)
FN:215,(anonymous_10)
FN:235,(anonymous_11)
FN:239,(anonymous_12)
FN:243,(anonymous_13)
FNF:12
FNH:0
FNDA:0,AccountSettingsPage
FNDA:0,(anonymous_3)
FNDA:0,(anonymous_4)
FNDA:0,(anonymous_5)
FNDA:0,(anonymous_6)
FNDA:0,(anonymous_7)
FNDA:0,(anonymous_8)
FNDA:0,(anonymous_9)
FNDA:0,(anonymous_10)
FNDA:0,(anonymous_11)
FNDA:0,(anonymous_12)
FNDA:0,(anonymous_13)
DA:3,0
DA:4,0
DA:5,0
DA:6,0
DA:7,0
DA:8,0
DA:9,0
DA:10,0
DA:11,0
DA:12,0
DA:13,0
DA:14,0
DA:16,0
DA:17,0
DA:18,0
DA:20,0
DA:23,0
DA:24,0
DA:25,0
DA:26,0
DA:27,0
DA:28,0
DA:29,0
DA:30,0
DA:31,0
DA:32,0
DA:33,0
DA:35,0
DA:36,0
DA:37,0
DA:38,0
DA:39,0
DA:44,0
DA:45,0
DA:46,0
DA:47,0
DA:49,0
DA:50,0
DA:51,0
DA:53,0
DA:55,0
DA:60,0
DA:61,0
DA:62,0
DA:63,0
DA:65,0
DA:75,0
DA:77,0
DA:78,0
DA:81,0
DA:82,0
DA:84,0
DA:86,0
DA:90,0
DA:91,0
DA:92,0
DA:93,0
DA:95,0
DA:105,0
DA:107,0
DA:108,0
DA:112,0
DA:121,0
DA:123,0
DA:124,0
DA:125,0
DA:126,0
DA:128,0
DA:130,0
DA:135,0
DA:136,0
DA:137,0
DA:138,0
DA:139,0
DA:141,0
DA:142,0
DA:144,0
DA:145,0
DA:146,0
DA:147,0
DA:149,0
DA:151,0
DA:156,0
DA:157,0
DA:158,0
DA:159,0
DA:160,0
DA:161,0
DA:162,0
DA:163,0
DA:165,0
DA:167,0
DA:172,0
DA:173,0
DA:174,0
DA:175,0
DA:176,0
DA:178,0
DA:179,0
DA:180,0
DA:181,0
DA:183,0
DA:215,0
DA:235,0
DA:239,0
DA:243,0
LF:106
LH:0
BRDA:36,0,0,0
BRDA:37,1,0,0
BRDA:37,1,1,0
BRDA:37,1,2,0
BRDA:38,2,0,0
BRDA:38,2,1,0
BRDA:38,2,2,0
BRDA:45,3,0,0
BRDA:50,4,0,0
BRDA:53,5,0,0
BRDA:53,5,1,0
BRDA:61,6,0,0
BRDA:77,7,0,0
BRDA:78,8,0,0
BRDA:78,8,1,0
BRDA:84,9,0,0
BRDA:84,9,1,0
BRDA:91,10,0,0
BRDA:107,11,0,0
BRDA:108,12,0,0
BRDA:108,12,1,0
BRDA:121,13,0,0
BRDA:128,14,0,0
BRDA:128,14,1,0
BRDA:137,15,0,0
BRDA:137,16,0,0
BRDA:137,16,1,0
BRDA:137,16,2,0
BRDA:145,17,0,0
BRDA:149,18,0,0
BRDA:149,18,1,0
BRDA:157,19,0,0
BRDA:161,20,0,0
BRDA:165,21,0,0
BRDA:165,21,1,0
BRDA:173,22,0,0
BRDA:174,23,0,0
BRDA:179,24,0,0
BRDA:183,25,0,0
BRDA:183,25,1,0
BRDA:204,26,0,0
BRDA:204,26,1,0
BRDA:206,27,0,0
BRDA:206,27,1,0
BRDA:212,28,0,0
BRDA:247,29,0,0
BRDA:247,29,1,0
BRDA:260,30,0,0
BRDA:260,30,1,0
BRDA:272,31,0,0
BRDA:272,31,1,0
BRF:51
BRH:0
end_of_record
TN:
SF:app/dashboard/matches/loading.tsx
FN:3,MatchesLoading
FN:19,(anonymous_2)
FNF:2
FNH:0
FNDA:0,MatchesLoading
FNDA:0,(anonymous_2)
DA:1,0
DA:3,0
DA:20,0
LF:3
LH:0
BRF:0
BRH:0
end_of_record
TN:
SF:app/dashboard/matches/page.tsx
FN:15,(anonymous_5)
FN:15,(anonymous_6)
FN:38,MatchesPage
FN:50,(anonymous_9)
FN:59,(anonymous_10)
FN:75,(anonymous_11)
FN:87,(anonymous_12)
FN:107,(anonymous_13)
FN:140,(anonymous_14)
FN:149,(anonymous_15)
FN:157,(anonymous_16)
FN:179,(anonymous_17)
FN:213,(anonymous_18)
FN:221,(anonymous_19)
FN:259,(anonymous_20)
FN:275,(anonymous_21)
FNF:16
FNH:0
FNDA:0,(anonymous_5)
FNDA:0,(anonymous_6)
FNDA:0,MatchesPage
FNDA:0,(anonymous_9)
FNDA:0,(anonymous_10)
FNDA:0,(anonymous_11)
FNDA:0,(anonymous_12)
FNDA:0,(anonymous_13)
FNDA:0,(anonymous_14)
FNDA:0,(anonymous_15)
FNDA:0,(anonymous_16)
FNDA:0,(anonymous_17)
FNDA:0,(anonymous_18)
FNDA:0,(anonymous_19)
FNDA:0,(anonymous_20)
FNDA:0,(anonymous_21)
DA:3,0
DA:4,0
DA:5,0
DA:6,0
DA:7,0
DA:8,0
DA:10,0
DA:11,0
DA:12,0
DA:13,0
DA:15,0
DA:16,0
DA:38,0
DA:39,0
DA:40,0
DA:41,0
DA:42,0
DA:48,0
DA:51,0
DA:52,0
DA:53,0
DA:54,0
DA:59,0
DA:60,0
DA:61,0
DA:62,0
DA:63,0
DA:65,0
DA:66,0
DA:67,0
DA:69,0
DA:70,0
DA:75,0
DA:76,0
DA:77,0
DA:78,0
DA:79,0
DA:80,0
DA:81,0
DA:82,0
DA:84,0
DA:87,0
DA:88,0
DA:89,0
DA:90,0
DA:91,0
DA:93,0
DA:94,0
DA:95,0
DA:96,0
DA:97,0
DA:98,0
DA:100,0
DA:107,0
DA:108,0
DA:109,0
DA:112,0
DA:140,0
DA:150,0
DA:157,0
DA:179,0
DA:213,0
DA:221,0
DA:259,0
DA:275,0
LF:65
LH:0
BRDA:45,0,0,0
BRDA:52,1,0,0
BRDA:54,2,0,0
BRDA:54,2,1,0
BRDA:60,3,0,0
BRDA:61,4,0,0
BRDA:65,5,0,0
BRDA:69,6,0,0
BRDA:76,7,0,0
BRDA:81,8,0,0
BRDA:81,9,0,0
BRDA:81,9,1,0
BRDA:81,9,2,0
BRDA:93,10,0,0
BRDA:93,10,1,0
BRDA:95,11,0,0
BRDA:95,11,1,0
BRDA:97,12,0,0
BRDA:97,12,1,0
BRDA:112,13,0,0
BRDA:121,14,0,0
BRDA:129,15,0,0
BRDA:162,16,0,0
BRDA:162,16,1,0
BRDA:162,16,2,0
BRDA:186,17,0,0
BRDA:186,18,0,0
BRDA:186,18,1,0
BRDA:187,19,0,0
BRDA:187,19,1,0
BRDA:189,20,0,0
BRDA:194,21,0,0
BRDA:194,21,1,0
BRDA:271,22,0,0
BRF:34
BRH:0
end_of_record
TN:
SF:app/dashboard/messages/loading.tsx
FN:3,MessagesLoading
FN:12,(anonymous_2)
FNF:2
FNH:0
FNDA:0,MessagesLoading
FNDA:0,(anonymous_2)
DA:1,0
DA:3,0
DA:13,0
LF:3
LH:0
BRF:0
BRH:0
end_of_record
TN:
SF:app/dashboard/messages/page.tsx
FN:35,MessagesPage
FN:44,(anonymous_2)
FN:47,(anonymous_3)
FN:59,(anonymous_4)
FN:84,(anonymous_5)
FN:101,(anonymous_6)
FN:102,(anonymous_7)
FN:109,(anonymous_8)
FN:120,(anonymous_9)
FN:127,(anonymous_10)
FN:142,(anonymous_11)
FN:155,(anonymous_12)
FN:169,(anonymous_13)
FN:177,(anonymous_14)
FN:184,(anonymous_15)
FN:185,(anonymous_16)
FN:189,(anonymous_17)
FN:192,(anonymous_18)
FN:195,(anonymous_19)
FN:199,(anonymous_20)
FN:210,(anonymous_21)
FN:216,(anonymous_22)
FN:228,(anonymous_23)
FN:273,(anonymous_24)
FN:280,(anonymous_25)
FN:307,(anonymous_26)
FN:315,(anonymous_27)
FN:344,(anonymous_28)
FN:352,(anonymous_29)
FN:374,(anonymous_30)
FN:382,(anonymous_31)
FN:386,(anonymous_32)
FNF:32
FNH:0
FNDA:0,MessagesPage
FNDA:0,(anonymous_2)
FNDA:0,(anonymous_3)
FNDA:0,(anonymous_4)
FNDA:0,(anonymous_5)
FNDA:0,(anonymous_6)
FNDA:0,(anonymous_7)
FNDA:0,(anonymous_8)
FNDA:0,(anonymous_9)
FNDA:0,(anonymous_10)
FNDA:0,(anonymous_11)
FNDA:0,(anonymous_12)
FNDA:0,(anonymous_13)
FNDA:0,(anonymous_14)
FNDA:0,(anonymous_15)
FNDA:0,(anonymous_16)
FNDA:0,(anonymous_17)
FNDA:0,(anonymous_18)
FNDA:0,(anonymous_19)
FNDA:0,(anonymous_20)
FNDA:0,(anonymous_21)
FNDA:0,(anonymous_22)
FNDA:0,(anonymous_23)
FNDA:0,(anonymous_24)
FNDA:0,(anonymous_25)
FNDA:0,(anonymous_26)
FNDA:0,(anonymous_27)
FNDA:0,(anonymous_28)
FNDA:0,(anonymous_29)
FNDA:0,(anonymous_30)
FNDA:0,(anonymous_31)
FNDA:0,(anonymous_32)
DA:3,0
DA:4,0
DA:5,0
DA:6,0
DA:7,0
DA:8,0
DA:9,0
DA:10,0
DA:11,0
DA:35,0
DA:36,0
DA:42,0
DA:45,0
DA:46,0
DA:47,0
DA:48,0
DA:50,0
DA:51,0
DA:59,0
DA:60,0
DA:61,0
DA:64,0
DA:65,0
DA:68,0
DA:69,0
DA:72,0
DA:73,0
DA:75,0
DA:76,0
DA:79,0
DA:82,0
DA:84,0
DA:85,0
DA:86,0
DA:87,0
DA:88,0
DA:90,0
DA:91,0
DA:92,0
DA:94,0
DA:95,0
DA:101,0
DA:102,0
DA:103,0
DA:104,0
DA:105,0
DA:109,0
DA:110,0
DA:111,0
DA:112,0
DA:117,0
DA:118,0
DA:120,0
DA:121,0
DA:122,0
DA:127,0
DA:128,0
DA:130,0
DA:132,0
DA:143,0
DA:144,0
DA:145,0
DA:156,0
DA:157,0
DA:158,0
DA:170,0
DA:171,0
DA:172,0
DA:177,0
DA:178,0
DA:179,0
DA:184,0
DA:185,0
DA:186,0
DA:187,0
DA:189,0
DA:190,0
DA:192,0
DA:193,0
DA:195,0
DA:196,0
DA:197,0
DA:200,0
DA:204,0
DA:208,0
DA:209,0
DA:210,0
DA:211,0
DA:216,0
DA:217,0
DA:218,0
DA:219,0
DA:220,0
DA:221,0
DA:222,0
DA:223,0
DA:225,0
DA:228,0
DA:229,0
DA:230,0
DA:231,0
DA:233,0
DA:234,0
DA:236,0
DA:237,0
DA:239,0
DA:240,0
DA:241,0
DA:243,0
DA:246,0
DA:273,0
DA:280,0
DA:307,0
DA:315,0
DA:344,0
DA:352,0
DA:374,0
DA:383,0
DA:386,0
LF:119
LH:0
BRDA:46,0,0,0
BRDA:48,1,0,0
BRDA:48,1,1,0
BRDA:61,2,0,0
BRDA:64,3,0,0
BRDA:68,4,0,0
BRDA:68,5,0,0
BRDA:68,5,1,0
BRDA:82,6,0,0
BRDA:82,6,1,0
BRDA:85,7,0,0
BRDA:86,8,0,0
BRDA:90,9,0,0
BRDA:94,10,0,0
BRDA:103,11,0,0
BRDA:110,12,0,0
BRDA:110,13,0,0
BRDA:110,13,1,0
BRDA:128,14,0,0
BRDA:128,15,0,0
BRDA:128,15,1,0
BRDA:187,16,0,0
BRDA:187,16,1,0
BRDA:208,17,0,0
BRDA:217,18,0,0
BRDA:222,19,0,0
BRDA:222,20,0,0
BRDA:222,20,1,0
BRDA:222,20,2,0
BRDA:233,21,0,0
BRDA:234,22,0,0
BRDA:237,23,0,0
BRDA:240,24,0,0
BRDA:241,25,0,0
BRDA:246,26,0,0
BRDA:254,27,0,0
BRDA:289,28,0,0
BRDA:334,29,0,0
BRDA:348,30,0,0
BRDA:348,30,1,0
BRDA:360,31,0,0
BRDA:365,32,0,0
BRDA:382,33,0,0
BRDA:382,33,1,0
BRDA:394,34,0,0
BRDA:394,34,1,0
BRDA:394,34,2,0
BRDA:415,35,0,0
BRDA:415,35,1,0
BRDA:417,36,0,0
BRDA:417,37,0,0
BRDA:417,37,1,0
BRDA:419,38,0,0
BRDA:419,38,1,0
BRDA:428,39,0,0
BRDA:428,39,1,0
BRF:56
BRH:0
end_of_record
TN:
SF:app/dashboard/messages/[id]/loading.tsx
FN:1,ChatLoading
FNF:1
FNH:0
FNDA:0,ChatLoading
DA:1,0
LF:1
LH:0
BRF:0
BRH:0
end_of_record
TN:
SF:app/dashboard/messages/[id]/page.tsx
FN:54,ChatPage
FN:82,(anonymous_3)
FN:83,(anonymous_4)
FN:87,(anonymous_5)
FN:93,(anonymous_6)
FN:97,(anonymous_7)
FN:107,(anonymous_8)
FN:119,(anonymous_9)
FN:123,(anonymous_10)
FN:128,(anonymous_11)
FN:145,(anonymous_12)
FN:147,(anonymous_13)
FN:151,(anonymous_14)
FN:154,(anonymous_15)
FN:158,(anonymous_16)
FN:182,(anonymous_17)
FN:217,(anonymous_18)
FN:252,(anonymous_19)
FN:281,(anonymous_20)
FN:300,(anonymous_21)
FN:305,(anonymous_22)
FN:332,(anonymous_23)
FN:352,(anonymous_24)
FN:359,(anonymous_25)
FN:385,(anonymous_26)
FN:402,(anonymous_27)
FN:440,(anonymous_28)
FN:444,(anonymous_29)
FN:449,(anonymous_30)
FN:471,(anonymous_31)
FN:479,(anonymous_32)
FN:530,(anonymous_33)
FN:536,(anonymous_34)
FN:630,(anonymous_35)
FNF:34
FNH:0
FNDA:0,ChatPage
FNDA:0,(anonymous_3)
FNDA:0,(anonymous_4)
FNDA:0,(anonymous_5)
FNDA:0,(anonymous_6)
FNDA:0,(anonymous_7)
FNDA:0,(anonymous_8)
FNDA:0,(anonymous_9)
FNDA:0,(anonymous_10)
FNDA:0,(anonymous_11)
FNDA:0,(anonymous_12)
FNDA:0,(anonymous_13)
FNDA:0,(anonymous_14)
FNDA:0,(anonymous_15)
FNDA:0,(anonymous_16)
FNDA:0,(anonymous_17)
FNDA:0,(anonymous_18)
FNDA:0,(anonymous_19)
FNDA:0,(anonymous_20)
FNDA:0,(anonymous_21)
FNDA:0,(anonymous_22)
FNDA:0,(anonymous_23)
FNDA:0,(anonymous_24)
FNDA:0,(anonymous_25)
FNDA:0,(anonymous_26)
FNDA:0,(anonymous_27)
FNDA:0,(anonymous_28)
FNDA:0,(anonymous_29)
FNDA:0,(anonymous_30)
FNDA:0,(anonymous_31)
FNDA:0,(anonymous_32)
FNDA:0,(anonymous_33)
FNDA:0,(anonymous_34)
FNDA:0,(anonymous_35)
DA:3,0
DA:4,0
DA:5,0
DA:6,0
DA:7,0
DA:9,0
DA:11,0
DA:18,0
DA:28,0
DA:29,0
DA:30,0
DA:31,0
DA:32,0
DA:33,0
DA:54,0
DA:55,0
DA:56,0
DA:57,0
DA:58,0
DA:60,0
DA:61,0
DA:62,0
DA:63,0
DA:64,0
DA:65,0
DA:66,0
DA:67,0
DA:70,0
DA:79,0
DA:82,0
DA:83,0
DA:84,0
DA:85,0
DA:88,0
DA:89,0
DA:93,0
DA:94,0
DA:97,0
DA:98,0
DA:102,0
DA:104,0
DA:105,0
DA:107,0
DA:108,0
DA:109,0
DA:110,0
DA:111,0
DA:117,0
DA:120,0
DA:121,0
DA:122,0
DA:123,0
DA:128,0
DA:129,0
DA:130,0
DA:131,0
DA:132,0
DA:134,0
DA:135,0
DA:136,0
DA:138,0
DA:139,0
DA:140,0
DA:145,0
DA:147,0
DA:148,0
DA:151,0
DA:154,0
DA:155,0
DA:158,0
DA:159,0
DA:160,0
DA:162,0
DA:163,0
DA:164,0
DA:166,0
DA:167,0
DA:168,0
DA:169,0
DA:170,0
DA:171,0
DA:173,0
DA:174,0
DA:177,0
DA:178,0
DA:182,0
DA:183,0
DA:185,0
DA:186,0
DA:187,0
DA:188,0
DA:198,0
DA:199,0
DA:201,0
DA:202,0
DA:203,0
DA:205,0
DA:206,0
DA:207,0
DA:210,0
DA:211,0
DA:213,0
DA:217,0
DA:218,0
DA:220,0
DA:221,0
DA:222,0
DA:223,0
DA:232,0
DA:233,0
DA:235,0
DA:236,0
DA:237,0
DA:238,0
DA:240,0
DA:241,0
DA:242,0
DA:245,0
DA:246,0
DA:248,0
DA:252,0
DA:253,0
DA:255,0
DA:256,0
DA:257,0
DA:266,0
DA:267,0
DA:268,0
DA:269,0
DA:271,0
DA:274,0
DA:275,0
DA:277,0
DA:281,0
DA:282,0
DA:283,0
DA:284,0
DA:286,0
DA:287,0
DA:289,0
DA:290,0
DA:292,0
DA:300,0
DA:301,0
DA:304,0
DA:305,0
DA:308,0
DA:310,0
DA:311,0
DA:312,0
DA:316,0
DA:319,0
DA:327,0
DA:332,0
DA:339,0
DA:352,0
DA:359,0
DA:386,0
DA:387,0
DA:389,0
DA:391,0
DA:402,0
DA:440,0
DA:444,0
DA:449,0
DA:471,0
DA:480,0
DA:530,0
DA:537,0
DA:538,0
DA:539,0
DA:630,0
LF:172
LH:0
BRDA:70,0,0,0
BRDA:70,0,1,0
BRDA:84,1,0,0
BRDA:94,2,0,0
BRDA:98,3,0,0
BRDA:98,4,0,0
BRDA:98,4,1,0
BRDA:102,5,0,0
BRDA:110,6,0,0
BRDA:121,7,0,0
BRDA:123,8,0,0
BRDA:123,8,1,0
BRDA:125,9,0,0
BRDA:125,9,1,0
BRDA:129,10,0,0
BRDA:130,11,0,0
BRDA:134,12,0,0
BRDA:138,13,0,0
BRDA:160,14,0,0
BRDA:160,15,0,0
BRDA:160,15,1,0
BRDA:169,16,0,0
BRDA:169,16,1,0
BRDA:178,17,0,0
BRDA:178,17,1,0
BRDA:183,18,0,0
BRDA:201,19,0,0
BRDA:201,19,1,0
BRDA:205,20,0,0
BRDA:205,20,1,0
BRDA:205,20,2,0
BRDA:211,21,0,0
BRDA:211,21,1,0
BRDA:218,22,0,0
BRDA:235,23,0,0
BRDA:235,23,1,0
BRDA:240,24,0,0
BRDA:240,24,1,0
BRDA:240,24,2,0
BRDA:246,25,0,0
BRDA:246,25,1,0
BRDA:253,26,0,0
BRDA:266,27,0,0
BRDA:266,27,1,0
BRDA:286,28,0,0
BRDA:287,29,0,0
BRDA:290,30,0,0
BRDA:301,31,0,0
BRDA:308,32,0,0
BRDA:308,33,0,0
BRDA:308,33,1,0
BRDA:311,34,0,0
BRDA:319,35,0,0
BRDA:319,36,0,0
BRDA:319,36,1,0
BRDA:327,37,0,0
BRDA:339,38,0,0
BRDA:408,39,0,0
BRDA:408,39,1,0
BRDA:408,39,2,0
BRDA:424,40,0,0
BRDA:424,40,1,0
BRDA:460,41,0,0
BRDA:460,41,1,0
BRDA:482,42,0,0
BRDA:482,42,1,0
BRDA:486,43,0,0
BRDA:486,43,1,0
BRDA:493,44,0,0
BRDA:493,44,1,0
BRDA:496,45,0,0
BRDA:496,45,1,0
BRDA:500,46,0,0
BRDA:500,46,1,0
BRDA:514,47,0,0
BRDA:537,48,0,0
BRDA:537,49,0,0
BRDA:537,49,1,0
BRDA:546,50,0,0
BRDA:546,50,1,0
BRDA:550,51,0,0
BRDA:575,52,0,0
BRDA:575,52,1,0
BRDA:597,53,0,0
BRDA:597,53,1,0
BRDA:619,54,0,0
BRDA:619,54,1,0
BRDA:626,55,0,0
BRF:88
BRH:0
end_of_record
TN:
SF:app/dashboard/preferences/loading.tsx
FN:3,PreferencesLoading
FNF:1
FNH:0
FNDA:0,PreferencesLoading
DA:1,0
DA:3,0
LF:2
LH:0
BRF:0
BRH:0
end_of_record
TN:
SF:app/dashboard/preferences/page.tsx
FN:17,PreferencesPage
FN:24,(anonymous_3)
FN:30,(anonymous_4)
FN:90,(anonymous_5)
FNF:4
FNH:0
FNDA:0,PreferencesPage
FNDA:0,(anonymous_3)
FNDA:0,(anonymous_4)
FNDA:0,(anonymous_5)
DA:3,0
DA:4,0
DA:5,0
DA:6,0
DA:7,0
DA:8,0
DA:9,0
DA:10,0
DA:11,0
DA:12,0
DA:13,0
DA:14,0
DA:15,0
DA:17,0
DA:18,0
DA:19,0
DA:20,0
DA:21,0
DA:22,0
DA:24,0
DA:25,0
DA:26,0
DA:30,0
DA:31,0
DA:33,0
DA:34,0
DA:35,0
DA:36,0
DA:38,0
DA:40,0
DA:44,0
DA:45,0
DA:90,0
LF:33
LH:0
BRDA:25,0,0,0
BRDA:31,1,0,0
BRDA:101,2,0,0
BRDA:168,3,0,0
BRDA:168,3,1,0
BRDA:172,4,0,0
BRDA:172,4,1,0
BRF:7
BRH:0
end_of_record
TN:
SF:app/dashboard/privacy/loading.tsx
FN:3,PrivacyLoading
FN:15,(anonymous_2)
FNF:2
FNH:0
FNDA:0,PrivacyLoading
FNDA:0,(anonymous_2)
DA:1,0
DA:3,0
DA:16,0
LF:3
LH:0
BRF:0
BRH:0
end_of_record
TN:
SF:app/dashboard/privacy/page.tsx
FN:15,PrivacyPage
FN:29,(anonymous_3)
FN:36,(anonymous_4)
FN:37,(anonymous_5)
FN:40,(anonymous_6)
FN:95,(anonymous_7)
FN:106,(anonymous_8)
FN:117,(anonymous_9)
FN:140,(anonymous_10)
FN:151,(anonymous_11)
FN:174,(anonymous_12)
FNF:11
FNH:0
FNDA:0,PrivacyPage
FNDA:0,(anonymous_3)
FNDA:0,(anonymous_4)
FNDA:0,(anonymous_5)
FNDA:0,(anonymous_6)
FNDA:0,(anonymous_7)
FNDA:0,(anonymous_8)
FNDA:0,(anonymous_9)
FNDA:0,(anonymous_10)
FNDA:0,(anonymous_11)
FNDA:0,(anonymous_12)
DA:3,0
DA:4,0
DA:5,0
DA:6,0
DA:7,0
DA:8,0
DA:9,0
DA:10,0
DA:11,0
DA:13,0
DA:15,0
DA:16,0
DA:17,0
DA:18,0
DA:19,0
DA:29,0
DA:30,0
DA:31,0
DA:36,0
DA:37,0
DA:40,0
DA:41,0
DA:42,0
DA:43,0
DA:51,0
DA:53,0
DA:55,0
DA:57,0
DA:61,0
DA:95,0
DA:106,0
DA:117,0
DA:140,0
DA:151,0
DA:174,0
LF:35
LH:0
BRDA:30,0,0,0
BRDA:51,1,0,0
BRDA:61,2,0,0
BRDA:216,3,0,0
BRDA:216,3,1,0
BRF:5
BRH:0
end_of_record
TN:
SF:app/dashboard/profile/loading.tsx
FN:3,ProfileLoading
FN:15,(anonymous_2)
FNF:2
FNH:0
FNDA:0,ProfileLoading
FNDA:0,(anonymous_2)
DA:1,0
DA:3,0
DA:16,0
LF:3
LH:0
BRF:0
BRH:0
end_of_record
TN:
SF:app/dashboard/profile/page.tsx
FN:31,ProfilePage
FN:38,(anonymous_3)
FN:48,(anonymous_4)
FN:56,(anonymous_5)
FN:62,(anonymous_6)
FN:73,(anonymous_7)
FN:100,(anonymous_8)
FN:108,(anonymous_9)
FN:160,(anonymous_10)
FN:238,(anonymous_11)
FN:257,(anonymous_12)
FN:338,(anonymous_13)
FN:339,(anonymous_14)
FN:342,(anonymous_15)
FN:365,(anonymous_16)
FN:366,(anonymous_17)
FN:373,(anonymous_18)
FN:374,(anonymous_19)
FN:388,(anonymous_20)
FN:391,(anonymous_21)
FN:421,(anonymous_22)
FN:661,(anonymous_23)
FN:675,(anonymous_24)
FN:704,(anonymous_25)
FN:712,(anonymous_26)
FN:727,(anonymous_27)
FNF:26
FNH:0
FNDA:0,ProfilePage
FNDA:0,(anonymous_3)
FNDA:0,(anonymous_4)
FNDA:0,(anonymous_5)
FNDA:0,(anonymous_6)
FNDA:0,(anonymous_7)
FNDA:0,(anonymous_8)
FNDA:0,(anonymous_9)
FNDA:0,(anonymous_10)
FNDA:0,(anonymous_11)
FNDA:0,(anonymous_12)
FNDA:0,(anonymous_13)
FNDA:0,(anonymous_14)
FNDA:0,(anonymous_15)
FNDA:0,(anonymous_16)
FNDA:0,(anonymous_17)
FNDA:0,(anonymous_18)
FNDA:0,(anonymous_19)
FNDA:0,(anonymous_20)
FNDA:0,(anonymous_21)
FNDA:0,(anonymous_22)
FNDA:0,(anonymous_23)
FNDA:0,(anonymous_24)
FNDA:0,(anonymous_25)
FNDA:0,(anonymous_26)
FNDA:0,(anonymous_27)
DA:3,0
DA:4,0
DA:5,0
DA:6,0
DA:7,0
DA:25,0
DA:26,0
DA:27,0
DA:28,0
DA:29,0
DA:31,0
DA:33,0
DA:35,0
DA:36,0
DA:38,0
DA:39,0
DA:40,0
DA:43,0
DA:44,0
DA:45,0
DA:48,0
DA:49,0
DA:50,0
DA:56,0
DA:57,0
DA:58,0
DA:62,0
DA:63,0
DA:64,0
DA:69,0
DA:73,0
DA:74,0
DA:75,0
DA:76,0
DA:77,0
DA:78,0
DA:79,0
DA:80,0
DA:82,0
DA:100,0
DA:108,0
DA:161,0
DA:162,0
DA:239,0
DA:258,0
DA:338,0
DA:339,0
DA:342,0
DA:366,0
DA:374,0
DA:389,0
DA:391,0
DA:422,0
DA:423,0
DA:662,0
DA:676,0
DA:705,0
DA:713,0
DA:715,0
DA:716,0
DA:717,0
DA:728,0
DA:730,0
DA:731,0
DA:732,0
LF:65
LH:0
BRDA:39,0,0,0
BRDA:39,1,0,0
BRDA:39,1,1,0
BRDA:43,2,0,0
BRDA:43,2,1,0
BRDA:49,3,0,0
BRDA:50,4,0,0
BRDA:50,4,1,0
BRDA:57,5,0,0
BRDA:63,6,0,0
BRDA:69,7,0,0
BRDA:69,8,0,0
BRDA:69,8,1,0
BRDA:74,9,0,0
BRDA:79,10,0,0
BRDA:79,11,0,0
BRDA:79,11,1,0
BRDA:79,11,2,0
BRDA:122,12,0,0
BRDA:140,13,0,0
BRDA:140,13,1,0
BRDA:178,14,0,0
BRDA:178,14,1,0
BRDA:184,15,0,0
BRDA:184,15,1,0
BRDA:184,16,0,0
BRDA:184,16,1,0
BRDA:192,17,0,0
BRDA:192,17,1,0
BRDA:208,18,0,0
BRDA:208,18,1,0
BRDA:212,19,0,0
BRDA:212,19,1,0
BRDA:228,20,0,0
BRDA:228,20,1,0
BRDA:232,21,0,0
BRDA:232,21,1,0
BRDA:234,22,0,0
BRDA:234,22,1,0
BRDA:234,22,2,0
BRDA:250,23,0,0
BRDA:250,23,1,0
BRDA:250,23,2,0
BRDA:268,24,0,0
BRDA:290,25,0,0
BRDA:290,25,1,0
BRDA:307,26,0,0
BRDA:307,26,1,0
BRDA:311,27,0,0
BRDA:311,27,1,0
BRDA:318,28,0,0
BRDA:337,29,0,0
BRDA:350,30,0,0
BRDA:350,30,1,0
BRDA:362,31,0,0
BRDA:366,32,0,0
BRDA:366,32,1,0
BRDA:374,33,0,0
BRDA:374,33,1,0
BRDA:386,34,0,0
BRDA:393,35,0,0
BRDA:393,35,1,0
BRDA:433,36,0,0
BRDA:445,37,0,0
BRDA:445,37,1,0
BRDA:457,38,0,0
BRDA:467,39,0,0
BRDA:477,40,0,0
BRDA:487,41,0,0
BRDA:487,41,1,0
BRDA:497,42,0,0
BRDA:515,43,0,0
BRDA:515,43,1,0
BRDA:525,44,0,0
BRDA:535,45,0,0
BRDA:545,46,0,0
BRDA:558,47,0,0
BRDA:558,47,1,0
BRDA:558,47,2,0
BRDA:565,48,0,0
BRDA:575,49,0,0
BRDA:585,50,0,0
BRDA:599,51,0,0
BRDA:599,51,1,0
BRDA:599,51,2,0
BRDA:599,51,3,0
BRDA:599,51,4,0
BRDA:606,52,0,0
BRDA:616,53,0,0
BRDA:626,54,0,0
BRDA:636,55,0,0
BRDA:647,56,0,0
BRDA:657,57,0,0
BRDA:657,57,1,0
BRDA:657,57,2,0
BRDA:661,58,0,0
BRDA:661,58,1,0
BRDA:671,59,0,0
BRDA:671,59,1,0
BRDA:671,59,2,0
BRDA:685,60,0,0
BRDA:716,61,0,0
BRDA:731,62,0,0
BRF:103
BRH:0
end_of_record
TN:
SF:app/dashboard/referrals/loading.tsx
FN:3,ReferralsLoading
FN:15,(anonymous_2)
FNF:2
FNH:0
FNDA:0,ReferralsLoading
FNDA:0,(anonymous_2)
DA:1,0
DA:3,0
DA:16,0
LF:3
LH:0
BRF:0
BRH:0
end_of_record
TN:
SF:app/dashboard/referrals/page.tsx
FN:17,ReferralsPage
FNF:1
FNH:0
FNDA:0,ReferralsPage
DA:4,0
DA:5,0
DA:10,0
DA:12,0
DA:13,0
DA:15,0
DA:17,0
DA:18,0
DA:19,0
DA:21,0
DA:25,0
DA:26,0
LF:12
LH:0
BRDA:21,0,0,0
BRDA:25,1,0,0
BRDA:25,2,0,0
BRDA:25,2,1,0
BRF:4
BRH:0
end_of_record
TN:
SF:app/dashboard/settings/loading.tsx
FN:3,SettingsLoading
FN:15,(anonymous_2)
FNF:2
FNH:0
FNDA:0,SettingsLoading
FNDA:0,(anonymous_2)
DA:1,0
DA:3,0
DA:16,0
LF:3
LH:0
BRF:0
BRH:0
end_of_record
TN:
SF:app/dashboard/settings/page.tsx
FN:68,(anonymous_2)
FN:81,(anonymous_3)
FN:82,(anonymous_4)
FN:94,(anonymous_5)
FN:97,(anonymous_6)
FN:116,getLocationDisplayString
FN:133,SettingsPage
FN:151,(anonymous_9)
FN:155,(anonymous_10)
FN:164,(anonymous_11)
FN:199,(anonymous_12)
FN:212,(anonymous_13)
FN:226,(anonymous_14)
FN:236,(anonymous_15)
FN:241,(anonymous_16)
FN:255,(anonymous_17)
FN:256,(anonymous_18)
FN:259,(anonymous_19)
FN:264,(anonymous_20)
FN:293,(anonymous_21)
FN:335,(anonymous_22)
FN:343,(anonymous_23)
FN:355,(anonymous_24)
FN:360,(anonymous_25)
FN:379,(anonymous_26)
FN:393,(anonymous_27)
FN:399,(anonymous_28)
FN:413,(anonymous_29)
FN:423,(anonymous_30)
FN:440,(anonymous_31)
FN:461,(anonymous_32)
FN:468,(anonymous_33)
FN:469,(anonymous_34)
FN:493,(anonymous_35)
FN:509,(anonymous_36)
FN:530,(anonymous_37)
FN:546,(anonymous_38)
FN:566,(anonymous_39)
FN:575,(anonymous_40)
FN:585,(anonymous_41)
FN:609,(anonymous_42)
FN:617,(anonymous_43)
FN:626,(anonymous_44)
FN:667,(anonymous_45)
FN:705,(anonymous_46)
FNF:45
FNH:0
FNDA:0,(anonymous_2)
FNDA:0,(anonymous_3)
FNDA:0,(anonymous_4)
FNDA:0,(anonymous_5)
FNDA:0,(anonymous_6)
FNDA:0,getLocationDisplayString
FNDA:0,SettingsPage
FNDA:0,(anonymous_9)
FNDA:0,(anonymous_10)
FNDA:0,(anonymous_11)
FNDA:0,(anonymous_12)
FNDA:0,(anonymous_13)
FNDA:0,(anonymous_14)
FNDA:0,(anonymous_15)
FNDA:0,(anonymous_16)
FNDA:0,(anonymous_17)
FNDA:0,(anonymous_18)
FNDA:0,(anonymous_19)
FNDA:0,(anonymous_20)
FNDA:0,(anonymous_21)
FNDA:0,(anonymous_22)
FNDA:0,(anonymous_23)
FNDA:0,(anonymous_24)
FNDA:0,(anonymous_25)
FNDA:0,(anonymous_26)
FNDA:0,(anonymous_27)
FNDA:0,(anonymous_28)
FNDA:0,(anonymous_29)
FNDA:0,(anonymous_30)
FNDA:0,(anonymous_31)
FNDA:0,(anonymous_32)
FNDA:0,(anonymous_33)
FNDA:0,(anonymous_34)
FNDA:0,(anonymous_35)
FNDA:0,(anonymous_36)
FNDA:0,(anonymous_37)
FNDA:0,(anonymous_38)
FNDA:0,(anonymous_39)
FNDA:0,(anonymous_40)
FNDA:0,(anonymous_41)
FNDA:0,(anonymous_42)
FNDA:0,(anonymous_43)
FNDA:0,(anonymous_44)
FNDA:0,(anonymous_45)
FNDA:0,(anonymous_46)
DA:3,0
DA:4,0
DA:5,0
DA:6,0
DA:7,0
DA:8,0
DA:9,0
DA:10,0
DA:11,0
DA:12,0
DA:13,0
DA:14,0
DA:15,0
DA:16,0
DA:17,0
DA:18,0
DA:19,0
DA:20,0
DA:21,0
DA:22,0
DA:25,0
DA:27,0
DA:29,0
DA:49,0
DA:68,0
DA:81,0
DA:82,0
DA:83,0
DA:95,0
DA:97,0
DA:117,0
DA:118,0
DA:119,0
DA:120,0
DA:122,0
DA:123,0
DA:124,0
DA:126,0
DA:127,0
DA:128,0
DA:130,0
DA:133,0
DA:134,0
DA:135,0
DA:136,0
DA:137,0
DA:138,0
DA:140,0
DA:141,0
DA:142,0
DA:143,0
DA:148,0
DA:151,0
DA:152,0
DA:155,0
DA:156,0
DA:157,0
DA:164,0
DA:165,0
DA:166,0
DA:167,0
DA:169,0
DA:198,0
DA:199,0
DA:203,0
DA:205,0
DA:206,0
DA:211,0
DA:212,0
DA:213,0
DA:215,0
DA:222,0
DA:226,0
DA:227,0
DA:228,0
DA:229,0
DA:235,0
DA:236,0
DA:238,0
DA:239,0
DA:240,0
DA:241,0
DA:242,0
DA:244,0
DA:251,0
DA:255,0
DA:256,0
DA:259,0
DA:260,0
DA:264,0
DA:265,0
DA:266,0
DA:267,0
DA:268,0
DA:269,0
DA:271,0
DA:272,0
DA:274,0
DA:277,0
DA:293,0
DA:335,0
DA:343,0
DA:355,0
DA:360,0
DA:379,0
DA:393,0
DA:400,0
DA:413,0
DA:423,0
DA:440,0
DA:461,0
DA:469,0
DA:470,0
DA:493,0
DA:509,0
DA:530,0
DA:546,0
DA:566,0
DA:575,0
DA:585,0
DA:609,0
DA:617,0
DA:626,0
DA:667,0
DA:705,0
LF:125
LH:0
BRDA:70,0,0,0
BRDA:72,1,0,0
BRDA:73,2,0,0
BRDA:82,3,0,0
BRDA:82,3,1,0
BRDA:100,4,0,0
BRDA:100,4,1,0
BRDA:107,5,0,0
BRDA:118,6,0,0
BRDA:120,7,0,0
BRDA:120,7,1,0
BRDA:122,8,0,0
BRDA:124,9,0,0
BRDA:124,9,1,0
BRDA:126,10,0,0
BRDA:128,11,0,0
BRDA:128,11,1,0
BRDA:130,12,0,0
BRDA:130,12,1,0
BRDA:144,13,0,0
BRDA:144,13,1,0
BRDA:145,14,0,0
BRDA:145,14,1,0
BRDA:146,15,0,0
BRDA:146,15,1,0
BRDA:158,16,0,0
BRDA:158,16,1,0
BRDA:159,17,0,0
BRDA:159,17,1,0
BRDA:160,18,0,0
BRDA:160,18,1,0
BRDA:165,19,0,0
BRDA:165,20,0,0
BRDA:165,20,1,0
BRDA:199,21,0,0
BRDA:199,21,1,0
BRDA:236,22,0,0
BRDA:236,22,1,0
BRDA:265,23,0,0
BRDA:271,24,0,0
BRDA:271,25,0,0
BRDA:271,25,1,0
BRDA:271,25,2,0
BRDA:277,26,0,0
BRDA:277,27,0,0
BRDA:277,27,1,0
BRDA:285,28,0,0
BRDA:334,29,0,0
BRDA:334,29,1,0
BRDA:342,30,0,0
BRDA:342,30,1,0
BRDA:354,31,0,0
BRDA:354,31,1,0
BRDA:360,32,0,0
BRDA:360,32,1,0
[...]
FN:708,(anonymous_34)
FN:742,(anonymous_35)
FNF:27
FNH:0
FNDA:0,(anonymous_9)
FNDA:0,(anonymous_10)
FNDA:0,(anonymous_11)
FNDA:0,(anonymous_12)
FNDA:0,(anonymous_13)
FNDA:0,(anonymous_14)
FNDA:0,(anonymous_15)
FNDA:0,(anonymous_16)
FNDA:0,(anonymous_17)
FNDA:0,(anonymous_18)
FNDA:0,(anonymous_19)
FNDA:0,(anonymous_20)
FNDA:0,(anonymous_21)
FNDA:0,(anonymous_22)
FNDA:0,(anonymous_23)
FNDA:0,(anonymous_24)
FNDA:0,(anonymous_25)
FNDA:0,(anonymous_26)
FNDA:0,(anonymous_27)
FNDA:0,(anonymous_28)
FNDA:0,(anonymous_29)
FNDA:0,(anonymous_30)
FNDA:0,(anonymous_31)
FNDA:0,(anonymous_32)
FNDA:0,(anonymous_33)
FNDA:0,(anonymous_34)
FNDA:0,(anonymous_35)
DA:1,1
DA:3,1
DA:91,1
DA:97,0
DA:98,0
DA:103,1
DA:104,0
DA:106,0
DA:107,0
DA:110,0
DA:111,0
DA:114,0
DA:115,0
DA:118,0
DA:126,1
DA:129,0
DA:133,0
DA:135,0
DA:136,0
DA:137,0
DA:138,0
DA:139,0
DA:141,0
DA:144,0
DA:150,0
DA:151,0
DA:153,0
DA:154,0
DA:156,0
DA:158,0
DA:159,0
DA:164,0
DA:165,0
DA:166,0
DA:168,0
DA:178,0
DA:179,0
DA:181,0
DA:187,0
DA:188,0
DA:189,0
DA:191,0
DA:204,0
DA:205,0
DA:207,0
DA:213,0
DA:214,0
DA:226,0
DA:228,0
DA:232,0
DA:233,0
DA:235,0
DA:238,0
DA:242,0
DA:243,0
DA:246,0
DA:248,0
DA:254,1
DA:257,0
DA:260,0
DA:261,0
DA:262,0
DA:266,0
DA:267,0
DA:268,0
DA:272,0
DA:273,0
DA:274,0
DA:278,0
DA:279,0
DA:283,0
DA:284,0
DA:285,0
DA:288,0
DA:290,0
DA:291,0
DA:293,0
DA:294,0
DA:300,0
DA:301,0
DA:302,0
DA:304,0
DA:305,0
DA:307,0
DA:314,0
DA:315,0
DA:317,0
DA:324,0
DA:329,0
DA:330,0
DA:334,0
DA:336,0
DA:342,1
DA:345,0
DA:346,0
DA:347,0
DA:350,0
DA:357,0
DA:358,0
DA:362,0
DA:363,0
DA:364,0
DA:372,0
DA:373,0
DA:376,0
DA:377,0
DA:379,0
DA:388,0
DA:395,0
DA:397,0
DA:399,0
DA:405,0
DA:406,0
DA:407,0
DA:410,0
DA:415,0
DA:418,0
DA:431,0
DA:432,0
DA:435,0
DA:437,0
DA:440,0
DA:443,0
DA:444,0
DA:446,0
DA:449,0
DA:453,0
DA:454,0
DA:457,0
DA:461,0
DA:463,0
DA:469,1
DA:472,0
DA:473,0
DA:474,0
DA:476,0
DA:482,0
DA:483,0
DA:485,0
DA:491,0
DA:492,0
DA:493,0
DA:495,0
DA:502,0
DA:504,0
DA:505,0
DA:507,0
DA:509,0
DA:511,0
DA:517,1
DA:520,0
DA:521,0
DA:522,0
DA:525,0
DA:532,0
DA:533,0
DA:537,0
DA:544,0
DA:550,0
DA:551,0
DA:555,0
DA:560,0
DA:561,0
DA:565,0
DA:567,0
DA:568,0
DA:569,0
DA:571,0
DA:577,0
DA:578,0
DA:579,0
DA:582,0
DA:589,0
DA:590,0
DA:593,0
DA:599,0
DA:600,0
DA:602,0
DA:603,0
DA:604,0
DA:606,0
DA:612,0
DA:613,0
DA:614,0
DA:617,0
DA:625,0
DA:626,0
DA:627,0
DA:630,0
DA:632,0
DA:633,0
DA:637,0
DA:638,0
DA:641,0
DA:642,0
DA:644,0
DA:652,0
DA:653,0
DA:655,0
DA:660,0
DA:667,0
DA:668,0
DA:672,0
DA:673,0
DA:674,0
DA:676,0
DA:682,1
DA:685,0
DA:686,0
DA:687,0
DA:689,0
DA:690,0
DA:693,0
DA:694,0
DA:695,0
DA:697,0
DA:700,0
DA:702,0
DA:703,0
DA:713,0
DA:714,0
DA:715,0
DA:717,0
DA:719,0
DA:726,0
DA:728,0
DA:734,0
DA:740,1
DA:743,0
DA:744,0
DA:745,0
DA:749,0
DA:751,0
LF:233
LH:11
BRDA:106,0,0,0
BRDA:110,1,0,0
BRDA:114,2,0,0
BRDA:119,3,0,0
BRDA:119,3,1,0
BRDA:135,4,0,0
BRDA:137,5,0,0
BRDA:137,6,0,0
BRDA:137,6,1,0
BRDA:150,7,0,0
BRDA:153,8,0,0
BRDA:166,9,0,0
BRDA:178,10,0,0
BRDA:189,11,0,0
BRDA:204,12,0,0
BRDA:226,13,0,0
BRDA:232,14,0,0
BRDA:232,15,0,0
BRDA:232,15,1,0
BRDA:242,16,0,0
BRDA:257,17,0,0
BRDA:260,18,0,0
BRDA:266,19,0,0
BRDA:272,20,0,0
BRDA:272,21,0,0
BRDA:272,21,1,0
BRDA:278,22,0,0
BRDA:278,23,0,0
BRDA:278,23,1,0
BRDA:299,24,0,0
BRDA:302,25,0,0
BRDA:314,26,0,0
BRDA:322,27,0,0
BRDA:328,28,0,0
BRDA:334,29,0,0
BRDA:347,30,0,0
BRDA:357,31,0,0
BRDA:363,32,0,0
BRDA:363,33,0,0
BRDA:363,33,1,0
BRDA:372,34,0,0
BRDA:376,35,0,0
BRDA:376,35,1,0
BRDA:377,36,0,0
BRDA:377,36,1,0
BRDA:395,37,0,0
BRDA:404,38,0,0
BRDA:407,39,0,0
BRDA:415,40,0,0
BRDA:415,40,1,0
BRDA:431,41,0,0
BRDA:437,42,0,0
BRDA:441,43,0,0
BRDA:441,43,1,0
BRDA:443,44,0,0
BRDA:443,45,0,0
BRDA:443,45,1,0
BRDA:453,46,0,0
BRDA:474,47,0,0
BRDA:482,48,0,0
BRDA:483,49,0,0
BRDA:483,49,1,0
BRDA:493,50,0,0
BRDA:502,51,0,0
BRDA:502,52,0,0
BRDA:502,52,1,0
BRDA:504,53,0,0
BRDA:504,53,1,0
BRDA:507,54,0,0
BRDA:522,55,0,0
BRDA:532,56,0,0
BRDA:550,57,0,0
BRDA:551,58,0,0
BRDA:551,58,1,0
BRDA:560,59,0,0
BRDA:568,60,0,0
BRDA:571,61,0,0
BRDA:571,61,1,0
BRDA:579,62,0,0
BRDA:589,63,0,0
BRDA:599,64,0,0
BRDA:600,65,0,0
BRDA:600,65,1,0
BRDA:603,66,0,0
BRDA:606,67,0,0
BRDA:606,67,1,0
BRDA:614,68,0,0
BRDA:625,69,0,0
BRDA:630,70,0,0
BRDA:630,70,1,0
BRDA:632,71,0,0
BRDA:652,72,0,0
BRDA:652,72,1,0
BRDA:655,73,0,0
BRDA:655,73,1,0
BRDA:667,74,0,0
BRDA:673,75,0,0
BRDA:676,76,0,0
BRDA:676,76,1,0
BRDA:687,77,0,0
BRDA:690,78,0,0
BRDA:693,79,0,0
BRDA:693,80,0,0
BRDA:693,80,1,0
BRDA:694,81,0,0
BRDA:715,82,0,0
BRDA:726,83,0,0
BRDA:726,84,0,0
BRDA:726,84,1,0
BRDA:728,85,0,0
BRDA:728,85,1,0
BRDA:745,86,0,0
BRF:112
BRH:0
end_of_record
TN:
SF:lib/logger.ts
FN:9,sanitizeData
FN:40,(anonymous_7)
FN:41,(anonymous_8)
FN:44,(anonymous_9)
FN:51,(anonymous_10)
FN:57,(anonymous_11)
FN:64,(anonymous_12)
FN:71,(anonymous_13)
FN:78,(anonymous_14)
FN:85,(anonymous_15)
FN:92,(anonymous_16)
FN:99,(anonymous_17)
FN:106,(anonymous_18)
FN:113,(anonymous_19)
FN:126,(anonymous_20)
FN:130,(anonymous_21)
FN:131,(anonymous_22)
FN:132,(anonymous_23)
FN:133,(anonymous_24)
FN:134,(anonymous_25)
FN:135,(anonymous_26)
FN:136,(anonymous_27)
FN:137,(anonymous_28)
FN:138,(anonymous_29)
FN:139,(anonymous_30)
FN:140,(anonymous_31)
FN:144,(anonymous_32)
FNF:27
FNH:0
FNDA:0,sanitizeData
FNDA:0,(anonymous_7)
FNDA:0,(anonymous_8)
FNDA:0,(anonymous_9)
FNDA:0,(anonymous_10)
FNDA:0,(anonymous_11)
FNDA:0,(anonymous_12)
FNDA:0,(anonymous_13)
FNDA:0,(anonymous_14)
FNDA:0,(anonymous_15)
FNDA:0,(anonymous_16)
FNDA:0,(anonymous_17)
FNDA:0,(anonymous_18)
FNDA:0,(anonymous_19)
FNDA:0,(anonymous_20)
FNDA:0,(anonymous_21)
FNDA:0,(anonymous_22)
FNDA:0,(anonymous_23)
FNDA:0,(anonymous_24)
FNDA:0,(anonymous_25)
FNDA:0,(anonymous_26)
FNDA:0,(anonymous_27)
FNDA:0,(anonymous_28)
FNDA:0,(anonymous_29)
FNDA:0,(anonymous_30)
FNDA:0,(anonymous_31)
FNDA:0,(anonymous_32)
DA:4,1
DA:5,1
DA:6,1
DA:10,0
DA:21,0
DA:22,0
DA:23,0
DA:24,0
DA:26,0
DA:27,0
DA:29,0
DA:33,0
DA:36,0
DA:41,0
DA:45,0
DA:47,0
DA:54,0
DA:58,0
DA:60,0
DA:65,0
DA:67,0
DA:72,0
DA:74,0
DA:79,0
DA:81,0
DA:86,0
DA:88,0
DA:93,0
DA:95,0
DA:100,0
DA:102,0
DA:107,0
DA:109,0
DA:114,0
DA:116,0
DA:122,1
DA:125,1
DA:126,1
DA:129,1
DA:144,1
LF:40
LH:8
BRDA:6,0,0,1
BRDA:6,0,1,1
BRDA:10,1,0,0
BRDA:21,2,0,0
BRDA:21,3,0,0
BRDA:21,3,1,0
BRDA:22,4,0,0
BRDA:22,4,1,0
BRDA:24,5,0,0
BRDA:26,6,0,0
BRDA:26,6,1,0
BRDA:45,7,0,0
BRDA:58,8,0,0
BRDA:65,9,0,0
BRDA:72,10,0,0
BRDA:79,11,0,0
BRDA:86,12,0,0
BRDA:93,13,0,0
BRDA:100,14,0,0
BRDA:107,15,0,0
BRDA:114,16,0,0
BRDA:144,17,0,0
BRDA:144,17,1,0
BRF:23
BRH:2
end_of_record
TN:
SF:lib/matching-engine.ts
FN:46,(anonymous_3)
FN:53,(anonymous_4)
FN:116,(anonymous_5)
FN:125,(anonymous_6)
FN:142,(anonymous_7)
FN:175,(anonymous_8)
FN:203,(anonymous_9)
FN:245,(anonymous_10)
FN:295,(anonymous_11)
FN:324,(anonymous_12)
FN:336,(anonymous_13)
FN:337,(anonymous_14)
FN:338,(anonymous_15)
FN:362,(anonymous_16)
FN:392,(anonymous_17)
FN:418,(anonymous_18)
FN:444,(anonymous_19)
FN:471,(anonymous_20)
FN:482,(anonymous_21)
FN:511,(anonymous_22)
FN:537,(anonymous_23)
FN:559,(anonymous_24)
FN:560,(anonymous_25)
FN:569,(anonymous_26)
FN:605,(anonymous_27)
FN:629,(anonymous_28)
FN:635,(anonymous_29)
FN:641,(anonymous_30)
FN:672,(anonymous_31)
FN:689,(anonymous_32)
FN:696,(anonymous_33)
FN:735,(anonymous_34)
FN:736,(anonymous_35)
FN:742,(anonymous_36)
FN:780,(anonymous_37)
FNF:35
FNH:0
FNDA:0,(anonymous_3)
FNDA:0,(anonymous_4)
FNDA:0,(anonymous_5)
FNDA:0,(anonymous_6)
FNDA:0,(anonymous_7)
FNDA:0,(anonymous_8)
FNDA:0,(anonymous_9)
FNDA:0,(anonymous_10)
FNDA:0,(anonymous_11)
FNDA:0,(anonymous_12)
FNDA:0,(anonymous_13)
FNDA:0,(anonymous_14)
FNDA:0,(anonymous_15)
FNDA:0,(anonymous_16)
FNDA:0,(anonymous_17)
FNDA:0,(anonymous_18)
FNDA:0,(anonymous_19)
FNDA:0,(anonymous_20)
FNDA:0,(anonymous_21)
FNDA:0,(anonymous_22)
FNDA:0,(anonymous_23)
FNDA:0,(anonymous_24)
FNDA:0,(anonymous_25)
FNDA:0,(anonymous_26)
FNDA:0,(anonymous_27)
FNDA:0,(anonymous_28)
FNDA:0,(anonymous_29)
FNDA:0,(anonymous_30)
FNDA:0,(anonymous_31)
FNDA:0,(anonymous_32)
FNDA:0,(anonymous_33)
FNDA:0,(anonymous_34)
FNDA:0,(anonymous_35)
FNDA:0,(anonymous_36)
FNDA:0,(anonymous_37)
DA:33,0
DA:43,0
DA:47,0
DA:54,0
DA:55,0
DA:56,0
DA:57,0
DA:58,0
DA:59,0
DA:60,0
DA:63,0
DA:74,0
DA:84,0
DA:94,0
DA:96,0
DA:117,0
DA:118,0
DA:119,0
DA:122,0
DA:123,0
DA:124,0
DA:125,0
DA:126,0
DA:127,0
DA:129,0
DA:130,0
DA:131,0
DA:132,0
DA:133,0
DA:134,0
DA:139,0
DA:140,0
DA:141,0
DA:142,0
DA:143,0
DA:144,0
DA:146,0
DA:147,0
DA:152,0
DA:153,0
DA:154,0
DA:155,0
DA:158,0
DA:159,0
DA:160,0
DA:161,0
DA:164,0
DA:165,0
DA:166,0
DA:167,0
DA:169,0
DA:176,0
DA:177,0
DA:178,0
DA:181,0
DA:182,0
DA:183,0
DA:186,0
DA:187,0
DA:188,0
DA:189,0
DA:192,0
DA:193,0
DA:194,0
DA:195,0
DA:197,0
DA:204,0
DA:205,0
DA:206,0
DA:209,0
DA:210,0
DA:213,0
DA:214,0
DA:215,0
DA:216,0
DA:217,0
DA:218,0
DA:222,0
DA:223,0
DA:224,0
DA:225,0
DA:226,0
DA:231,0
DA:232,0
DA:233,0
DA:234,0
DA:235,0
DA:239,0
DA:246,0
DA:247,0
DA:248,0
DA:251,0
DA:252,0
DA:253,0
DA:254,0
DA:256,0
DA:257,0
DA:258,0
DA:259,0
DA:260,0
DA:261,0
DA:262,0
DA:263,0
DA:264,0
DA:265,0
DA:266,0
DA:271,0
DA:272,0
DA:273,0
DA:274,0
DA:275,0
DA:276,0
DA:277,0
DA:278,0
DA:279,0
DA:281,0
DA:285,0
DA:286,0
DA:287,0
DA:289,0
DA:296,0
DA:297,0
DA:298,0
DA:301,0
DA:302,0
DA:303,0
DA:307,0
DA:308,0
DA:309,0
DA:310,0
DA:312,0
DA:313,0
DA:314,0
DA:318,0
DA:325,0
DA:326,0
DA:327,0
DA:330,0
DA:331,0
DA:332,0
DA:335,0
DA:336,0
DA:337,0
DA:338,0
DA:340,0
DA:341,0
DA:342,0
DA:343,0
DA:344,0
DA:345,0
DA:350,0
DA:351,0
DA:352,0
DA:353,0
DA:356,0
DA:363,0
DA:364,0
DA:365,0
DA:368,0
DA:369,0
DA:371,0
DA:372,0
DA:373,0
DA:374,0
DA:375,0
DA:379,0
DA:380,0
DA:381,0
DA:382,0
DA:383,0
DA:387,0
DA:393,0
DA:394,0
DA:395,0
DA:397,0
DA:399,0
DA:403,0
DA:404,0
DA:405,0
DA:407,0
DA:408,0
DA:409,0
DA:410,0
DA:411,0
DA:412,0
DA:415,0
DA:419,0
DA:421,0
DA:422,0
DA:426,0
DA:433,0
DA:434,0
DA:437,0
DA:445,0
DA:447,0
DA:448,0
DA:456,0
DA:457,0
DA:464,0
DA:472,0
DA:473,0
DA:474,0
DA:475,0
DA:476,0
DA:477,0
DA:479,0
DA:483,0
DA:486,0
DA:487,0
DA:488,0
DA:489,0
DA:492,0
DA:493,0
DA:494,0
DA:495,0
DA:496,0
DA:499,0
DA:500,0
DA:501,0
DA:502,0
DA:505,0
DA:506,0
DA:508,0
DA:512,0
DA:513,0
DA:515,0
DA:516,0
DA:519,0
DA:520,0
DA:521,0
DA:523,0
DA:524,0
DA:525,0
DA:526,0
DA:527,0
DA:528,0
DA:529,0
DA:530,0
DA:531,0
DA:534,0
DA:538,0
DA:539,0
DA:541,0
DA:544,0
DA:546,0
DA:550,0
DA:558,0
DA:559,0
DA:560,0
DA:561,0
DA:562,0
DA:566,0
DA:570,0
DA:571,0
DA:572,0
DA:574,0
DA:577,0
DA:586,0
DA:587,0
DA:588,0
DA:590,0
DA:591,0
DA:592,0
DA:593,0
DA:594,0
DA:595,0
DA:602,0
DA:606,0
DA:608,0
DA:609,0
DA:617,0
DA:618,0
DA:622,0
DA:630,0
DA:632,0
DA:633,0
DA:635,0
DA:636,0
DA:638,0
DA:642,0
DA:645,0
DA:646,0
DA:650,0
DA:653,0
DA:656,0
DA:657,0
DA:661,0
DA:662,0
DA:665,0
DA:666,0
DA:669,0
DA:674,0
DA:679,0
DA:680,0
DA:682,0
DA:686,0
DA:690,0
DA:693,0
DA:694,0
DA:695,0
DA:696,0
DA:697,0
DA:698,0
DA:703,0
DA:704,0
DA:708,0
DA:709,0
DA:710,0
DA:711,0
DA:716,0
DA:717,0
DA:718,0
DA:723,0
DA:724,0
DA:725,0
DA:726,0
DA:736,0
DA:742,0
DA:743,0
DA:746,0
DA:747,0
DA:749,0
DA:750,0
DA:751,0
DA:753,0
DA:758,0
DA:759,0
DA:760,0
DA:761,0
DA:762,0
DA:763,0
DA:764,0
DA:767,0
DA:780,0
DA:782,0
DA:783,0
DA:787,0
DA:788,0
DA:789,0
DA:790,0
DA:794,0
DA:795,0
DA:799,0
DA:805,0
LF:344
LH:0
BRDA:122,0,0,0
BRDA:122,1,0,0
BRDA:122,1,1,0
BRDA:123,2,0,0
BRDA:123,2,1,0
BRDA:124,3,0,0
BRDA:124,3,1,0
BRDA:129,4,0,0
BRDA:129,4,1,0
BRDA:131,5,0,0
BRDA:131,5,1,0
BRDA:133,6,0,0
BRDA:133,7,0,0
BRDA:133,7,1,0
BRDA:139,8,0,0
BRDA:139,9,0,0
BRDA:139,9,1,0
BRDA:140,10,0,0
BRDA:140,10,1,0
BRDA:141,11,0,0
BRDA:141,11,1,0
BRDA:146,12,0,0
BRDA:147,13,0,0
BRDA:147,13,1,0
BRDA:154,14,0,0
BRDA:155,15,0,0
BRDA:160,16,0,0
BRDA:161,17,0,0
BRDA:166,18,0,0
BRDA:167,19,0,0
BRDA:183,20,0,0
BRDA:188,21,0,0
BRDA:189,22,0,0
BRDA:194,23,0,0
BRDA:195,24,0,0
BRDA:214,25,0,0
BRDA:214,25,1,0
BRDA:217,26,0,0
BRDA:222,27,0,0
BRDA:222,28,0,0
BRDA:222,28,1,0
BRDA:224,29,0,0
BRDA:231,30,0,0
BRDA:231,31,0,0
BRDA:231,31,1,0
BRDA:233,32,0,0
BRDA:251,33,0,0
BRDA:251,34,0,0
BRDA:251,34,1,0
BRDA:256,35,0,0
BRDA:256,35,1,0
BRDA:259,36,0,0
BRDA:259,36,1,0
BRDA:262,37,0,0
BRDA:262,37,1,0
BRDA:265,38,0,0
BRDA:271,39,0,0
BRDA:271,39,1,0
BRDA:274,40,0,0
BRDA:274,40,1,0
BRDA:277,41,0,0
BRDA:277,41,1,0
BRDA:287,42,0,0
BRDA:301,43,0,0
BRDA:301,44,0,0
BRDA:301,44,1,0
BRDA:307,45,0,0
BRDA:307,46,0,0
BRDA:307,46,1,0
BRDA:312,47,0,0
BRDA:330,48,0,0
BRDA:330,49,0,0
BRDA:330,49,1,0
BRDA:340,50,0,0
BRDA:340,50,1,0
BRDA:343,51,0,0
BRDA:351,52,0,0
BRDA:371,53,0,0
BRDA:371,53,1,0
BRDA:374,54,0,0
BRDA:379,55,0,0
BRDA:379,56,0,0
BRDA:379,56,1,0
BRDA:379,56,2,0
BRDA:379,56,3,0
BRDA:382,57,0,0
BRDA:397,58,0,0
BRDA:397,59,0,0
BRDA:397,59,1,0
BRDA:403,60,0,0
BRDA:403,60,1,0
BRDA:404,61,0,0
BRDA:404,61,1,0
BRDA:407,62,0,0
BRDA:407,62,1,0
BRDA:409,63,0,0
BRDA:409,63,1,0
BRDA:411,64,0,0
BRDA:419,65,0,0
BRDA:419,66,0,0
BRDA:419,66,1,0
BRDA:421,67,0,0
BRDA:433,68,0,0
BRDA:445,69,0,0
BRDA:445,70,0,0
BRDA:445,70,1,0
BRDA:447,71,0,0
BRDA:456,72,0,0
BRDA:456,73,0,0
BRDA:456,73,1,0
BRDA:476,74,0,0
BRDA:476,75,0,0
BRDA:476,75,1,0
BRDA:476,75,2,0
BRDA:486,76,0,0
BRDA:487,77,0,0
BRDA:488,78,0,0
BRDA:488,79,0,0
BRDA:488,79,1,0
BRDA:489,80,0,0
BRDA:489,81,0,0
BRDA:489,81,1,0
BRDA:492,82,0,0
BRDA:492,83,0,0
BRDA:492,83,1,0
BRDA:492,83,2,0
BRDA:493,84,0,0
BRDA:493,85,0,0
BRDA:493,85,1,0
BRDA:493,85,2,0
BRDA:494,86,0,0
BRDA:494,87,0,0
BRDA:494,87,1,0
BRDA:495,88,0,0
BRDA:496,89,0,0
BRDA:499,90,0,0
BRDA:500,91,0,0
BRDA:501,92,0,0
BRDA:502,93,0,0
BRDA:502,94,0,0
BRDA:502,94,1,0
BRDA:502,94,2,0
BRDA:505,95,0,0
BRDA:505,96,0,0
BRDA:505,96,1,0
BRDA:506,97,0,0
BRDA:506,98,0,0
BRDA:506,98,1,0
BRDA:515,99,0,0
BRDA:515,100,0,0
BRDA:515,100,1,0
BRDA:515,100,2,0
BRDA:515,100,3,0
BRDA:523,101,0,0
BRDA:523,101,1,0
BRDA:526,102,0,0
BRDA:526,102,1,0
BRDA:529,103,0,0
BRDA:541,104,0,0
BRDA:541,105,0,0
BRDA:541,105,1,0
BRDA:544,106,0,0
BRDA:544,107,0,0
BRDA:544,107,1,0
BRDA:561,108,0,0
BRDA:561,109,0,0
BRDA:561,109,1,0
BRDA:574,110,0,0
BRDA:574,111,0,0
BRDA:574,111,1,0
BRDA:586,112,0,0
BRDA:586,112,1,0
BRDA:587,113,0,0
BRDA:587,113,1,0
BRDA:590,114,0,0
BRDA:590,114,1,0
BRDA:592,115,0,0
BRDA:592,115,1,0
BRDA:594,116,0,0
BRDA:606,117,0,0
BRDA:606,118,0,0
BRDA:606,118,1,0
BRDA:608,119,0,0
BRDA:611,120,0,0
BRDA:611,120,1,0
BRDA:611,121,0,0
BRDA:611,121,1,0
BRDA:617,122,0,0
BRDA:617,123,0,0
BRDA:617,123,1,0
BRDA:630,124,0,0
BRDA:630,125,0,0
BRDA:630,125,1,0
BRDA:635,126,0,0
BRDA:635,126,1,0
BRDA:645,127,0,0
BRDA:645,128,0,0
BRDA:645,128,1,0
BRDA:653,129,0,0
BRDA:653,129,1,0
BRDA:653,130,0,0
BRDA:653,130,1,0
BRDA:656,131,0,0
BRDA:656,132,0,0
BRDA:656,132,1,0
BRDA:661,133,0,0
BRDA:662,134,0,0
BRDA:662,135,0,0
BRDA:662,135,1,0
BRDA:665,136,0,0
BRDA:680,137,0,0
BRDA:680,138,0,0
BRDA:680,138,1,0
BRDA:680,138,2,0
BRDA:680,138,3,0
BRDA:693,139,0,0
BRDA:693,140,0,0
BRDA:693,140,1,0
BRDA:694,141,0,0
BRDA:694,141,1,0
BRDA:695,142,0,0
BRDA:695,142,1,0
BRDA:697,143,0,0
BRDA:703,144,0,0
BRDA:703,145,0,0
BRDA:703,145,1,0
BRDA:710,146,0,0
BRDA:710,147,0,0
BRDA:710,147,1,0
BRDA:710,147,2,0
BRDA:716,148,0,0
BRDA:716,149,0,0
BRDA:716,149,1,0
BRDA:717,150,0,0
BRDA:717,151,0,0
BRDA:717,151,1,0
BRDA:723,152,0,0
BRDA:723,152,1,0
BRDA:725,153,0,0
BRDA:746,154,0,0
BRDA:746,154,1,0
BRDA:747,155,0,0
BRDA:747,155,1,0
BRDA:751,156,0,0
BRDA:759,157,0,0
BRDA:759,157,1,0
BRDA:761,158,0,0
BRDA:761,158,1,0
BRDA:763,159,0,0
BRDA:773,160,0,0
BRDA:773,160,1,0
BRDA:775,161,0,0
BRDA:775,161,1,0
BRDA:782,162,0,0
BRDA:787,163,0,0
BRDA:787,163,1,0
BRDA:788,164,0,0
BRDA:788,164,1,0
BRDA:789,165,0,0
BRDA:794,166,0,0
BRF:260
BRH:0
end_of_record
TN:
SF:lib/supabase.ts
FN:33,(anonymous_1)
FN:35,(anonymous_2)
FNF:2
FNH:0
FNDA:0,(anonymous_1)
FNDA:0,(anonymous_2)
DA:1,1
DA:2,1
DA:5,1
DA:6,1
DA:8,1
DA:9,0
DA:15,1
DA:31,1
DA:33,0
DA:34,0
DA:35,0
DA:36,0
DA:37,0
DA:38,0
DA:39,0
DA:46,1
DA:47,0
LF:17
LH:8
BRDA:8,0,0,0
BRDA:8,1,0,1
BRDA:8,1,1,1
BRDA:31,2,0,0
BRDA:36,3,0,0
BRDA:36,3,1,0
BRDA:38,4,0,0
BRDA:46,5,0,0
BRF:8
BRH:2
end_of_record
TN:
SF:lib/supabaseClient.ts
FNF:0
FNH:0
DA:1,0
DA:2,0
DA:5,0
DA:6,0
DA:8,0
DA:9,0
DA:13,0
DA:17,0
DA:23,0
LF:9
LH:0
BRDA:8,0,0,0
BRDA:8,1,0,0
BRDA:8,1,1,0
BRDA:10,2,0,0
BRDA:10,2,1,0
BRDA:11,3,0,0
BRDA:11,3,1,0
BRF:7
BRH:0
end_of_record
TN:
SF:lib/utils.ts
FN:4,cn
FN:9,isUserVerified
FN:22,getAvatarInitials
FN:47,canAccessVerifiedFeatures
FN:52,getVerificationStatusText
FN:78,formatPhoneE164
FN:94,isValidPhoneE164
FNF:7
FNH:0
FNDA:0,cn
FNDA:0,isUserVerified
FNDA:0,getAvatarInitials
FNDA:0,canAccessVerifiedFeatures
FNDA:0,getVerificationStatusText
FNDA:0,formatPhoneE164
FNDA:0,isValidPhoneE164
DA:1,0
DA:2,0
DA:4,0
DA:5,0
DA:9,0
DA:10,0
DA:15,0
DA:22,0
DA:24,0
DA:28,0
DA:33,0
DA:37,0
DA:42,0
DA:43,0
DA:47,0
DA:48,0
DA:52,0
DA:53,0
DA:55,0
DA:56,0
DA:59,0
DA:60,0
DA:63,0
DA:64,0
DA:67,0
DA:78,0
DA:79,0
DA:82,0
DA:84,0
DA:87,0
DA:94,0
DA:95,0
DA:96,0
DA:97,0
DA:98,0
LF:35
LH:0
BRDA:10,0,0,0
BRDA:16,1,0,0
BRDA:16,1,1,0
BRDA:17,2,0,0
BRDA:17,2,1,0
BRDA:24,3,0,0
BRDA:24,3,1,0
BRDA:24,4,0,0
BRDA:24,4,1,0
BRDA:24,4,2,0
BRDA:28,5,0,0
BRDA:28,5,1,0
BRDA:28,6,0,0
BRDA:28,6,1,0
BRDA:28,6,2,0
BRDA:33,7,0,0
BRDA:33,7,1,0
BRDA:33,8,0,0
BRDA:33,8,1,0
BRDA:37,9,0,0
BRDA:37,9,1,0
BRDA:37,10,0,0
BRDA:37,10,1,0
BRDA:43,11,0,0
BRDA:43,11,1,0
BRDA:53,12,0,0
BRDA:55,13,0,0
BRDA:59,14,0,0
BRDA:63,15,0,0
BRDA:79,16,0,0
BRDA:84,17,0,0
BRDA:95,18,0,0
BRF:32
BRH:0
end_of_record
TN:
SF:lib/constants/daily-practices.ts
FNF:0
FNH:0
DA:1,0
LF:1
LH:0
BRF:0
BRH:0
end_of_record
TN:
SF:lib/constants/mother-tongues.ts
FNF:0
FNH:0
DA:1,0
LF:1
LH:0
BRF:0
BRH:0
end_of_record
TN:
SF:lib/constants/spiritual-orgs.ts
FNF:0
FNH:0
DA:1,0
LF:1
LH:0
BRF:0
BRH:0
end_of_record
TN:
SF:lib/hooks/useLocationData.ts
FN:33,useCountries
FN:38,(anonymous_5)
FN:41,fetchCountries
FN:66,useStates
FN:72,(anonymous_8)
FN:84,fetchStates
FN:107,useCities
FN:113,(anonymous_11)
FN:125,fetchCities
FNF:9
FNH:0
FNDA:0,useCountries
FNDA:0,(anonymous_5)
FNDA:0,fetchCountries
FNDA:0,useStates
FNDA:0,(anonymous_8)
FNDA:0,fetchStates
FNDA:0,useCities
FNDA:0,(anonymous_11)
FNDA:0,fetchCities
DA:3,0
DA:4,0
DA:29,0
DA:30,0
DA:31,0
DA:33,0
DA:34,0
DA:35,0
DA:36,0
DA:38,0
DA:39,0
DA:42,0
DA:43,0
DA:44,0
DA:46,0
DA:47,0
DA:48,0
DA:50,0
DA:51,0
DA:53,0
DA:54,0
DA:56,0
DA:60,0
DA:63,0
DA:66,0
DA:67,0
DA:68,0
DA:69,0
DA:70,0
DA:72,0
DA:73,0
DA:74,0
DA:75,0
DA:78,0
DA:79,0
DA:80,0
DA:81,0
DA:85,0
DA:86,0
DA:87,0
DA:89,0
DA:90,0
DA:91,0
DA:93,0
DA:94,0
DA:95,0
DA:97,0
DA:101,0
DA:104,0
DA:107,0
DA:108,0
DA:109,0
DA:110,0
DA:111,0
DA:113,0
DA:114,0
DA:115,0
DA:116,0
DA:119,0
DA:120,0
DA:121,0
DA:122,0
DA:126,0
DA:127,0
DA:128,0
DA:130,0
DA:131,0
DA:132,0
DA:134,0
DA:135,0
DA:136,0
DA:138,0
DA:142,0
DA:145,0
LF:74
LH:0
BRDA:34,0,0,0
BRDA:34,0,1,0
BRDA:39,1,0,0
BRDA:46,2,0,0
BRDA:47,3,0,0
BRDA:47,3,1,0
BRDA:51,4,0,0
BRDA:51,4,1,0
BRDA:67,5,0,0
BRDA:67,5,1,0
BRDA:68,6,0,0
BRDA:68,6,1,0
BRDA:69,7,0,0
BRDA:69,7,1,0
BRDA:73,8,0,0
BRDA:78,9,0,0
BRDA:89,10,0,0
BRDA:90,11,0,0
BRDA:90,11,1,0
BRDA:94,12,0,0
BRDA:94,12,1,0
BRDA:108,13,0,0
BRDA:108,13,1,0
BRDA:109,14,0,0
BRDA:109,14,1,0
BRDA:110,15,0,0
BRDA:110,15,1,0
BRDA:114,16,0,0
BRDA:119,17,0,0
BRDA:130,18,0,0
BRDA:131,19,0,0
BRDA:131,19,1,0
BRDA:135,20,0,0
BRDA:135,20,1,0
BRF:34
BRH:0
end_of_record
TN:
SF:lib/hooks/useLocations.ts
FN:16,useStates
FN:19,(anonymous_4)
FN:20,fetchStates
FN:35,useCities
FN:38,(anonymous_7)
FN:43,fetchCities
FNF:6
FNH:0
FNDA:0,useStates
FNDA:0,(anonymous_4)
FNDA:0,fetchStates
FNDA:0,useCities
FNDA:0,(anonymous_7)
FNDA:0,fetchCities
DA:1,0
DA:2,0
DA:16,0
DA:17,0
DA:19,0
DA:21,0
DA:25,0
DA:26,0
DA:29,0
DA:32,0
DA:35,0
DA:36,0
DA:38,0
DA:39,0
DA:40,0
DA:41,0
DA:44,0
DA:49,0
DA:50,0
DA:53,0
DA:56,0
LF:21
LH:0
BRDA:25,0,0,0
BRDA:25,1,0,0
BRDA:25,1,1,0
BRDA:39,2,0,0
BRDA:49,3,0,0
BRDA:49,4,0,0
BRDA:49,4,1,0
BRF:7
BRH:0
end_of_record
TN:
SF:lib/types/onboarding.ts
FN:76,validateEnumField
FN:84,validateMobileNumber
FN:96,formatMobileNumber
FNF:3
FNH:0
FNDA:0,validateEnumField
FNDA:0,validateMobileNumber
FNDA:0,formatMobileNumber
DA:67,0
DA:76,0
DA:80,0
DA:84,0
DA:85,0
DA:88,0
DA:91,0
DA:92,0
DA:96,0
DA:98,0
DA:101,0
DA:102,0
DA:105,0
LF:13
LH:0
BRDA:85,0,0,0
BRDA:101,1,0,0
BRDA:101,2,0,0
BRDA:101,2,1,0
BRDA:101,2,2,0
BRF:5
BRH:0
end_of_record
