TN:
SF:components/ui/button.tsx
FN:43,(anonymous_10)
FNF:1
FNH:1
FNDA:1,(anonymous_10)
DA:1,1
DA:2,1
DA:3,1
DA:5,1
DA:7,1
DA:42,1
DA:43,1
DA:44,1
DA:45,1
DA:54,1
DA:56,1
LF:11
LH:11
BRDA:43,0,0,1
BRDA:44,1,0,0
BRDA:44,1,1,1
BRF:3
BRH:2
end_of_record
TN:
SF:lib/analytics.ts
FN:18,(anonymous_7)
FN:23,(anonymous_8)
FN:54,(anonymous_9)
FN:62,(anonymous_10)
FN:71,(anonymous_11)
FN:80,(anonymous_12)
FN:92,(anonymous_13)
FN:111,(anonymous_15)
FN:129,(anonymous_16)
FN:140,(anonymous_17)
FN:148,(anonymous_18)
FN:158,(anonymous_19)
FNF:12
FNH:0
FNDA:0,(anonymous_7)
FNDA:0,(anonymous_8)
FNDA:0,(anonymous_9)
FNDA:0,(anonymous_10)
FNDA:0,(anonymous_11)
FNDA:0,(anonymous_12)
FNDA:0,(anonymous_13)
FNDA:0,(anonymous_15)
FNDA:0,(anonymous_16)
FNDA:0,(anonymous_17)
FNDA:0,(anonymous_18)
FNDA:0,(anonymous_19)
DA:16,0
DA:19,0
DA:24,0
DA:37,0
DA:40,0
DA:41,0
DA:45,0
DA:46,0
DA:50,0
DA:55,0
DA:63,0
DA:72,0
DA:81,0
DA:83,0
DA:84,0
DA:85,0
DA:86,0
DA:88,0
DA:93,0
DA:95,0
DA:96,0
DA:104,0
DA:105,0
DA:112,0
DA:114,0
DA:115,0
DA:116,0
DA:119,0
DA:120,0
DA:122,0
DA:123,0
DA:130,0
DA:132,0
DA:133,0
DA:135,0
DA:141,0
DA:142,0
DA:144,0
DA:149,0
DA:150,0
DA:158,0
DA:160,0
DA:163,0
DA:164,0
DA:165,0
DA:169,0
DA:170,0
DA:171,0
DA:175,0
DA:180,0
DA:186,0
LF:51
LH:0
BRDA:18,0,0,0
BRDA:28,1,0,0
BRDA:28,1,1,0
BRDA:29,2,0,0
BRDA:29,2,1,0
BRDA:40,3,0,0
BRDA:45,4,0,0
BRDA:45,5,0,0
BRDA:45,5,1,0
BRDA:81,6,0,0
BRDA:84,7,0,0
BRDA:93,8,0,0
BRDA:104,9,0,0
BRDA:112,10,0,0
BRDA:115,11,0,0
BRDA:115,11,1,0
BRDA:122,12,0,0
BRDA:130,13,0,0
BRDA:133,14,0,0
BRDA:133,14,1,0
BRDA:141,15,0,0
BRDA:155,16,0,0
BRDA:155,16,1,0
BRDA:160,17,0,0
BRDA:160,17,1,0
BRDA:163,18,0,0
BRDA:163,19,0,0
BRDA:163,19,1,0
BRDA:163,20,0,0
BRDA:163,20,1,0
BRDA:163,21,0,0
BRDA:163,21,1,0
BRDA:165,22,0,0
BRDA:165,22,1,0
BRDA:169,23,0,0
BRDA:169,24,0,0
BRDA:169,24,1,0
BRDA:169,25,0,0
BRDA:169,25,1,0
BRDA:169,26,0,0
BRDA:169,26,1,0
BRDA:171,27,0,0
BRDA:171,27,1,0
BRF:43
BRH:0
end_of_record
TN:
SF:lib/data-service.ts
FN:91,(anonymous_7)
FN:102,(anonymous_8)
FN:127,(anonymous_9)
FN:162,(anonymous_11)
FN:185,(anonymous_13)
FN:211,(anonymous_15)
FN:233,(anonymous_17)
FN:233,(anonymous_18)
FN:237,(anonymous_19)
FN:255,(anonymous_20)
FN:298,(anonymous_22)
FN:298,(anonymous_23)
FN:321,(anonymous_24)
FN:321,(anonymous_25)
FN:327,(anonymous_26)
FN:327,(anonymous_27)
FN:343,(anonymous_28)
FN:403,(anonymous_30)
FN:403,(anonymous_31)
FN:414,(anonymous_32)
FN:440,(anonymous_33)
FN:440,(anonymous_34)
FN:444,(anonymous_35)
FN:444,(anonymous_36)
FN:448,(anonymous_37)
FN:470,(anonymous_38)
FN:489,(anonymous_40)
FN:518,(anonymous_42)
FN:561,(anonymous_44)
FN:592,(anonymous_46)
FN:614,(anonymous_48)
FN:637,(anonymous_50)
FN:671,(anonymous_52)
FNF:33
FNH:0
FNDA:0,(anonymous_7)
FNDA:0,(anonymous_8)
FNDA:0,(anonymous_9)
FNDA:0,(anonymous_11)
FNDA:0,(anonymous_13)
FNDA:0,(anonymous_15)
FNDA:0,(anonymous_17)
FNDA:0,(anonymous_18)
FNDA:0,(anonymous_19)
FNDA:0,(anonymous_20)
FNDA:0,(anonymous_22)
FNDA:0,(anonymous_23)
FNDA:0,(anonymous_24)
FNDA:0,(anonymous_25)
FNDA:0,(anonymous_26)
FNDA:0,(anonymous_27)
FNDA:0,(anonymous_28)
FNDA:0,(anonymous_30)
FNDA:0,(anonymous_31)
FNDA:0,(anonymous_32)
FNDA:0,(anonymous_33)
FNDA:0,(anonymous_34)
FNDA:0,(anonymous_35)
FNDA:0,(anonymous_36)
FNDA:0,(anonymous_37)
FNDA:0,(anonymous_38)
FNDA:0,(anonymous_40)
FNDA:0,(anonymous_42)
FNDA:0,(anonymous_44)
FNDA:0,(anonymous_46)
FNDA:0,(anonymous_48)
FNDA:0,(anonymous_50)
FNDA:0,(anonymous_52)
DA:1,0
DA:90,0
DA:93,0
DA:94,0
DA:96,0
DA:97,0
DA:102,0
DA:103,0
DA:105,0
DA:106,0
DA:109,0
DA:110,0
DA:113,0
DA:114,0
DA:117,0
DA:125,0
DA:128,0
DA:132,0
DA:134,0
DA:135,0
DA:136,0
DA:137,0
DA:138,0
DA:140,0
DA:143,0
DA:149,0
DA:150,0
DA:152,0
DA:153,0
DA:155,0
DA:157,0
DA:158,0
DA:163,0
DA:164,0
DA:165,0
DA:167,0
DA:177,0
DA:178,0
DA:180,0
DA:186,0
DA:187,0
DA:188,0
DA:190,0
DA:203,0
DA:204,0
DA:206,0
DA:212,0
DA:213,0
DA:225,0
DA:226,0
DA:227,0
DA:231,0
DA:232,0
DA:233,0
DA:234,0
DA:237,0
DA:241,0
DA:242,0
DA:245,0
DA:247,0
DA:253,0
DA:256,0
DA:259,0
DA:260,0
DA:261,0
DA:265,0
DA:266,0
DA:267,0
DA:271,0
DA:272,0
DA:273,0
DA:277,0
DA:278,0
DA:282,0
DA:283,0
DA:284,0
DA:287,0
DA:289,0
DA:290,0
DA:292,0
DA:293,0
DA:298,0
DA:299,0
DA:300,0
DA:301,0
DA:303,0
DA:304,0
DA:306,0
DA:313,0
DA:314,0
DA:316,0
DA:321,0
DA:323,0
DA:327,0
DA:328,0
DA:329,0
DA:333,0
DA:335,0
DA:341,0
DA:344,0
DA:345,0
DA:346,0
DA:349,0
DA:356,0
DA:357,0
DA:361,0
DA:362,0
DA:363,0
DA:371,0
DA:372,0
DA:375,0
DA:376,0
DA:378,0
DA:387,0
DA:394,0
DA:396,0
DA:398,0
DA:403,0
DA:404,0
DA:405,0
DA:406,0
DA:409,0
DA:414,0
DA:417,0
DA:430,0
DA:431,0
DA:434,0
DA:436,0
DA:439,0
DA:440,0
DA:442,0
DA:443,0
DA:444,0
DA:445,0
DA:448,0
DA:452,0
DA:453,0
DA:456,0
DA:460,0
DA:462,0
DA:468,0
DA:471,0
DA:472,0
DA:473,0
DA:475,0
DA:481,0
DA:482,0
DA:484,0
DA:490,0
DA:491,0
DA:492,0
DA:494,0
DA:501,0
DA:503,0
DA:504,0
DA:506,0
DA:508,0
DA:510,0
DA:516,0
DA:519,0
DA:520,0
DA:521,0
DA:524,0
DA:531,0
DA:532,0
DA:535,0
DA:546,0
DA:549,0
DA:554,0
DA:556,0
DA:562,0
DA:563,0
DA:564,0
DA:567,0
DA:574,0
DA:575,0
DA:578,0
DA:584,0
DA:585,0
DA:587,0
DA:593,0
DA:594,0
DA:595,0
DA:597,0
DA:604,0
DA:606,0
DA:612,0
DA:615,0
DA:616,0
DA:617,0
DA:619,0
DA:620,0
DA:622,0
DA:623,0
DA:624,0
DA:626,0
DA:629,0
DA:631,0
DA:632,0
DA:642,0
DA:643,0
DA:644,0
DA:646,0
DA:648,0
DA:655,0
DA:657,0
DA:663,0
DA:669,0
DA:672,0
DA:673,0
DA:674,0
DA:678,0
DA:680,0
LF:213
LH:0
BRDA:105,0,0,0
BRDA:109,1,0,0
BRDA:113,2,0,0
BRDA:113,3,0,0
BRDA:113,3,1,0
BRDA:113,4,0,0
BRDA:113,4,1,0
BRDA:118,5,0,0
BRDA:118,5,1,0
BRDA:134,6,0,0
BRDA:136,7,0,0
BRDA:136,8,0,0
BRDA:136,8,1,0
BRDA:149,9,0,0
BRDA:152,10,0,0
BRDA:165,11,0,0
BRDA:177,12,0,0
BRDA:188,13,0,0
BRDA:203,14,0,0
BRDA:225,15,0,0
BRDA:226,16,0,0
BRDA:231,17,0,0
BRDA:231,18,0,0
BRDA:231,18,1,0
BRDA:241,19,0,0
BRDA:256,20,0,0
BRDA:259,21,0,0
BRDA:265,22,0,0
BRDA:271,23,0,0
BRDA:271,24,0,0
BRDA:271,24,1,0
BRDA:277,25,0,0
BRDA:277,26,0,0
BRDA:277,26,1,0
BRDA:298,27,0,0
BRDA:301,28,0,0
BRDA:313,29,0,0
BRDA:321,30,0,0
BRDA:327,31,0,0
BRDA:333,32,0,0
BRDA:346,33,0,0
BRDA:356,34,0,0
BRDA:362,35,0,0
BRDA:362,36,0,0
BRDA:362,36,1,0
BRDA:371,37,0,0
BRDA:375,38,0,0
BRDA:375,38,1,0
BRDA:376,39,0,0
BRDA:376,39,1,0
BRDA:394,40,0,0
BRDA:403,41,0,0
BRDA:406,42,0,0
BRDA:414,43,0,0
BRDA:414,43,1,0
BRDA:414,44,0,0
BRDA:414,44,1,0
BRDA:414,45,0,0
BRDA:414,45,1,0
BRDA:430,46,0,0
BRDA:436,47,0,0
BRDA:440,48,0,0
BRDA:440,48,1,0
BRDA:442,49,0,0
BRDA:442,50,0,0
BRDA:442,50,1,0
BRDA:452,51,0,0
BRDA:473,52,0,0
BRDA:481,53,0,0
BRDA:482,54,0,0
BRDA:482,54,1,0
BRDA:492,55,0,0
BRDA:501,56,0,0
BRDA:501,57,0,0
BRDA:501,57,1,0
BRDA:503,58,0,0
BRDA:503,58,1,0
BRDA:506,59,0,0
BRDA:521,60,0,0
BRDA:531,61,0,0
BRDA:546,62,0,0
BRDA:564,63,0,0
BRDA:574,64,0,0
BRDA:584,65,0,0
BRDA:585,66,0,0
BRDA:585,66,1,0
BRDA:595,67,0,0
BRDA:604,68,0,0
BRDA:617,69,0,0
BRDA:620,70,0,0
BRDA:622,71,0,0
BRDA:622,72,0,0
BRDA:622,72,1,0
BRDA:623,73,0,0
BRDA:644,74,0,0
BRDA:655,75,0,0
BRDA:655,76,0,0
BRDA:655,76,1,0
BRDA:657,77,0,0
BRDA:657,77,1,0
BRDA:674,78,0,0
BRF:101
BRH:0
end_of_record
TN:
SF:lib/logger.ts
FN:3,debugLog
FNF:1
FNH:0
FNDA:0,debugLog
DA:1,0
DA:3,0
DA:4,0
DA:6,0
LF:4
LH:0
BRDA:4,0,0,0
BRF:1
BRH:0
end_of_record
TN:
SF:lib/matching-engine.ts
FN:46,(anonymous_7)
FN:53,(anonymous_8)
FN:116,(anonymous_9)
FN:125,(anonymous_10)
FN:142,(anonymous_11)
FN:175,(anonymous_12)
FN:203,(anonymous_13)
FN:245,(anonymous_14)
FN:295,(anonymous_15)
FN:324,(anonymous_16)
FN:336,(anonymous_17)
FN:337,(anonymous_18)
FN:338,(anonymous_19)
FN:362,(anonymous_20)
FN:392,(anonymous_21)
FN:418,(anonymous_22)
FN:444,(anonymous_23)
FN:471,(anonymous_24)
FN:482,(anonymous_25)
FN:511,(anonymous_26)
FN:537,(anonymous_27)
FN:559,(anonymous_28)
FN:560,(anonymous_29)
FN:569,(anonymous_30)
FN:605,(anonymous_31)
FN:629,(anonymous_32)
FN:635,(anonymous_33)
FN:641,(anonymous_34)
FN:672,(anonymous_35)
FN:689,(anonymous_36)
FN:696,(anonymous_37)
FN:735,(anonymous_38)
FN:736,(anonymous_40)
FN:742,(anonymous_41)
FN:778,(anonymous_42)
FNF:35
FNH:23
FNDA:2,(anonymous_7)
FNDA:2,(anonymous_8)
FNDA:2,(anonymous_9)
FNDA:4,(anonymous_10)
FNDA:2,(anonymous_11)
FNDA:2,(anonymous_12)
FNDA:2,(anonymous_13)
FNDA:2,(anonymous_14)
FNDA:2,(anonymous_15)
FNDA:2,(anonymous_16)
FNDA:0,(anonymous_17)
FNDA:0,(anonymous_18)
FNDA:0,(anonymous_19)
FNDA:2,(anonymous_20)
FNDA:2,(anonymous_21)
FNDA:2,(anonymous_22)
FNDA:2,(anonymous_23)
FNDA:0,(anonymous_24)
FNDA:4,(anonymous_25)
FNDA:2,(anonymous_26)
FNDA:2,(anonymous_27)
FNDA:0,(anonymous_28)
FNDA:0,(anonymous_29)
FNDA:2,(anonymous_30)
FNDA:2,(anonymous_31)
FNDA:2,(anonymous_32)
FNDA:0,(anonymous_33)
FNDA:4,(anonymous_34)
FNDA:0,(anonymous_35)
FNDA:2,(anonymous_36)
FNDA:2,(anonymous_37)
FNDA:0,(anonymous_38)
FNDA:0,(anonymous_40)
FNDA:0,(anonymous_41)
FNDA:0,(anonymous_42)
DA:33,1
DA:43,1
DA:47,2
DA:54,2
DA:55,2
DA:56,2
DA:57,2
DA:58,2
DA:59,2
DA:60,2
DA:63,2
DA:74,2
DA:84,2
DA:94,2
DA:96,2
DA:117,2
DA:118,2
DA:119,2
DA:122,2
DA:123,2
DA:124,2
DA:125,4
DA:126,2
DA:127,2
DA:129,2
DA:130,1
DA:131,1
DA:132,0
DA:133,1
DA:134,1
DA:139,2
DA:140,2
DA:141,2
DA:142,2
DA:143,2
DA:144,2
DA:146,2
DA:147,1
DA:152,2
DA:153,2
DA:154,2
DA:155,2
DA:158,2
DA:159,2
DA:160,2
DA:161,2
DA:164,2
DA:165,2
DA:166,2
DA:167,2
DA:169,2
DA:176,2
DA:177,2
DA:178,2
DA:181,2
DA:182,2
DA:183,2
DA:186,2
DA:187,2
DA:188,2
DA:189,2
DA:192,2
DA:193,2
DA:194,2
DA:195,2
DA:197,2
DA:204,2
DA:205,2
DA:206,2
DA:209,2
DA:210,2
DA:213,2
DA:214,2
DA:215,2
DA:216,2
DA:217,0
DA:218,0
DA:222,2
DA:223,0
DA:224,0
DA:225,0
DA:226,0
DA:231,2
DA:232,0
DA:233,0
DA:234,0
DA:235,0
DA:239,2
DA:246,2
DA:247,2
DA:248,2
DA:251,2
DA:252,0
DA:253,0
DA:254,0
DA:256,0
DA:257,0
DA:258,0
DA:259,0
DA:260,0
DA:261,0
DA:262,0
DA:263,0
DA:264,0
DA:265,0
DA:266,0
DA:271,2
DA:272,2
DA:273,2
DA:274,0
DA:275,0
DA:276,0
DA:277,0
DA:278,0
DA:279,0
DA:281,0
DA:285,2
DA:286,2
DA:287,2
DA:289,2
DA:296,2
DA:297,2
DA:298,2
DA:301,2
DA:302,0
DA:303,0
DA:307,2
DA:308,0
DA:309,0
DA:310,0
DA:312,0
DA:313,0
DA:314,0
DA:318,2
DA:325,2
DA:326,2
DA:327,2
DA:330,2
DA:331,0
DA:332,0
DA:335,0
DA:336,0
DA:337,0
DA:338,0
DA:340,0
DA:341,0
DA:342,0
DA:343,0
DA:344,0
DA:345,0
DA:350,2
DA:351,2
DA:352,0
DA:353,0
DA:356,2
DA:363,2
DA:364,2
DA:365,2
DA:368,2
DA:369,2
DA:371,2
DA:372,1
DA:373,1
DA:374,1
DA:375,0
DA:379,2
DA:380,0
DA:381,0
DA:382,0
DA:383,0
DA:387,2
DA:393,2
DA:394,2
DA:395,2
DA:397,2
DA:399,2
DA:403,2
DA:404,2
DA:405,2
DA:407,2
DA:408,1
DA:409,1
DA:410,0
DA:411,1
DA:412,1
DA:415,0
DA:419,2
DA:421,2
DA:422,1
DA:426,1
DA:433,1
DA:434,0
DA:437,1
DA:445,2
DA:447,2
DA:448,1
DA:456,1
DA:457,0
DA:464,1
DA:472,0
DA:473,0
DA:474,0
DA:475,0
DA:476,0
DA:477,0
DA:479,0
DA:483,4
DA:486,4
DA:487,4
DA:488,4
DA:489,4
DA:492,4
DA:493,4
DA:494,4
DA:495,4
DA:496,4
DA:499,4
DA:500,4
DA:501,4
DA:502,4
DA:505,4
DA:506,4
DA:508,4
DA:512,2
DA:513,2
DA:515,2
DA:516,2
DA:519,0
DA:520,0
DA:521,0
DA:523,0
DA:524,0
DA:525,0
DA:526,0
DA:527,0
DA:528,0
DA:529,0
DA:530,0
DA:531,0
DA:534,0
DA:538,2
DA:539,2
DA:541,2
DA:544,0
DA:546,0
DA:550,0
DA:558,0
DA:559,0
DA:560,0
DA:561,0
DA:562,0
DA:566,0
DA:570,2
DA:571,2
DA:572,2
DA:574,2
DA:577,0
DA:586,0
DA:587,0
DA:588,0
DA:590,0
DA:591,0
DA:592,0
DA:593,0
DA:594,0
DA:595,0
DA:602,0
DA:606,2
DA:608,0
DA:609,0
DA:617,0
DA:618,0
DA:622,0
DA:630,2
DA:632,0
DA:633,0
DA:635,0
DA:636,0
DA:638,0
DA:642,4
DA:645,4
DA:646,4
DA:650,4
DA:653,4
DA:656,4
DA:657,4
DA:661,4
DA:662,4
DA:665,4
DA:666,0
DA:669,4
DA:674,0
DA:679,0
DA:680,0
DA:682,0
DA:686,0
DA:690,2
DA:693,2
DA:694,2
DA:695,2
DA:696,2
DA:697,2
DA:698,1
DA:703,2
DA:704,0
DA:708,0
DA:709,0
DA:710,0
DA:711,0
DA:716,2
DA:717,2
DA:718,0
DA:723,2
DA:724,2
DA:725,0
DA:726,0
DA:729,2
DA:736,0
DA:742,0
DA:743,0
DA:746,0
DA:747,0
DA:749,0
DA:750,0
DA:751,0
DA:753,0
DA:754,0
DA:758,0
DA:759,0
DA:760,0
DA:761,0
DA:762,0
DA:765,0
DA:778,0
DA:780,0
DA:781,0
DA:785,0
DA:786,0
DA:787,0
DA:788,0
DA:792,0
DA:793,0
DA:797,0
DA:803,1
LF:344
LH:191
BRDA:122,0,0,2
BRDA:122,1,0,2
BRDA:122,1,1,2
BRDA:123,2,0,2
BRDA:123,2,1,0
BRDA:124,3,0,2
BRDA:124,3,1,0
BRDA:129,4,0,1
BRDA:129,4,1,1
BRDA:131,5,0,0
BRDA:131,5,1,1
BRDA:133,6,0,1
BRDA:133,7,0,1
BRDA:133,7,1,1
BRDA:139,8,0,2
BRDA:139,9,0,2
BRDA:139,9,1,2
BRDA:140,10,0,2
BRDA:140,10,1,0
BRDA:141,11,0,2
BRDA:141,11,1,0
BRDA:146,12,0,1
BRDA:147,13,0,0
BRDA:147,13,1,1
BRDA:154,14,0,1
BRDA:155,15,0,1
BRDA:160,16,0,1
BRDA:161,17,0,1
BRDA:166,18,0,1
BRDA:167,19,0,1
BRDA:183,20,0,0
BRDA:188,21,0,0
BRDA:189,22,0,0
BRDA:194,23,0,0
BRDA:195,24,0,0
BRDA:214,25,0,2
BRDA:214,25,1,0
BRDA:217,26,0,0
BRDA:222,27,0,0
BRDA:222,28,0,2
BRDA:222,28,1,0
BRDA:224,29,0,0
BRDA:231,30,0,0
BRDA:231,31,0,2
BRDA:231,31,1,0
BRDA:233,32,0,0
BRDA:251,33,0,0
BRDA:251,34,0,2
BRDA:251,34,1,0
BRDA:256,35,0,0
BRDA:256,35,1,0
BRDA:259,36,0,0
BRDA:259,36,1,0
BRDA:262,37,0,0
BRDA:262,37,1,0
BRDA:265,38,0,0
BRDA:271,39,0,2
BRDA:271,39,1,0
BRDA:274,40,0,0
BRDA:274,40,1,0
BRDA:277,41,0,0
BRDA:277,41,1,0
BRDA:287,42,0,0
BRDA:301,43,0,0
BRDA:301,44,0,2
BRDA:301,44,1,0
BRDA:307,45,0,0
BRDA:307,46,0,2
BRDA:307,46,1,0
BRDA:312,47,0,0
BRDA:330,48,0,0
BRDA:330,49,0,2
BRDA:330,49,1,0
BRDA:340,50,0,0
BRDA:340,50,1,0
BRDA:343,51,0,0
BRDA:351,52,0,0
BRDA:371,53,0,1
BRDA:371,53,1,1
BRDA:374,54,0,0
BRDA:379,55,0,0
BRDA:379,56,0,2
BRDA:379,56,1,0
BRDA:379,56,2,0
BRDA:379,56,3,0
BRDA:382,57,0,0
BRDA:397,58,0,0
BRDA:397,59,0,2
BRDA:397,59,1,2
BRDA:403,60,0,2
BRDA:403,60,1,0
BRDA:404,61,0,2
BRDA:404,61,1,0
BRDA:407,62,0,1
BRDA:407,62,1,1
BRDA:409,63,0,0
BRDA:409,63,1,1
BRDA:411,64,0,1
BRDA:419,65,0,0
BRDA:419,66,0,2
BRDA:419,66,1,2
BRDA:421,67,0,1
BRDA:433,68,0,0
BRDA:433,69,0,0
BRDA:433,69,1,1
BRDA:433,70,0,1
BRDA:433,70,1,1
BRDA:445,71,0,0
BRDA:445,72,0,2
BRDA:445,72,1,2
BRDA:447,73,0,1
BRDA:456,74,0,0
BRDA:456,75,0,1
BRDA:456,75,1,1
BRDA:476,76,0,0
BRDA:476,77,0,0
BRDA:476,77,1,0
BRDA:476,77,2,0
BRDA:486,78,0,0
BRDA:487,79,0,0
BRDA:488,80,0,0
BRDA:488,81,0,4
BRDA:488,81,1,0
BRDA:489,82,0,0
BRDA:489,83,0,4
BRDA:489,83,1,0
BRDA:492,84,0,4
BRDA:492,85,0,4
BRDA:492,85,1,4
BRDA:492,85,2,4
BRDA:493,86,0,3
BRDA:493,87,0,4
BRDA:493,87,1,4
BRDA:493,87,2,4
BRDA:494,88,0,0
BRDA:494,89,0,4
BRDA:494,89,1,0
BRDA:495,90,0,4
BRDA:496,91,0,4
BRDA:499,92,0,0
BRDA:500,93,0,0
BRDA:501,94,0,0
BRDA:502,95,0,0
BRDA:502,96,0,4
BRDA:502,96,1,0
BRDA:502,96,2,0
BRDA:505,97,0,0
BRDA:505,98,0,4
BRDA:505,98,1,0
BRDA:506,99,0,0
BRDA:506,100,0,4
BRDA:506,100,1,0
BRDA:515,101,0,2
BRDA:515,102,0,2
BRDA:515,102,1,0
BRDA:515,102,2,0
BRDA:515,102,3,0
BRDA:523,103,0,0
BRDA:523,103,1,0
BRDA:526,104,0,0
BRDA:526,104,1,0
BRDA:529,105,0,0
BRDA:541,106,0,2
BRDA:541,107,0,2
BRDA:541,107,1,0
BRDA:544,108,0,0
BRDA:544,109,0,0
BRDA:544,109,1,0
BRDA:561,110,0,0
BRDA:561,111,0,0
BRDA:561,111,1,0
BRDA:574,112,0,2
BRDA:574,113,0,2
BRDA:574,113,1,0
BRDA:586,114,0,0
BRDA:586,114,1,0
BRDA:587,115,0,0
BRDA:587,115,1,0
BRDA:590,116,0,0
BRDA:590,116,1,0
BRDA:592,117,0,0
BRDA:592,117,1,0
BRDA:594,118,0,0
BRDA:606,119,0,2
BRDA:606,120,0,2
BRDA:606,120,1,0
BRDA:608,121,0,0
BRDA:611,122,0,0
BRDA:611,122,1,0
BRDA:611,123,0,0
BRDA:611,123,1,0
BRDA:617,124,0,0
BRDA:617,125,0,0
BRDA:617,125,1,0
BRDA:630,126,0,2
BRDA:630,127,0,2
BRDA:630,127,1,0
BRDA:635,128,0,0
BRDA:635,128,1,0
BRDA:645,129,0,4
BRDA:645,130,0,4
BRDA:645,130,1,4
BRDA:653,131,0,4
BRDA:653,131,1,0
BRDA:653,132,0,4
BRDA:653,132,1,0
BRDA:656,133,0,4
BRDA:656,134,0,4
BRDA:656,134,1,4
BRDA:661,135,0,4
BRDA:662,136,0,0
BRDA:662,137,0,4
BRDA:662,137,1,0
BRDA:665,138,0,0
BRDA:680,139,0,0
BRDA:680,140,0,0
BRDA:680,140,1,0
BRDA:680,140,2,0
BRDA:680,140,3,0
BRDA:693,141,0,2
BRDA:693,142,0,2
BRDA:693,142,1,2
BRDA:694,143,0,2
BRDA:694,143,1,0
BRDA:695,144,0,2
BRDA:695,144,1,0
BRDA:697,145,0,1
BRDA:703,146,0,0
BRDA:703,147,0,2
BRDA:703,147,1,0
BRDA:710,148,0,0
BRDA:710,149,0,0
BRDA:710,149,1,0
BRDA:710,149,2,0
BRDA:716,150,0,2
BRDA:716,151,0,2
BRDA:716,151,1,2
BRDA:717,152,0,0
BRDA:717,153,0,2
BRDA:717,153,1,2
BRDA:723,154,0,2
BRDA:723,154,1,0
BRDA:725,155,0,0
BRDA:746,156,0,0
BRDA:746,156,1,0
BRDA:747,157,0,0
BRDA:747,157,1,0
BRDA:751,158,0,0
BRDA:759,159,0,0
BRDA:759,159,1,0
BRDA:761,160,0,0
BRDA:771,161,0,0
BRDA:771,161,1,0
BRDA:773,162,0,0
BRDA:773,162,1,0
BRDA:780,163,0,0
BRDA:785,164,0,0
BRDA:785,164,1,0
BRDA:786,165,0,0
BRDA:786,165,1,0
BRDA:787,166,0,0
BRDA:792,167,0,0
BRF:262
BRH:103
end_of_record
TN:
SF:lib/supabase.ts
FNF:0
FNH:0
DA:1,0
DA:4,0
DA:5,0
DA:7,0
DA:8,0
DA:14,0
DA:20,0
DA:21,0
LF:8
LH:0
BRDA:7,0,0,0
BRDA:7,1,0,0
BRDA:7,1,1,0
BRDA:20,2,0,0
BRF:4
BRH:0
end_of_record
TN:
SF:lib/supabaseClient.ts
FNF:0
FNH:0
DA:1,0
DA:4,0
DA:5,0
DA:7,0
DA:8,0
DA:12,0
DA:16,0
DA:22,0
LF:8
LH:0
BRDA:7,0,0,0
BRDA:7,1,0,0
BRDA:7,1,1,0
BRDA:9,2,0,0
BRDA:9,2,1,0
BRDA:10,3,0,0
BRDA:10,3,1,0
BRF:7
BRH:0
end_of_record
TN:
SF:lib/utils.ts
FN:4,cn
FN:9,isUserVerified
FN:22,canAccessVerifiedFeatures
FN:27,getVerificationStatusText
FN:53,formatPhoneE164
FN:69,isValidPhoneE164
FNF:6
FNH:5
FNDA:3,cn
FNDA:9,isUserVerified
FNDA:0,canAccessVerifiedFeatures
FNDA:5,getVerificationStatusText
FNDA:3,formatPhoneE164
FNDA:4,isValidPhoneE164
DA:1,3
DA:2,3
DA:4,3
DA:5,3
DA:9,3
DA:10,9
DA:15,8
DA:22,3
DA:23,0
DA:27,3
DA:28,5
DA:30,4
DA:31,1
DA:34,3
DA:35,1
DA:38,2
DA:39,1
DA:42,1
DA:53,3
DA:54,3
DA:57,2
DA:59,2
DA:62,2
DA:69,3
DA:70,4
DA:71,4
DA:72,4
DA:73,4
LF:28
LH:27
BRDA:10,0,0,1
BRDA:16,1,0,8
BRDA:16,1,1,6
BRDA:17,2,0,2
BRDA:17,2,1,4
BRDA:17,3,0,6
BRDA:17,3,1,6
BRDA:17,4,0,0
BRDA:17,4,1,6
BRDA:17,5,0,6
BRDA:17,5,1,6
BRDA:28,6,0,1
BRDA:30,7,0,1
BRDA:34,8,0,1
BRDA:38,9,0,1
BRDA:54,10,0,1
BRDA:59,11,0,0
BRDA:70,12,0,0
BRF:18
BRH:15
end_of_record
TN:
SF:lib/constants/daily-practices.ts
FNF:0
FNH:0
DA:1,0
LF:1
LH:0
BRF:0
BRH:0
end_of_record
TN:
SF:lib/constants/mother-tongues.ts
FNF:0
FNH:0
DA:1,0
LF:1
LH:0
BRF:0
BRH:0
end_of_record
TN:
SF:lib/constants/spiritual-orgs.ts
FNF:0
FNH:0
DA:1,0
LF:1
LH:0
BRF:0
BRH:0
end_of_record
TN:
SF:lib/hooks/useLocationData.ts
FN:33,useCountries
FN:38,(anonymous_8)
FN:41,fetchCountries
FN:66,useStates
FN:72,(anonymous_12)
FN:84,fetchStates
FN:107,useCities
FN:113,(anonymous_16)
FN:125,fetchCities
FNF:9
FNH:0
FNDA:0,useCountries
FNDA:0,(anonymous_8)
FNDA:0,fetchCountries
FNDA:0,useStates
FNDA:0,(anonymous_12)
FNDA:0,fetchStates
FNDA:0,useCities
FNDA:0,(anonymous_16)
FNDA:0,fetchCities
DA:3,0
DA:4,0
DA:29,0
DA:30,0
DA:31,0
DA:33,0
DA:34,0
DA:35,0
DA:36,0
DA:38,0
DA:39,0
DA:42,0
DA:43,0
DA:44,0
DA:46,0
DA:47,0
DA:48,0
DA:50,0
DA:51,0
DA:53,0
DA:54,0
DA:56,0
DA:60,0
DA:63,0
DA:66,0
DA:67,0
DA:68,0
DA:69,0
DA:70,0
DA:72,0
DA:73,0
DA:74,0
DA:75,0
DA:78,0
DA:79,0
DA:80,0
DA:81,0
DA:85,0
DA:86,0
DA:87,0
DA:89,0
DA:90,0
DA:91,0
DA:93,0
DA:94,0
DA:95,0
DA:97,0
DA:101,0
DA:104,0
DA:107,0
DA:108,0
DA:109,0
DA:110,0
DA:111,0
DA:113,0
DA:114,0
DA:115,0
DA:116,0
DA:119,0
DA:120,0
DA:121,0
DA:122,0
DA:126,0
DA:127,0
DA:128,0
DA:130,0
DA:131,0
DA:132,0
DA:134,0
DA:135,0
DA:136,0
DA:138,0
DA:142,0
DA:145,0
LF:74
LH:0
BRDA:34,0,0,0
BRDA:34,0,1,0
BRDA:39,1,0,0
BRDA:46,2,0,0
BRDA:47,3,0,0
BRDA:47,3,1,0
BRDA:51,4,0,0
BRDA:51,4,1,0
BRDA:67,5,0,0
BRDA:67,5,1,0
BRDA:68,6,0,0
BRDA:68,6,1,0
BRDA:69,7,0,0
BRDA:69,7,1,0
BRDA:73,8,0,0
BRDA:78,9,0,0
BRDA:89,10,0,0
BRDA:90,11,0,0
BRDA:90,11,1,0
BRDA:94,12,0,0
BRDA:94,12,1,0
BRDA:108,13,0,0
BRDA:108,13,1,0
BRDA:109,14,0,0
BRDA:109,14,1,0
BRDA:110,15,0,0
BRDA:110,15,1,0
BRDA:114,16,0,0
BRDA:119,17,0,0
BRDA:130,18,0,0
BRDA:131,19,0,0
BRDA:131,19,1,0
BRDA:135,20,0,0
BRDA:135,20,1,0
BRF:34
BRH:0
end_of_record
TN:
SF:lib/hooks/useLocations.ts
FN:16,useStates
FN:19,(anonymous_8)
FN:20,fetchStates
FN:35,useCities
FN:38,(anonymous_12)
FN:43,fetchCities
FNF:6
FNH:0
FNDA:0,useStates
FNDA:0,(anonymous_8)
FNDA:0,fetchStates
FNDA:0,useCities
FNDA:0,(anonymous_12)
FNDA:0,fetchCities
DA:1,0
DA:2,0
DA:16,0
DA:17,0
DA:19,0
DA:21,0
DA:25,0
DA:26,0
DA:29,0
DA:32,0
DA:35,0
DA:36,0
DA:38,0
DA:39,0
DA:40,0
DA:41,0
DA:44,0
DA:49,0
DA:50,0
DA:53,0
DA:56,0
LF:21
LH:0
BRDA:25,0,0,0
BRDA:25,1,0,0
BRDA:25,1,1,0
BRDA:39,2,0,0
BRDA:49,3,0,0
BRDA:49,4,0,0
BRDA:49,4,1,0
BRF:7
BRH:0
end_of_record
TN:
SF:lib/types/onboarding.ts
FN:76,validateEnumField
FN:84,validateMobileNumber
FN:96,formatMobileNumber
FNF:3
FNH:0
FNDA:0,validateEnumField
FNDA:0,validateMobileNumber
FNDA:0,formatMobileNumber
DA:67,0
DA:76,0
DA:80,0
DA:84,0
DA:85,0
DA:88,0
DA:91,0
DA:92,0
DA:96,0
DA:98,0
DA:101,0
DA:102,0
DA:105,0
LF:13
LH:0
BRDA:85,0,0,0
BRDA:101,1,0,0
BRDA:101,2,0,0
BRDA:101,2,1,0
BRDA:101,2,2,0
BRF:5
BRH:0
end_of_record
